#
# There is insufficient memory for the Java Runtime Environment to continue.
# Native memory allocation (malloc) failed to allocate 147849216 bytes for committing reserved memory.
# Possible reasons:
#   The system is out of physical RAM or swap space
#   In 32 bit mode, the process size limit was hit
# Possible solutions:
#   Reduce memory load on the system
#   Increase physical memory or swap space
#   Check if swap backing store is full
#   Use 64 bit Java on a 64 bit OS
#   Decrease Java heap size (-Xmx/-Xms)
#   Decrease number of Java threads
#   Decrease Java thread stack sizes (-Xss)
#   Set larger code cache with -XX:ReservedCodeCacheSize=
# This output file may be truncated or incomplete.
#
#  Out of Memory Error (os_linux.cpp:2827), pid=7002, tid=139880588666624
#
# JRE version: OpenJDK Runtime Environment (7.0_95) (build 1.7.0_95-b00)
# Java VM: OpenJDK 64-Bit Server VM (24.95-b01 mixed mode linux-amd64 compressed oops)
# Derivative: IcedTea 2.6.4
# Distribution: Ubuntu 15.10, package 7u95-2.6.4-0ubuntu0.15.10.2
# Failed to write core dump. Core dumps have been disabled. To enable core dumping, try "ulimit -c unlimited" before starting Java again
#

---------------  T H R E A D  ---------------

Current thread (0x00007f3878076000):  VMThread [stack: 0x00007f387cbc6000,0x00007f387ccc7000] [id=7011]

Stack: [0x00007f387cbc6000,0x00007f387ccc7000],  sp=0x00007f387ccc54f0,  free space=1021k
Native frames: (J=compiled Java code, j=interpreted, Vv=VM code, C=native code)
V  [libjvm.so+0x9948f3]
V  [libjvm.so+0x48a9df]
V  [libjvm.so+0x80143b]
V  [libjvm.so+0x7fb82e]
V  [libjvm.so+0x871c4b]
V  [libjvm.so+0x873593]
V  [libjvm.so+0x86f818]
V  [libjvm.so+0x86fafc]
V  [libjvm.so+0x824df3]
V  [libjvm.so+0x996392]
V  [libjvm.so+0x99b0d7]
V  [libjvm.so+0x998968]
V  [libjvm.so+0x999cdf]
V  [libjvm.so+0x99a1d1]
V  [libjvm.so+0x7fe362]

VM_Operation (0x00007f3870a00010): ParallelGCFailedAllocation, mode: safepoint, requested by thread 0x00007f38781b9800


---------------  P R O C E S S  ---------------

Java Threads: ( => current thread )
  0x00007f38781bb000 JavaThread "pool-1-thread-4" [_thread_blocked, id=7023, stack(0x00007f3870800000,0x00007f3870901000)]
  0x00007f38781b9800 JavaThread "pool-1-thread-3" [_thread_blocked, id=7022, stack(0x00007f3870901000,0x00007f3870a02000)]
  0x00007f38781ad800 JavaThread "pool-1-thread-2" [_thread_blocked, id=7021, stack(0x00007f3870a02000,0x00007f3870b03000)]
  0x00007f38781ab000 JavaThread "pool-2-thread-1" [_thread_blocked, id=7020, stack(0x00007f3870b03000,0x00007f3870c04000)]
  0x00007f38781a9800 JavaThread "pool-1-thread-1" [_thread_blocked, id=7019, stack(0x00007f3870c04000,0x00007f3870d05000)]
  0x00007f38780b1800 JavaThread "Service Thread" daemon [_thread_blocked, id=7017, stack(0x00007f38728ce000,0x00007f38729cf000)]
  0x00007f38780af000 JavaThread "C2 CompilerThread1" daemon [_thread_blocked, id=7016, stack(0x00007f38729cf000,0x00007f3872ad0000)]
  0x00007f38780ac000 JavaThread "C2 CompilerThread0" daemon [_thread_blocked, id=7015, stack(0x00007f387c0e0000,0x00007f387c1e1000)]
  0x00007f38780a9800 JavaThread "Signal Dispatcher" daemon [_thread_blocked, id=7014, stack(0x00007f387c1e1000,0x00007f387c2e2000)]
  0x00007f387807c800 JavaThread "Finalizer" daemon [_thread_blocked, id=7013, stack(0x00007f387c9c4000,0x00007f387cac5000)]
  0x00007f387807a800 JavaThread "Reference Handler" daemon [_thread_blocked, id=7012, stack(0x00007f387cac5000,0x00007f387cbc6000)]
  0x00007f387800a800 JavaThread "main" [_thread_blocked, id=7004, stack(0x00007f3881e2f000,0x00007f3881f30000)]

Other Threads:
=>0x00007f3878076000 VMThread [stack: 0x00007f387cbc6000,0x00007f387ccc7000] [id=7011]
  0x00007f38780bc000 WatcherThread [stack: 0x00007f38727cd000,0x00007f38728ce000] [id=7018]

VM state:at safepoint (normal execution)

VM Mutex/Monitor currently owned by a thread:  ([mutex/lock_event])
[0x00007f38780069f0] Threads_lock - owner thread: 0x00007f3878076000
[0x00007f3878006ef0] Heap_lock - owner thread: 0x00007f38781b9800

Heap
 PSYoungGen      total 140800K, used 16378K [0x00000000eaa80000, 0x00000000f4680000, 0x0000000100000000)
  eden space 124416K, 0% used [0x00000000eaa80000,0x00000000eaa80000,0x00000000f2400000)
  from space 16384K, 99% used [0x00000000f2400000,0x00000000f33fea80,0x00000000f3400000)
  to   space 13824K, 0% used [0x00000000f3400000,0x00000000f3400000,0x00000000f4180000)
 ParOldGen       total 40960K, used 39290K [0x00000000c0000000, 0x00000000c2800000, 0x00000000eaa80000)
  object space 40960K, 95% used [0x00000000c0000000,0x00000000c265e928,0x00000000c2800000)
 PSPermGen       total 21504K, used 6297K [0x00000000b5a00000, 0x00000000b6f00000, 0x00000000c0000000)
  object space 21504K, 29% used [0x00000000b5a00000,0x00000000b60265a8,0x00000000b6f00000)

Card table byte_map: [0x00007f387e76e000,0x00007f387e9c2000] byte_map_base: 0x00007f387e1c1000

Polling page: 0x00007f3881f52000

Code Cache  [0x00007f3875000000, 0x00007f3875270000, 0x00007f3878000000)
 total_blobs=634 nmethods=404 adapters=183 free_code_cache=47469Kb largest_free_block=48560448

Compilation events (10 events):
Event: 56.290 Thread 0x00007f38780af000 nmethod 412 0x00007f387518b4d0 code [0x00007f387518b700, 0x00007f387518be20]
Event: 56.290 Thread 0x00007f38780af000  414             com.android.dx.ssa.back.FirstFitLocalCombiningAllocator::handleUnassociatedParameters (60 bytes)
Event: 56.584 Thread 0x00007f38780ac000 nmethod 413 0x00007f3875197c90 code [0x00007f3875197ea0, 0x00007f38751989f0]
Event: 56.584 Thread 0x00007f38780ac000  415             com.android.dx.ssa.DeadCodeRemover::run (194 bytes)
Event: 57.443 Thread 0x00007f38780af000 nmethod 414 0x00007f38751a9510 code [0x00007f38751a9980, 0x00007f38751ac188]
Event: 57.443 Thread 0x00007f38780af000  416             com.android.dx.ssa.back.InterferenceGraph::<init> (42 bytes)
Event: 57.792 Thread 0x00007f38780af000 nmethod 416 0x00007f38751a8990 code [0x00007f38751a8b20, 0x00007f38751a9098]
Event: 57.792 Thread 0x00007f38780af000  417             com.android.dx.rop.cst.Constant::<init> (5 bytes)
Event: 57.793 Thread 0x00007f38780af000 nmethod 417 0x00007f3875183210 code [0x00007f3875183340, 0x00007f3875183398]
Event: 57.793 Thread 0x00007f38780af000  418   !         com.android.dx.cf.code.RopperMachine::run (1550 bytes)

GC Heap History (10 events):
Event: 3.399 GC heap after
Heap after GC invocations=2 (full 0):
 PSYoungGen      total 34304K, used 2553K [0x00000000eaa80000, 0x00000000ece80000, 0x0000000100000000)
  eden space 31744K, 0% used [0x00000000eaa80000,0x00000000eaa80000,0x00000000ec980000)
  from space 2560K, 99% used [0x00000000ecc00000,0x00000000ece7e4c8,0x00000000ece80000)
  to   space 2560K, 0% used [0x00000000ec980000,0x00000000ec980000,0x00000000ecc00000)
 ParOldGen       total 40960K, used 2225K [0x00000000c0000000, 0x00000000c2800000, 0x00000000eaa80000)
  object space 40960K, 5% used [0x00000000c0000000,0x00000000c022c6b0,0x00000000c2800000)
 PSPermGen       total 21504K, used 5981K [0x00000000b5a00000, 0x00000000b6f00000, 0x00000000c0000000)
  object space 21504K, 27% used [0x00000000b5a00000,0x00000000b5fd76b0,0x00000000b6f00000)
}
Event: 6.702 GC heap before
{Heap before GC invocations=3 (full 0):
 PSYoungGen      total 34304K, used 34297K [0x00000000eaa80000, 0x00000000ece80000, 0x0000000100000000)
  eden space 31744K, 100% used [0x00000000eaa80000,0x00000000ec980000,0x00000000ec980000)
  from space 2560K, 99% used [0x00000000ecc00000,0x00000000ece7e4c8,0x00000000ece80000)
  to   space 2560K, 0% used [0x00000000ec980000,0x00000000ec980000,0x00000000ecc00000)
 ParOldGen       total 40960K, used 2225K [0x00000000c0000000, 0x00000000c2800000, 0x00000000eaa80000)
  object space 40960K, 5% used [0x00000000c0000000,0x00000000c022c6b0,0x00000000c2800000)
 PSPermGen       total 21504K, used 6130K [0x00000000b5a00000, 0x00000000b6f00000, 0x00000000c0000000)
  object space 21504K, 28% used [0x00000000b5a00000,0x00000000b5ffc848,0x00000000b6f00000)
Event: 6.823 GC heap after
Heap after GC invocations=3 (full 0):
 PSYoungGen      total 34304K, used 2554K [0x00000000eaa80000, 0x00000000eed80000, 0x0000000100000000)
  eden space 31744K, 0% used [0x00000000eaa80000,0x00000000eaa80000,0x00000000ec980000)
  from space 2560K, 99% used [0x00000000ec980000,0x00000000ecbfe998,0x00000000ecc00000)
  to   space 2560K, 0% used [0x00000000eeb00000,0x00000000eeb00000,0x00000000eed80000)
 ParOldGen       total 40960K, used 7760K [0x00000000c0000000, 0x00000000c2800000, 0x00000000eaa80000)
  object space 40960K, 18% used [0x00000000c0000000,0x00000000c0794128,0x00000000c2800000)
 PSPermGen       total 21504K, used 6130K [0x00000000b5a00000, 0x00000000b6f00000, 0x00000000c0000000)
  object space 21504K, 28% used [0x00000000b5a00000,0x00000000b5ffc848,0x00000000b6f00000)
}
Event: 10.752 GC heap before
{Heap before GC invocations=4 (full 0):
 PSYoungGen      total 34304K, used 34298K [0x00000000eaa80000, 0x00000000eed80000, 0x0000000100000000)
  eden space 31744K, 100% used [0x00000000eaa80000,0x00000000ec980000,0x00000000ec980000)
  from space 2560K, 99% used [0x00000000ec980000,0x00000000ecbfe998,0x00000000ecc00000)
  to   space 2560K, 0% used [0x00000000eeb00000,0x00000000eeb00000,0x00000000eed80000)
 ParOldGen       total 40960K, used 7760K [0x00000000c0000000, 0x00000000c2800000, 0x00000000eaa80000)
  object space 40960K, 18% used [0x00000000c0000000,0x00000000c0794128,0x00000000c2800000)
 PSPermGen       total 21504K, used 6160K [0x00000000b5a00000, 0x00000000b6f00000, 0x00000000c0000000)
  object space 21504K, 28% used [0x00000000b5a00000,0x00000000b6004348,0x00000000b6f00000)
Event: 10.861 GC heap after
Heap after GC invocations=4 (full 0):
 PSYoungGen      total 66048K, used 2557K [0x00000000eaa80000, 0x00000000eed80000, 0x0000000100000000)
  eden space 63488K, 0% used [0x00000000eaa80000,0x00000000eaa80000,0x00000000ee880000)
  from space 2560K, 99% used [0x00000000eeb00000,0x00000000eed7f488,0x00000000eed80000)
  to   space 2560K, 0% used [0x00000000ee880000,0x00000000ee880000,0x00000000eeb00000)
 ParOldGen       total 40960K, used 13323K [0x00000000c0000000, 0x00000000c2800000, 0x00000000eaa80000)
  object space 40960K, 32% used [0x00000000c0000000,0x00000000c0d02c40,0x00000000c2800000)
 PSPermGen       total 21504K, used 6160K [0x00000000b5a00000, 0x00000000b6f00000, 0x00000000c0000000)
  object space 21504K, 28% used [0x00000000b5a00000,0x00000000b6004348,0x00000000b6f00000)
}
Event: 23.748 GC heap before
{Heap before GC invocations=5 (full 0):
 PSYoungGen      total 66048K, used 66045K [0x00000000eaa80000, 0x00000000eed80000, 0x0000000100000000)
  eden space 63488K, 100% used [0x00000000eaa80000,0x00000000ee880000,0x00000000ee880000)
  from space 2560K, 99% used [0x00000000eeb00000,0x00000000eed7f488,0x00000000eed80000)
  to   space 2560K, 0% used [0x00000000ee880000,0x00000000ee880000,0x00000000eeb00000)
 ParOldGen       total 40960K, used 13323K [0x00000000c0000000, 0x00000000c2800000, 0x00000000eaa80000)
  object space 40960K, 32% used [0x00000000c0000000,0x00000000c0d02c40,0x00000000c2800000)
 PSPermGen       total 21504K, used 6206K [0x00000000b5a00000, 0x00000000b6f00000, 0x00000000c0000000)
  object space 21504K, 28% used [0x00000000b5a00000,0x00000000b600fae0,0x00000000b6f00000)
Event: 24.425 GC heap after
Heap after GC invocations=5 (full 0):
 PSYoungGen      total 66048K, used 2536K [0x00000000eaa80000, 0x00000000f4180000, 0x0000000100000000)
  eden space 63488K, 0% used [0x00000000eaa80000,0x00000000eaa80000,0x00000000ee880000)
  from space 2560K, 99% used [0x00000000ee880000,0x00000000eeafa048,0x00000000eeb00000)
  to   space 13824K, 0% used [0x00000000f3400000,0x00000000f3400000,0x00000000f4180000)
 ParOldGen       total 40960K, used 22891K [0x00000000c0000000, 0x00000000c2800000, 0x00000000eaa80000)
  object space 40960K, 55% used [0x00000000c0000000,0x00000000c165add8,0x00000000c2800000)
 PSPermGen       total 21504K, used 6206K [0x00000000b5a00000, 0x00000000b6f00000, 0x00000000c0000000)
  object space 21504K, 28% used [0x00000000b5a00000,0x00000000b600fae0,0x00000000b6f00000)
}
Event: 37.468 GC heap before
{Heap before GC invocations=6 (full 0):
 PSYoungGen      total 66048K, used 66024K [0x00000000eaa80000, 0x00000000f4180000, 0x0000000100000000)
  eden space 63488K, 100% used [0x00000000eaa80000,0x00000000ee880000,0x00000000ee880000)
  from space 2560K, 99% used [0x00000000ee880000,0x00000000eeafa048,0x00000000eeb00000)
  to   space 13824K, 0% used [0x00000000f3400000,0x00000000f3400000,0x00000000f4180000)
 ParOldGen       total 40960K, used 22891K [0x00000000c0000000, 0x00000000c2800000, 0x00000000eaa80000)
  object space 40960K, 55% used [0x00000000c0000000,0x00000000c165add8,0x00000000c2800000)
 PSPermGen       total 21504K, used 6243K [0x00000000b5a00000, 0x00000000b6f00000, 0x00000000c0000000)
  object space 21504K, 29% used [0x00000000b5a00000,0x00000000b6018cc8,0x00000000b6f00000)
Event: 37.955 GC heap after
Heap after GC invocations=6 (full 0):
 PSYoungGen      total 138240K, used 13502K [0x00000000eaa80000, 0x00000000f4680000, 0x0000000100000000)
  eden space 124416K, 0% used [0x00000000eaa80000,0x00000000eaa80000,0x00000000f2400000)
  from space 13824K, 97% used [0x00000000f3400000,0x00000000f412f930,0x00000000f4180000)
  to   space 16384K, 0% used [0x00000000f2400000,0x00000000f2400000,0x00000000f3400000)
 ParOldGen       total 40960K, used 22891K [0x00000000c0000000, 0x00000000c2800000, 0x00000000eaa80000)
  object space 40960K, 55% used [0x00000000c0000000,0x00000000c165add8,0x00000000c2800000)
 PSPermGen       total 21504K, used 6243K [0x00000000b5a00000, 0x00000000b6f00000, 0x00000000c0000000)
  object space 21504K, 29% used [0x00000000b5a00000,0x00000000b6018cc8,0x00000000b6f00000)
}
Event: 61.106 GC heap before
{Heap before GC invocations=7 (full 0):
 PSYoungGen      total 138240K, used 137918K [0x00000000eaa80000, 0x00000000f4680000, 0x0000000100000000)
  eden space 124416K, 100% used [0x00000000eaa80000,0x00000000f2400000,0x00000000f2400000)
  from space 13824K, 97% used [0x00000000f3400000,0x00000000f412f930,0x00000000f4180000)
  to   space 16384K, 0% used [0x00000000f2400000,0x00000000f2400000,0x00000000f3400000)
 ParOldGen       total 40960K, used 22891K [0x00000000c0000000, 0x00000000c2800000, 0x00000000eaa80000)
  object space 40960K, 55% used [0x00000000c0000000,0x00000000c165add8,0x00000000c2800000)
 PSPermGen       total 21504K, used 6297K [0x00000000b5a00000, 0x00000000b6f00000, 0x00000000c0000000)
  object space 21504K, 29% used [0x00000000b5a00000,0x00000000b60265a8,0x00000000b6f00000)

Deoptimization events (10 events):
Event: 28.946 Thread 0x00007f38781b9800 Uncommon trap: reason=unstable_if action=reinterpret pc=0x00007f3875098e74 method=com.android.dx.util.IntList.binarysearch(I)I @ 105
Event: 32.594 Thread 0x00007f38781ad800 Uncommon trap: reason=unstable_if action=reinterpret pc=0x00007f3875081ac4 method=com.android.dx.rop.cst.Constant.compareTo(Lcom/android/dx/rop/cst/Constant;)I @ 12
Event: 49.527 Thread 0x00007f38781b9800 Uncommon trap: reason=unstable_if action=reinterpret pc=0x00007f387511ac20 method=java.util.BitSet.ensureCapacity(I)V @ 6
Event: 50.544 Thread 0x00007f38781bb000 Uncommon trap: reason=unstable_if action=reinterpret pc=0x00007f387512217c method=java.util.BitSet.ensureCapacity(I)V @ 6
Event: 53.797 Thread 0x00007f387800a800 Uncommon trap: reason=unstable_if action=reinterpret pc=0x00007f387516f224 method=com.android.dx.ssa.LiteralOpUpgrader$1.visitNonMoveInsn(Lcom/android/dx/ssa/NormalSsaInsn;)V @ 176
Event: 54.606 Thread 0x00007f38781b9800 Uncommon trap: reason=bimorphic action=maybe_recompile pc=0x00007f387515e584 method=com.android.dx.ssa.SCCP.simulatePhi(Lcom/android/dx/ssa/PhiInsn;)V @ 124
Event: 54.611 Thread 0x00007f38781b9800 Uncommon trap: reason=bimorphic action=maybe_recompile pc=0x00007f387515e584 method=com.android.dx.ssa.SCCP.simulatePhi(Lcom/android/dx/ssa/PhiInsn;)V @ 124
Event: 55.154 Thread 0x00007f38781b9800 Uncommon trap: reason=bimorphic action=maybe_recompile pc=0x00007f387515e584 method=com.android.dx.ssa.SCCP.simulatePhi(Lcom/android/dx/ssa/PhiInsn;)V @ 124
Event: 55.202 Thread 0x00007f38781a9800 Uncommon trap: reason=bimorphic action=maybe_recompile pc=0x00007f387515e584 method=com.android.dx.ssa.SCCP.simulatePhi(Lcom/android/dx/ssa/PhiInsn;)V @ 124
Event: 60.911 Thread 0x00007f38781b9800 Uncommon trap: reason=unstable_if action=reinterpret pc=0x00007f387513ea70 method=com.android.dx.ssa.MoveParamCombiner$1.visitNonMoveInsn(Lcom/android/dx/ssa/NormalSsaInsn;)V @ 27

Internal exceptions (10 events):
Event: 3.518 Thread 0x00007f38781bb000 Threw 0x00000000eac59090 at /build/openjdk-7-UoaBYD/openjdk-7-7u95-2.6.4/build/openjdk/hotspot/src/share/vm/prims/jvm.cpp:1322
Event: 3.836 Thread 0x00007f38781ad800 Threw 0x00000000eaff1bd8 at /build/openjdk-7-UoaBYD/openjdk-7-7u95-2.6.4/build/openjdk/hotspot/src/share/vm/prims/jvm.cpp:1322
Event: 5.077 Thread 0x00007f38781b9800 Threw 0x00000000ebc4fbf8 at /build/openjdk-7-UoaBYD/openjdk-7-7u95-2.6.4/build/openjdk/hotspot/src/share/vm/prims/jvm.cpp:1322
Event: 5.101 Thread 0x00007f387800a800 Threw 0x00000000ebcd0550 at /build/openjdk-7-UoaBYD/openjdk-7-7u95-2.6.4/build/openjdk/hotspot/src/share/vm/prims/jvm.cpp:1322
Event: 7.037 Thread 0x00007f387800a800 Implicit null exception at 0x00007f38750ab817 to 0x00007f38750abef9
Event: 7.142 Thread 0x00007f38781a9800 Implicit null exception at 0x00007f3875092fd2 to 0x00007f38750930c3
Event: 13.389 Thread 0x00007f38781bb000 Threw 0x00000000ebc14828 at /build/openjdk-7-UoaBYD/openjdk-7-7u95-2.6.4/build/openjdk/hotspot/src/share/vm/prims/jvm.cpp:1322
Event: 17.216 Thread 0x00007f38781a9800 Threw 0x00000000ed0474f0 at /build/openjdk-7-UoaBYD/openjdk-7-7u95-2.6.4/build/openjdk/hotspot/src/share/vm/prims/jvm.cpp:1322
Event: 27.352 Thread 0x00007f38781bb000 Implicit null exception at 0x00007f3875119f41 to 0x00007f387511dd09
Event: 33.886 Thread 0x00007f387800a800 Threw 0x00000000ed79cef0 at /build/openjdk-7-UoaBYD/openjdk-7-7u95-2.6.4/build/openjdk/hotspot/src/share/vm/prims/jvm.cpp:1322

Events (10 events):
Event: 55.154 Thread 0x00007f38781b9800 Uncommon trap: trap_request=0xffffffc6 fr.pc=0x00007f387515e584
Event: 55.154 Thread 0x00007f38781b9800 DEOPT PACKING pc=0x00007f387515e584 sp=0x00007f3870a00270
Event: 55.154 Thread 0x00007f38781b9800 DEOPT UNPACKING pc=0x00007f3875039445 sp=0x00007f3870a00160 mode 2
Event: 55.202 Thread 0x00007f38781a9800 Uncommon trap: trap_request=0xffffffc6 fr.pc=0x00007f387515e584
Event: 55.202 Thread 0x00007f38781a9800 DEOPT PACKING pc=0x00007f387515e584 sp=0x00007f3870d03270
Event: 55.202 Thread 0x00007f38781a9800 DEOPT UNPACKING pc=0x00007f3875039445 sp=0x00007f3870d03160 mode 2
Event: 60.910 Thread 0x00007f38781b9800 Uncommon trap: trap_request=0xffffff75 fr.pc=0x00007f387513ea70
Event: 60.911 Thread 0x00007f38781b9800 DEOPT PACKING pc=0x00007f387513ea70 sp=0x00007f3870a001d0
Event: 60.911 Thread 0x00007f38781b9800 DEOPT UNPACKING pc=0x00007f3875039445 sp=0x00007f3870a00148 mode 2
Event: 61.059 Executing VM operation: ParallelGCFailedAllocation


Dynamic libraries:
00400000-00401000 r-xp 00000000 08:05 1067899                            /usr/lib/jvm/java-7-openjdk-amd64/jre/bin/java
00600000-00601000 r--p 00000000 08:05 1067899                            /usr/lib/jvm/java-7-openjdk-amd64/jre/bin/java
00601000-00602000 rw-p 00001000 08:05 1067899                            /usr/lib/jvm/java-7-openjdk-amd64/jre/bin/java
01cfb000-01d1c000 rw-p 00000000 00:00 0                                  [heap]
b5a00000-b6f00000 rw-p 00000000 00:00 0 
b6f00000-c0000000 rw-p 00000000 00:00 0 
c0000000-c2800000 rw-p 00000000 00:00 0 
c2800000-eaa80000 rw-p 00000000 00:00 0 
eaa80000-f4680000 rw-p 00000000 00:00 0 
fd380000-100000000 rw-p 00000000 00:00 0 
7f382c000000-7f382c024000 rw-p 00000000 00:00 0 
7f382c024000-7f3830000000 ---p 00000000 00:00 0 
7f3830000000-7f3830021000 rw-p 00000000 00:00 0 
7f3830021000-7f3834000000 ---p 00000000 00:00 0 
7f3834000000-7f3834021000 rw-p 00000000 00:00 0 
7f3834021000-7f3838000000 ---p 00000000 00:00 0 
7f3838000000-7f383802a000 rw-p 00000000 00:00 0 
7f383802a000-7f383c000000 ---p 00000000 00:00 0 
7f383c000000-7f383c021000 rw-p 00000000 00:00 0 
7f383c021000-7f3840000000 ---p 00000000 00:00 0 
7f3840000000-7f3840038000 rw-p 00000000 00:00 0 
7f3840038000-7f3844000000 ---p 00000000 00:00 0 
7f3844000000-7f384571f000 rw-p 00000000 00:00 0 
7f384571f000-7f3848000000 ---p 00000000 00:00 0 
7f3848000000-7f3848021000 rw-p 00000000 00:00 0 
7f3848021000-7f384c000000 ---p 00000000 00:00 0 
7f384c000000-7f384c021000 rw-p 00000000 00:00 0 
7f384c021000-7f3850000000 ---p 00000000 00:00 0 
7f3850000000-7f38519f6000 rw-p 00000000 00:00 0 
7f38519f6000-7f3854000000 ---p 00000000 00:00 0 
7f3854000000-7f3854021000 rw-p 00000000 00:00 0 
7f3854021000-7f3858000000 ---p 00000000 00:00 0 
7f3858000000-7f3858021000 rw-p 00000000 00:00 0 
7f3858021000-7f385c000000 ---p 00000000 00:00 0 
7f385c000000-7f385c021000 rw-p 00000000 00:00 0 
7f385c021000-7f3860000000 ---p 00000000 00:00 0 
7f3860000000-7f3860021000 rw-p 00000000 00:00 0 
7f3860021000-7f3864000000 ---p 00000000 00:00 0 
7f3864000000-7f3864021000 rw-p 00000000 00:00 0 
7f3864021000-7f3868000000 ---p 00000000 00:00 0 
7f3868000000-7f3868021000 rw-p 00000000 00:00 0 
7f3868021000-7f386c000000 ---p 00000000 00:00 0 
7f386c000000-7f386c021000 rw-p 00000000 00:00 0 
7f386c021000-7f3870000000 ---p 00000000 00:00 0 
7f3870800000-7f3870803000 ---p 00000000 00:00 0 
7f3870803000-7f3870901000 rw-p 00000000 00:00 0                          [stack:7023]
7f3870901000-7f3870904000 ---p 00000000 00:00 0 
7f3870904000-7f3870a02000 rw-p 00000000 00:00 0                          [stack:7022]
7f3870a02000-7f3870a05000 ---p 00000000 00:00 0 
7f3870a05000-7f3870b03000 rw-p 00000000 00:00 0                          [stack:7021]
7f3870b03000-7f3870b06000 ---p 00000000 00:00 0 
7f3870b06000-7f3870c04000 rw-p 00000000 00:00 0                          [stack:7020]
7f3870c04000-7f3870c07000 ---p 00000000 00:00 0 
7f3870c07000-7f3871006000 rw-p 00000000 00:00 0                          [stack:7019]
7f3871006000-7f3871072000 r-xp 00000000 08:05 528199                     /lib/x86_64-linux-gnu/libpcre.so.3.13.1
7f3871072000-7f3871272000 ---p 0006c000 08:05 528199                     /lib/x86_64-linux-gnu/libpcre.so.3.13.1
7f3871272000-7f3871273000 r--p 0006c000 08:05 528199                     /lib/x86_64-linux-gnu/libpcre.so.3.13.1
7f3871273000-7f3871274000 rw-p 0006d000 08:05 528199                     /lib/x86_64-linux-gnu/libpcre.so.3.13.1
7f3871274000-7f387127b000 r-xp 00000000 08:05 1058416                    /usr/lib/x86_64-linux-gnu/libffi.so.6.0.4
7f387127b000-7f387147a000 ---p 00007000 08:05 1058416                    /usr/lib/x86_64-linux-gnu/libffi.so.6.0.4
7f387147a000-7f387147b000 r--p 00006000 08:05 1058416                    /usr/lib/x86_64-linux-gnu/libffi.so.6.0.4
7f387147b000-7f387147c000 rw-p 00007000 08:05 1058416                    /usr/lib/x86_64-linux-gnu/libffi.so.6.0.4
7f387147c000-7f3871493000 r-xp 00000000 08:05 562958                     /lib/x86_64-linux-gnu/libresolv-2.21.so
7f3871493000-7f3871693000 ---p 00017000 08:05 562958                     /lib/x86_64-linux-gnu/libresolv-2.21.so
7f3871693000-7f3871694000 r--p 00017000 08:05 562958                     /lib/x86_64-linux-gnu/libresolv-2.21.so
7f3871694000-7f3871695000 rw-p 00018000 08:05 562958                     /lib/x86_64-linux-gnu/libresolv-2.21.so
7f3871695000-7f3871697000 rw-p 00000000 00:00 0 
7f3871697000-7f38716b8000 r-xp 00000000 08:05 528501                     /lib/x86_64-linux-gnu/libselinux.so.1
7f38716b8000-7f38718b7000 ---p 00021000 08:05 528501                     /lib/x86_64-linux-gnu/libselinux.so.1
7f38718b7000-7f38718b8000 r--p 00020000 08:05 528501                     /lib/x86_64-linux-gnu/libselinux.so.1
7f38718b8000-7f38718b9000 rw-p 00021000 08:05 528501                     /lib/x86_64-linux-gnu/libselinux.so.1
7f38718b9000-7f38718bb000 rw-p 00000000 00:00 0 
7f38718bb000-7f38718be000 r-xp 00000000 08:05 1049506                    /usr/lib/x86_64-linux-gnu/libgmodule-2.0.so.0.4600.2
7f38718be000-7f3871abd000 ---p 00003000 08:05 1049506                    /usr/lib/x86_64-linux-gnu/libgmodule-2.0.so.0.4600.2
7f3871abd000-7f3871abe000 r--p 00002000 08:05 1049506                    /usr/lib/x86_64-linux-gnu/libgmodule-2.0.so.0.4600.2
7f3871abe000-7f3871abf000 rw-p 00003000 08:05 1049506                    /usr/lib/x86_64-linux-gnu/libgmodule-2.0.so.0.4600.2
7f3871abf000-7f3871bcc000 r-xp 00000000 08:05 544499                     /lib/x86_64-linux-gnu/libglib-2.0.so.0.4600.2
7f3871bcc000-7f3871dcb000 ---p 0010d000 08:05 544499                     /lib/x86_64-linux-gnu/libglib-2.0.so.0.4600.2
7f3871dcb000-7f3871dcc000 r--p 0010c000 08:05 544499                     /lib/x86_64-linux-gnu/libglib-2.0.so.0.4600.2
7f3871dcc000-7f3871dcd000 rw-p 0010d000 08:05 544499                     /lib/x86_64-linux-gnu/libglib-2.0.so.0.4600.2
7f3871dcd000-7f3871dce000 rw-p 00000000 00:00 0 
7f3871dce000-7f3871e20000 r-xp 00000000 08:05 1049508                    /usr/lib/x86_64-linux-gnu/libgobject-2.0.so.0.4600.2
7f3871e20000-7f387201f000 ---p 00052000 08:05 1049508                    /usr/lib/x86_64-linux-gnu/libgobject-2.0.so.0.4600.2
7f387201f000-7f3872020000 r--p 00051000 08:05 1049508                    /usr/lib/x86_64-linux-gnu/libgobject-2.0.so.0.4600.2
7f3872020000-7f3872021000 rw-p 00052000 08:05 1049508                    /usr/lib/x86_64-linux-gnu/libgobject-2.0.so.0.4600.2
7f3872021000-7f387219b000 r-xp 00000000 08:05 1049504                    /usr/lib/x86_64-linux-gnu/libgio-2.0.so.0.4600.2
7f387219b000-7f387239a000 ---p 0017a000 08:05 1049504                    /usr/lib/x86_64-linux-gnu/libgio-2.0.so.0.4600.2
7f387239a000-7f387239e000 r--p 00179000 08:05 1049504                    /usr/lib/x86_64-linux-gnu/libgio-2.0.so.0.4600.2
7f387239e000-7f38723a0000 rw-p 0017d000 08:05 1049504                    /usr/lib/x86_64-linux-gnu/libgio-2.0.so.0.4600.2
7f38723a0000-7f38723a2000 rw-p 00000000 00:00 0 
7f38723a2000-7f38723b9000 r-xp 00000000 08:05 1067921                    /usr/lib/jvm/java-7-openjdk-amd64/jre/lib/amd64/libnet.so
7f38723b9000-7f38725b9000 ---p 00017000 08:05 1067921                    /usr/lib/jvm/java-7-openjdk-amd64/jre/lib/amd64/libnet.so
7f38725b9000-7f38725ba000 r--p 00017000 08:05 1067921                    /usr/lib/jvm/java-7-openjdk-amd64/jre/lib/amd64/libnet.so
7f38725ba000-7f38725bb000 rw-p 00018000 08:05 1067921                    /usr/lib/jvm/java-7-openjdk-amd64/jre/lib/amd64/libnet.so
7f38725bb000-7f38725cc000 r-xp 00000000 08:05 1067942                    /usr/lib/jvm/java-7-openjdk-amd64/jre/lib/amd64/libnio.so
7f38725cc000-7f38727cb000 ---p 00011000 08:05 1067942                    /usr/lib/jvm/java-7-openjdk-amd64/jre/lib/amd64/libnio.so
7f38727cb000-7f38727cc000 r--p 00010000 08:05 1067942                    /usr/lib/jvm/java-7-openjdk-amd64/jre/lib/amd64/libnio.so
7f38727cc000-7f38727cd000 rw-p 00011000 08:05 1067942                    /usr/lib/jvm/java-7-openjdk-amd64/jre/lib/amd64/libnio.so
7f38727cd000-7f38727ce000 ---p 00000000 00:00 0 
7f38727ce000-7f38728ce000 rw-p 00000000 00:00 0                          [stack:7018]
7f38728ce000-7f38728d1000 ---p 00000000 00:00 0 
7f38728d1000-7f38729cf000 rw-p 00000000 00:00 0                          [stack:7017]
7f38729cf000-7f38729d2000 ---p 00000000 00:00 0 
7f38729d2000-7f3875000000 rw-p 00000000 00:00 0                          [stack:7016]
7f3875000000-7f3875270000 rwxp 00000000 00:00 0 
7f3875270000-7f38781e7000 rw-p 00000000 00:00 0 
7f38781e7000-7f387c000000 ---p 00000000 00:00 0 
7f387c0c0000-7f387c0d1000 r--s 000c3000 08:05 704362                     /home/iliak/.gradle/caches/modules-2/files-2.1/com.fasterxml.jackson.core/jackson-databind/2.2.2/3c8f6018eaa72d43b261181e801e6f8676c16ef6/jackson-databind-2.2.2.jar
7f387c0d1000-7f387c0e0000 r--s 000df000 08:05 1876128                    /home/iliak/Android/Sdk/build-tools/23.0.2/lib/dx.jar
7f387c0e0000-7f387c0e3000 ---p 00000000 00:00 0 
7f387c0e3000-7f387c1e1000 rw-p 00000000 00:00 0                          [stack:7015]
7f387c1e1000-7f387c1e4000 ---p 00000000 00:00 0 
7f387c1e4000-7f387c2e2000 rw-p 00000000 00:00 0                          [stack:7014]
7f387c2e2000-7f387c9c4000 r--p 00000000 08:05 1055607                    /usr/lib/locale/locale-archive
7f387c9c4000-7f387c9c7000 ---p 00000000 00:00 0 
7f387c9c7000-7f387cac5000 rw-p 00000000 00:00 0                          [stack:7013]
7f387cac5000-7f387cac8000 ---p 00000000 00:00 0 
7f387cac8000-7f387cbc6000 rw-p 00000000 00:00 0                          [stack:7012]
7f387cbc6000-7f387cbc7000 ---p 00000000 00:00 0 
7f387cbc7000-7f387dcc4000 rw-p 00000000 00:00 0                          [stack:7011]
7f387dcc4000-7f387de75000 r--s 01d30000 08:05 1067955                    /usr/lib/jvm/java-7-openjdk-amd64/jre/lib/rt.jar
7f387de75000-7f387e1c1000 rw-p 00000000 00:00 0 
7f387e1c1000-7f387e1c2000 ---p 00000000 00:00 0 
7f387e1c2000-7f387e2c2000 rw-p 00000000 00:00 0                          [stack:7010]
7f387e2c2000-7f387e2c3000 ---p 00000000 00:00 0 
7f387e2c3000-7f387e3c3000 rw-p 00000000 00:00 0                          [stack:7009]
7f387e3c3000-7f387e3c4000 ---p 00000000 00:00 0 
7f387e3c4000-7f387e4c4000 rw-p 00000000 00:00 0                          [stack:7008]
7f387e4c4000-7f387e4c5000 ---p 00000000 00:00 0 
7f387e4c5000-7f387e5d0000 rw-p 00000000 00:00 0                          [stack:7007]
7f387e5d0000-7f387e618000 rw-p 00000000 00:00 0 
7f387e618000-7f387e62c000 rw-p 00000000 00:00 0 
7f387e62c000-7f387e76e000 rw-p 00000000 00:00 0 
7f387e76e000-7f387e779000 rw-p 00000000 00:00 0 
7f387e779000-7f387e7c1000 rw-p 00000000 00:00 0 
7f387e7c1000-7f387e7d5000 rw-p 00000000 00:00 0 
7f387e7d5000-7f387e916000 rw-p 00000000 00:00 0 
7f387e916000-7f387e965000 rw-p 00000000 00:00 0 
7f387e965000-7f387e9c1000 rw-p 00000000 00:00 0 
7f387e9c1000-7f387e9c2000 rw-p 00000000 00:00 0 
7f387e9c2000-7f387e9ca000 r-xp 00000000 08:05 1067926                    /usr/lib/jvm/java-7-openjdk-amd64/jre/lib/amd64/libzip.so
7f387e9ca000-7f387ebc9000 ---p 00008000 08:05 1067926                    /usr/lib/jvm/java-7-openjdk-amd64/jre/lib/amd64/libzip.so
7f387ebc9000-7f387ebca000 r--p 00007000 08:05 1067926                    /usr/lib/jvm/java-7-openjdk-amd64/jre/lib/amd64/libzip.so
7f387ebca000-7f387ebcb000 rw-p 00008000 08:05 1067926                    /usr/lib/jvm/java-7-openjdk-amd64/jre/lib/amd64/libzip.so
7f387ebcb000-7f387ebd7000 r-xp 00000000 08:05 562742                     /lib/x86_64-linux-gnu/libnss_files-2.21.so
7f387ebd7000-7f387edd6000 ---p 0000c000 08:05 562742                     /lib/x86_64-linux-gnu/libnss_files-2.21.so
7f387edd6000-7f387edd7000 r--p 0000b000 08:05 562742                     /lib/x86_64-linux-gnu/libnss_files-2.21.so
7f387edd7000-7f387edd8000 rw-p 0000c000 08:05 562742                     /lib/x86_64-linux-gnu/libnss_files-2.21.so
7f387edd8000-7f387ede3000 r-xp 00000000 08:05 562950                     /lib/x86_64-linux-gnu/libnss_nis-2.21.so
7f387ede3000-7f387efe2000 ---p 0000b000 08:05 562950                     /lib/x86_64-linux-gnu/libnss_nis-2.21.so
7f387efe2000-7f387efe3000 r--p 0000a000 08:05 562950                     /lib/x86_64-linux-gnu/libnss_nis-2.21.so
7f387efe3000-7f387efe4000 rw-p 0000b000 08:05 562950                     /lib/x86_64-linux-gnu/libnss_nis-2.21.so
7f387efe4000-7f387effb000 r-xp 00000000 08:05 562750                     /lib/x86_64-linux-gnu/libnsl-2.21.so
7f387effb000-7f387f1fa000 ---p 00017000 08:05 562750                     /lib/x86_64-linux-gnu/libnsl-2.21.so
7f387f1fa000-7f387f1fb000 r--p 00016000 08:05 562750                     /lib/x86_64-linux-gnu/libnsl-2.21.so
7f387f1fb000-7f387f1fc000 rw-p 00017000 08:05 562750                     /lib/x86_64-linux-gnu/libnsl-2.21.so
7f387f1fc000-7f387f1fe000 rw-p 00000000 00:00 0 
7f387f1fe000-7f387f206000 r-xp 00000000 08:05 562743                     /lib/x86_64-linux-gnu/libnss_compat-2.21.so
7f387f206000-7f387f405000 ---p 00008000 08:05 562743                     /lib/x86_64-linux-gnu/libnss_compat-2.21.so
7f387f405000-7f387f406000 r--p 00007000 08:05 562743                     /lib/x86_64-linux-gnu/libnss_compat-2.21.so
7f387f406000-7f387f407000 rw-p 00008000 08:05 562743                     /lib/x86_64-linux-gnu/libnss_compat-2.21.so
7f387f407000-7f387f433000 r-xp 00000000 08:05 1067912                    /usr/lib/jvm/java-7-openjdk-amd64/jre/lib/amd64/libjava.so
7f387f433000-7f387f632000 ---p 0002c000 08:05 1067912                    /usr/lib/jvm/java-7-openjdk-amd64/jre/lib/amd64/libjava.so
7f387f632000-7f387f633000 r--p 0002b000 08:05 1067912                    /usr/lib/jvm/java-7-openjdk-amd64/jre/lib/amd64/libjava.so
7f387f633000-7f387f635000 rw-p 0002c000 08:05 1067912                    /usr/lib/jvm/java-7-openjdk-amd64/jre/lib/amd64/libjava.so
7f387f635000-7f387f644000 r-xp 00000000 08:05 1067913                    /usr/lib/jvm/java-7-openjdk-amd64/jre/lib/amd64/libverify.so
7f387f644000-7f387f843000 ---p 0000f000 08:05 1067913                    /usr/lib/jvm/java-7-openjdk-amd64/jre/lib/amd64/libverify.so
7f387f843000-7f387f845000 r--p 0000e000 08:05 1067913                    /usr/lib/jvm/java-7-openjdk-amd64/jre/lib/amd64/libverify.so
7f387f845000-7f387f846000 rw-p 00010000 08:05 1067913                    /usr/lib/jvm/java-7-openjdk-amd64/jre/lib/amd64/libverify.so
7f387f846000-7f387f84d000 r-xp 00000000 08:05 562739                     /lib/x86_64-linux-gnu/librt-2.21.so
7f387f84d000-7f387fa4c000 ---p 00007000 08:05 562739                     /lib/x86_64-linux-gnu/librt-2.21.so
7f387fa4c000-7f387fa4d000 r--p 00006000 08:05 562739                     /lib/x86_64-linux-gnu/librt-2.21.so
7f387fa4d000-7f387fa4e000 rw-p 00007000 08:05 562739                     /lib/x86_64-linux-gnu/librt-2.21.so
7f387fa4e000-7f387fa64000 r-xp 00000000 08:05 528386                     /lib/x86_64-linux-gnu/libgcc_s.so.1
7f387fa64000-7f387fc63000 ---p 00016000 08:05 528386                     /lib/x86_64-linux-gnu/libgcc_s.so.1
7f387fc63000-7f387fc64000 r--p 00015000 08:05 528386                     /lib/x86_64-linux-gnu/libgcc_s.so.1
7f387fc64000-7f387fc65000 rw-p 00016000 08:05 528386                     /lib/x86_64-linux-gnu/libgcc_s.so.1
7f387fc65000-7f387fd6c000 r-xp 00000000 08:05 562952                     /lib/x86_64-linux-gnu/libm-2.21.so
7f387fd6c000-7f387ff6b000 ---p 00107000 08:05 562952                     /lib/x86_64-linux-gnu/libm-2.21.so
7f387ff6b000-7f387ff6c000 r--p 00106000 08:05 562952                     /lib/x86_64-linux-gnu/libm-2.21.so
7f387ff6c000-7f387ff6d000 rw-p 00107000 08:05 562952                     /lib/x86_64-linux-gnu/libm-2.21.so
7f387ff6d000-7f38800e0000 r-xp 00000000 08:05 1059073                    /usr/lib/x86_64-linux-gnu/libstdc++.so.6.0.21
7f38800e0000-7f38802df000 ---p 00173000 08:05 1059073                    /usr/lib/x86_64-linux-gnu/libstdc++.so.6.0.21
7f38802df000-7f38802e9000 r--p 00172000 08:05 1059073                    /usr/lib/x86_64-linux-gnu/libstdc++.so.6.0.21
7f38802e9000-7f38802eb000 rw-p 0017c000 08:05 1059073                    /usr/lib/x86_64-linux-gnu/libstdc++.so.6.0.21
7f38802eb000-7f38802ef000 rw-p 00000000 00:00 0 
7f38802ef000-7f3880e40000 r-xp 00000000 08:05 1067924                    /usr/lib/jvm/java-7-openjdk-amd64/jre/lib/amd64/server/libjvm.so
7f3880e40000-7f388103f000 ---p 00b51000 08:05 1067924                    /usr/lib/jvm/java-7-openjdk-amd64/jre/lib/amd64/server/libjvm.so
7f388103f000-7f38810d0000 r--p 00b50000 08:05 1067924                    /usr/lib/jvm/java-7-openjdk-amd64/jre/lib/amd64/server/libjvm.so
7f38810d0000-7f38810f3000 rw-p 00be1000 08:05 1067924                    /usr/lib/jvm/java-7-openjdk-amd64/jre/lib/amd64/server/libjvm.so
7f38810f3000-7f388111e000 rw-p 00000000 00:00 0 
7f388111e000-7f3881137000 r-xp 00000000 08:05 528532                     /lib/x86_64-linux-gnu/libz.so.1.2.8
7f3881137000-7f3881336000 ---p 00019000 08:05 528532                     /lib/x86_64-linux-gnu/libz.so.1.2.8
7f3881336000-7f3881337000 r--p 00018000 08:05 528532                     /lib/x86_64-linux-gnu/libz.so.1.2.8
7f3881337000-7f3881338000 rw-p 00019000 08:05 528532                     /lib/x86_64-linux-gnu/libz.so.1.2.8
7f3881338000-7f3881350000 r-xp 00000000 08:05 562741                     /lib/x86_64-linux-gnu/libpthread-2.21.so
7f3881350000-7f3881550000 ---p 00018000 08:05 562741                     /lib/x86_64-linux-gnu/libpthread-2.21.so
7f3881550000-7f3881551000 r--p 00018000 08:05 562741                     /lib/x86_64-linux-gnu/libpthread-2.21.so
7f3881551000-7f3881552000 rw-p 00019000 08:05 562741                     /lib/x86_64-linux-gnu/libpthread-2.21.so
7f3881552000-7f3881556000 rw-p 00000000 00:00 0 
7f3881556000-7f3881559000 r-xp 00000000 08:05 562949                     /lib/x86_64-linux-gnu/libdl-2.21.so
7f3881559000-7f3881758000 ---p 00003000 08:05 562949                     /lib/x86_64-linux-gnu/libdl-2.21.so
7f3881758000-7f3881759000 r--p 00002000 08:05 562949                     /lib/x86_64-linux-gnu/libdl-2.21.so
7f3881759000-7f388175a000 rw-p 00003000 08:05 562949                     /lib/x86_64-linux-gnu/libdl-2.21.so
7f388175a000-7f388191a000 r-xp 00000000 08:05 562954                     /lib/x86_64-linux-gnu/libc-2.21.so
7f388191a000-7f3881b1a000 ---p 001c0000 08:05 562954                     /lib/x86_64-linux-gnu/libc-2.21.so
7f3881b1a000-7f3881b1e000 r--p 001c0000 08:05 562954                     /lib/x86_64-linux-gnu/libc-2.21.so
7f3881b1e000-7f3881b20000 rw-p 001c4000 08:05 562954                     /lib/x86_64-linux-gnu/libc-2.21.so
7f3881b20000-7f3881b24000 rw-p 00000000 00:00 0 
7f3881b24000-7f3881b31000 r-xp 00000000 08:05 1067939                    /usr/lib/jvm/java-7-openjdk-amd64/jre/lib/amd64/jli/libjli.so
7f3881b31000-7f3881d30000 ---p 0000d000 08:05 1067939                    /usr/lib/jvm/java-7-openjdk-amd64/jre/lib/amd64/jli/libjli.so
7f3881d30000-7f3881d31000 r--p 0000c000 08:05 1067939                    /usr/lib/jvm/java-7-openjdk-amd64/jre/lib/amd64/jli/libjli.so
7f3881d31000-7f3881d32000 rw-p 0000d000 08:05 1067939                    /usr/lib/jvm/java-7-openjdk-amd64/jre/lib/amd64/jli/libjli.so
7f3881d32000-7f3881d56000 r-xp 00000000 08:05 562943                     /lib/x86_64-linux-gnu/ld-2.21.so
7f3881d56000-7f3881d79000 rw-p 00000000 00:00 0 
7f3881d79000-7f3881e2f000 rw-p 00000000 00:00 0 
7f3881e2f000-7f3881e32000 ---p 00000000 00:00 0 
7f3881e32000-7f3881f35000 rw-p 00000000 00:00 0                          [stack:7004]
7f3881f35000-7f3881f38000 r--s 0000f000 08:05 1067968                    /usr/lib/jvm/java-7-openjdk-amd64/jre/lib/ext/icedtea-sound.jar
7f3881f38000-7f3881f3a000 r--s 00007000 08:05 1458155                    /usr/share/java/java-atk-wrapper.jar
7f3881f3a000-7f3881f3e000 r--s 00034000 08:05 1067967                    /usr/lib/jvm/java-7-openjdk-amd64/jre/lib/ext/sunjce_provider.jar
7f3881f3e000-7f3881f40000 r--s 00012000 08:05 1067966                    /usr/lib/jvm/java-7-openjdk-amd64/jre/lib/ext/zipfs.jar
7f3881f40000-7f3881f44000 r--s 0003c000 08:05 1067971                    /usr/lib/jvm/java-7-openjdk-amd64/jre/lib/ext/sunpkcs11.jar
7f3881f44000-7f3881f45000 r--s 00002000 08:05 1067965                    /usr/lib/jvm/java-7-openjdk-amd64/jre/lib/ext/dnsns.jar
7f3881f45000-7f3881f49000 r--s 00085000 08:05 1067970                    /usr/lib/jvm/java-7-openjdk-amd64/jre/lib/ext/localedata.jar
7f3881f49000-7f3881f51000 rw-s 00000000 08:05 704999                     /tmp/hsperfdata_iliak/7002
7f3881f51000-7f3881f52000 rw-p 00000000 00:00 0 
7f3881f52000-7f3881f53000 ---p 00000000 00:00 0 
7f3881f53000-7f3881f55000 rw-p 00000000 00:00 0 
7f3881f55000-7f3881f56000 r--p 00023000 08:05 562943                     /lib/x86_64-linux-gnu/ld-2.21.so
7f3881f56000-7f3881f57000 rw-p 00024000 08:05 562943                     /lib/x86_64-linux-gnu/ld-2.21.so
7f3881f57000-7f3881f58000 rw-p 00000000 00:00 0 
7fff37288000-7fff372a9000 rw-p 00000000 00:00 0                          [stack]
7fff37325000-7fff37327000 r--p 00000000 00:00 0                          [vvar]
7fff37327000-7fff37329000 r-xp 00000000 00:00 0                          [vdso]
ffffffffff600000-ffffffffff601000 r-xp 00000000 00:00 0                  [vsyscall]

VM Arguments:
jvm_args: -Djava.awt.headless=true -Xmx1024M -Dfile.encoding=UTF-8 -Duser.country=US -Duser.language=en -Duser.variant 
java_command: com.android.dx.command.Main --dex --force-jumbo --num-threads=4 --output /home/iliak/AndroidStudioProjects/world_statistic/app/build/intermediates/pre-dexed/debug/jackson-databind-2.2.2_294c4e8eedd0910235099d24e1b67afa169064dd.jar /home/iliak/.gradle/caches/modules-2/files-2.1/com.fasterxml.jackson.core/jackson-databind/2.2.2/3c8f6018eaa72d43b261181e801e6f8676c16ef6/jackson-databind-2.2.2.jar
Launcher Type: SUN_STANDARD

Environment Variables:
PATH=/usr/local/sbin:/usr/local/bin:/usr/sbin:/usr/bin:/sbin:/bin:/usr/games:/usr/local/games
SHELL=/bin/bash
DISPLAY=:0

Signal Handlers:
SIGSEGV: [libjvm.so+0x995450], sa_mask[0]=0x7ffbfeff, sa_flags=0x10000004
SIGBUS: [libjvm.so+0x995450], sa_mask[0]=0x7ffbfeff, sa_flags=0x10000004
SIGFPE: [libjvm.so+0x7fc6a0], sa_mask[0]=0x7ffbfeff, sa_flags=0x10000004
SIGPIPE: [libjvm.so+0x7fc6a0], sa_mask[0]=0x7ffbfeff, sa_flags=0x10000004
SIGXFSZ: [libjvm.so+0x7fc6a0], sa_mask[0]=0x7ffbfeff, sa_flags=0x10000004
SIGILL: [libjvm.so+0x7fc6a0], sa_mask[0]=0x7ffbfeff, sa_flags=0x10000004
SIGUSR1: SIG_DFL, sa_mask[0]=0x00000000, sa_flags=0x00000000
SIGUSR2: [libjvm.so+0x7fc520], sa_mask[0]=0x00000004, sa_flags=0x10000004
SIGHUP: [libjvm.so+0x7fc6b0], sa_mask[0]=0x7ffbfeff, sa_flags=0x10000004
SIGINT: [libjvm.so+0x7fc6b0], sa_mask[0]=0x7ffbfeff, sa_flags=0x10000004
SIGTERM: [libjvm.so+0x7fc6b0], sa_mask[0]=0x7ffbfeff, sa_flags=0x10000004
SIGQUIT: [libjvm.so+0x7fc6b0], sa_mask[0]=0x7ffbfeff, sa_flags=0x10000004
SIGTRAP: SIG_DFL, sa_mask[0]=0x00000000, sa_flags=0x00000000


---------------  S Y S T E M  ---------------

OS:Ubuntu 15.10 (wily)
uname:Linux 4.2.0-34-generic #39-Ubuntu SMP Thu Mar 10 22:13:01 UTC 2016 x86_64
libc:glibc 2.21 NPTL 2.21 
rlimit: STACK 8192k, CORE 0k, NPROC 15303, NOFILE 65536, AS infinity
load average:10.91 4.62 3.97

/proc/meminfo:
MemTotal:        3952276 kB
MemFree:           29496 kB
MemAvailable:     116548 kB
Buffers:            7912 kB
Cached:           336036 kB
SwapCached:            0 kB
Active:          3451344 kB
Inactive:         294404 kB
Active(anon):    3408548 kB
Inactive(anon):   254804 kB
Active(file):      42796 kB
Inactive(file):    39600 kB
Unevictable:          32 kB
Mlocked:              32 kB
SwapTotal:             0 kB
SwapFree:              0 kB
Dirty:               116 kB
Writeback:             0 kB
AnonPages:       3401948 kB
Mapped:           177300 kB
Shmem:            261488 kB
Slab:              71768 kB
SReclaimable:      34044 kB
SUnreclaim:        37724 kB
KernelStack:       10992 kB
PageTables:        52048 kB
NFS_Unstable:          0 kB
Bounce:                0 kB
WritebackTmp:          0 kB
CommitLimit:     1976136 kB
Committed_AS:    8469420 kB
VmallocTotal:   34359738367 kB
VmallocUsed:      347620 kB
VmallocChunk:   34358947836 kB
HardwareCorrupted:     0 kB
AnonHugePages:   1644544 kB
CmaTotal:              0 kB
CmaFree:               0 kB
HugePages_Total:       0
HugePages_Free:        0
HugePages_Rsvd:        0
HugePages_Surp:        0
Hugepagesize:       2048 kB
DirectMap4k:      170140 kB
DirectMap2M:     3930112 kB


CPU:total 4 (2 cores per cpu, 2 threads per core) family 6 model 42 stepping 7, cmov, cx8, fxsr, mmx, sse, sse2, sse3, ssse3, sse4.1, sse4.2, popcnt, avx, ht, tsc, tscinvbit

/proc/cpuinfo:
processor	: 0
vendor_id	: GenuineIntel
cpu family	: 6
model		: 42
model name	: Intel(R) Core(TM) i3-2310M CPU @ 2.10GHz
stepping	: 7
microcode	: 0x29
cpu MHz		: 799.968
cache size	: 3072 KB
physical id	: 0
siblings	: 4
core id		: 0
cpu cores	: 2
apicid		: 0
initial apicid	: 0
fpu		: yes
fpu_exception	: yes
cpuid level	: 13
wp		: yes
flags		: fpu vme de pse tsc msr pae mce cx8 apic sep mtrr pge mca cmov pat pse36 clflush dts acpi mmx fxsr sse sse2 ss ht tm pbe syscall nx rdtscp lm constant_tsc arch_perfmon pebs bts rep_good nopl xtopology nonstop_tsc aperfmperf eagerfpu pni pclmulqdq dtes64 monitor ds_cpl vmx est tm2 ssse3 cx16 xtpr pdcm pcid sse4_1 sse4_2 x2apic popcnt tsc_deadline_timer xsave avx lahf_lm arat epb pln pts dtherm tpr_shadow vnmi flexpriority ept vpid xsaveopt
bugs		:
bogomips	: 4190.70
clflush size	: 64
cache_alignment	: 64
address sizes	: 36 bits physical, 48 bits virtual
power management:

processor	: 1
vendor_id	: GenuineIntel
cpu family	: 6
model		: 42
model name	: Intel(R) Core(TM) i3-2310M CPU @ 2.10GHz
stepping	: 7
microcode	: 0x29
cpu MHz		: 799.968
cache size	: 3072 KB
physical id	: 0
siblings	: 4
core id		: 1
cpu cores	: 2
apicid		: 2
initial apicid	: 2
fpu		: yes
fpu_exception	: yes
cpuid level	: 13
wp		: yes
flags		: fpu vme de pse tsc msr pae mce cx8 apic sep mtrr pge mca cmov pat pse36 clflush dts acpi mmx fxsr sse sse2 ss ht tm pbe syscall nx rdtscp lm constant_tsc arch_perfmon pebs bts rep_good nopl xtopology nonstop_tsc aperfmperf eagerfpu pni pclmulqdq dtes64 monitor ds_cpl vmx est tm2 ssse3 cx16 xtpr pdcm pcid sse4_1 sse4_2 x2apic popcnt tsc_deadline_timer xsave avx lahf_lm arat epb pln pts dtherm tpr_shadow vnmi flexpriority ept vpid xsaveopt
bugs		:
bogomips	: 4190.70
clflush size	: 64
cache_alignment	: 64
address sizes	: 36 bits physical, 48 bits virtual
power management:

processor	: 2
vendor_id	: GenuineIntel
cpu family	: 6
model		: 42
model name	: Intel(R) Core(TM) i3-2310M CPU @ 2.10GHz
stepping	: 7
microcode	: 0x29
cpu MHz		: 799.968
cache size	: 3072 KB
physical id	: 0
siblings	: 4
core id		: 0
cpu cores	: 2
apicid		: 1
initial apicid	: 1
fpu		: yes
fpu_exception	: yes
cpuid level	: 13
wp		: yes
flags		: fpu vme de pse tsc msr pae mce cx8 apic sep mtrr pge mca cmov pat pse36 clflush dts acpi mmx fxsr sse sse2 ss ht tm pbe syscall nx rdtscp lm constant_tsc arch_perfmon pebs bts rep_good nopl xtopology nonstop_tsc aperfmperf eagerfpu pni pclmulqdq dtes64 monitor ds_cpl vmx est tm2 ssse3 cx16 xtpr pdcm pcid sse4_1 sse4_2 x2apic popcnt tsc_deadline_timer xsave avx lahf_lm arat epb pln pts dtherm tpr_shadow vnmi flexpriority ept vpid xsaveopt
bugs		:
bogomips	: 4190.70
clflush size	: 64
cache_alignment	: 64
address sizes	: 36 bits physical, 48 bits virtual
power management:

processor	: 3
vendor_id	: GenuineIntel
cpu family	: 6
model		: 42
model name	: Intel(R) Core(TM) i3-2310M CPU @ 2.10GHz
stepping	: 7
microcode	: 0x29
cpu MHz		: 799.968
cache size	: 3072 KB
physical id	: 0
siblings	: 4
core id		: 1
cpu cores	: 2
apicid		: 3
initial apicid	: 3
fpu		: yes
fpu_exception	: yes
cpuid level	: 13
wp		: yes
flags		: fpu vme de pse tsc msr pae mce cx8 apic sep mtrr pge mca cmov pat pse36 clflush dts acpi mmx fxsr sse sse2 ss ht tm pbe syscall nx rdtscp lm constant_tsc arch_perfmon pebs bts rep_good nopl xtopology nonstop_tsc aperfmperf eagerfpu pni pclmulqdq dtes64 monitor ds_cpl vmx est tm2 ssse3 cx16 xtpr pdcm pcid sse4_1 sse4_2 x2apic popcnt tsc_deadline_timer xsave avx lahf_lm arat epb pln pts dtherm tpr_shadow vnmi flexpriority ept vpid xsaveopt
bugs		:
bogomips	: 4190.70
clflush size	: 64
cache_alignment	: 64
address sizes	: 36 bits physical, 48 bits virtual
power management:



Memory: 4k page, physical 3952276k(29496k free), swap 0k(0k free)

vm_info: OpenJDK 64-Bit Server VM (24.95-b01) for linux-amd64 JRE (1.7.0_95-b00), built on Mar 24 2016 06:07:15 by "buildd" with gcc 5.2.1 20151010

time: Fri Apr  8 21:16:30 2016
elapsed time: 62 seconds

