#
# There is insufficient memory for the Java Runtime Environment to continue.
# Native memory allocation (malloc) failed to allocate 115343360 bytes for committing reserved memory.
# Possible reasons:
#   The system is out of physical RAM or swap space
#   In 32 bit mode, the process size limit was hit
# Possible solutions:
#   Reduce memory load on the system
#   Increase physical memory or swap space
#   Check if swap backing store is full
#   Use 64 bit Java on a 64 bit OS
#   Decrease Java heap size (-Xmx/-Xms)
#   Decrease number of Java threads
#   Decrease Java thread stack sizes (-Xss)
#   Set larger code cache with -XX:ReservedCodeCacheSize=
# This output file may be truncated or incomplete.
#
#  Out of Memory Error (os_linux.cpp:2827), pid=6890, tid=140420711245568
#
# JRE version: OpenJDK Runtime Environment (7.0_95) (build 1.7.0_95-b00)
# Java VM: OpenJDK 64-Bit Server VM (24.95-b01 mixed mode linux-amd64 compressed oops)
# Derivative: IcedTea 2.6.4
# Distribution: Ubuntu 15.10, package 7u95-2.6.4-0ubuntu0.15.10.2
# Failed to write core dump. Core dumps have been disabled. To enable core dumping, try "ulimit -c unlimited" before starting Java again
#

---------------  T H R E A D  ---------------

Current thread (0x00007fb644076000):  VMThread [stack: 0x00007fb63e8ce000,0x00007fb63e9cf000] [id=6901]

Stack: [0x00007fb63e8ce000,0x00007fb63e9cf000],  sp=0x00007fb63e9cd4f0,  free space=1021k
Native frames: (J=compiled Java code, j=interpreted, Vv=VM code, C=native code)
V  [libjvm.so+0x9948f3]
V  [libjvm.so+0x48a9df]
V  [libjvm.so+0x80143b]
V  [libjvm.so+0x7fb82e]
V  [libjvm.so+0x871c4b]
V  [libjvm.so+0x873593]
V  [libjvm.so+0x86f818]
V  [libjvm.so+0x86fafc]
V  [libjvm.so+0x824df3]
V  [libjvm.so+0x996392]
V  [libjvm.so+0x99b0d7]
V  [libjvm.so+0x998968]
V  [libjvm.so+0x999cdf]
V  [libjvm.so+0x99a1d1]
V  [libjvm.so+0x7fe362]

VM_Operation (0x00007fb63d8e1060): ParallelGCFailedAllocation, mode: safepoint, requested by thread 0x00007fb64417d800


---------------  P R O C E S S  ---------------

Java Threads: ( => current thread )
  0x00007fb644183000 JavaThread "pool-1-thread-4" [_thread_blocked, id=6913, stack(0x00007fb63d5e0000,0x00007fb63d6e1000)]
  0x00007fb644181800 JavaThread "pool-1-thread-3" [_thread_blocked, id=6912, stack(0x00007fb63d6e1000,0x00007fb63d7e2000)]
  0x00007fb64417d800 JavaThread "pool-1-thread-2" [_thread_blocked, id=6911, stack(0x00007fb63d7e2000,0x00007fb63d8e3000)]
  0x00007fb64417c000 JavaThread "pool-2-thread-1" [_thread_blocked, id=6910, stack(0x00007fb63d8e3000,0x00007fb63d9e4000)]
  0x00007fb64417b000 JavaThread "pool-1-thread-1" [_thread_blocked, id=6909, stack(0x00007fb63d9e4000,0x00007fb63dae5000)]
  0x00007fb6440af800 JavaThread "Service Thread" daemon [_thread_blocked, id=6907, stack(0x00007fb63dbe6000,0x00007fb63dce7000)]
  0x00007fb6440ad000 JavaThread "C2 CompilerThread1" daemon [_thread_blocked, id=6906, stack(0x00007fb63dce7000,0x00007fb63dde8000)]
  0x00007fb6440aa000 JavaThread "C2 CompilerThread0" daemon [_thread_blocked, id=6905, stack(0x00007fb63dde8000,0x00007fb63dee9000)]
  0x00007fb6440a7800 JavaThread "Signal Dispatcher" daemon [_thread_blocked, id=6904, stack(0x00007fb63dee9000,0x00007fb63dfea000)]
  0x00007fb64407c800 JavaThread "Finalizer" daemon [_thread_blocked, id=6903, stack(0x00007fb63e6cc000,0x00007fb63e7cd000)]
  0x00007fb64407a800 JavaThread "Reference Handler" daemon [_thread_blocked, id=6902, stack(0x00007fb63e7cd000,0x00007fb63e8ce000)]
  0x00007fb64400a000 JavaThread "main" [_thread_blocked, id=6896, stack(0x00007fb64d10b000,0x00007fb64d20c000)]

Other Threads:
=>0x00007fb644076000 VMThread [stack: 0x00007fb63e8ce000,0x00007fb63e9cf000] [id=6901]
  0x00007fb6440ba000 WatcherThread [stack: 0x00007fb63dae5000,0x00007fb63dbe6000] [id=6908]

VM state:at safepoint (normal execution)

VM Mutex/Monitor currently owned by a thread:  ([mutex/lock_event])
[0x00007fb644006970] Threads_lock - owner thread: 0x00007fb644076000
[0x00007fb644006e70] Heap_lock - owner thread: 0x00007fb64417d800

Heap
 PSYoungGen      total 66048K, used 2541K [0x00000000eaa80000, 0x00000000eed80000, 0x0000000100000000)
  eden space 63488K, 0% used [0x00000000eaa80000,0x00000000eaa80000,0x00000000ee880000)
  from space 2560K, 99% used [0x00000000ee880000,0x00000000eeafb740,0x00000000eeb00000)
  to   space 2560K, 0% used [0x00000000eeb00000,0x00000000eeb00000,0x00000000eed80000)
 ParOldGen       total 46080K, used 45330K [0x00000000c0000000, 0x00000000c2d00000, 0x00000000eaa80000)
  object space 46080K, 98% used [0x00000000c0000000,0x00000000c2c448c0,0x00000000c2d00000)
 PSPermGen       total 21504K, used 5760K [0x00000000b5a00000, 0x00000000b6f00000, 0x00000000c0000000)
  object space 21504K, 26% used [0x00000000b5a00000,0x00000000b5fa0340,0x00000000b6f00000)

Card table byte_map: [0x00007fb649a4a000,0x00007fb649c9e000] byte_map_base: 0x00007fb64949d000

Polling page: 0x00007fb64d22e000

Code Cache  [0x00007fb641000000, 0x00007fb641270000, 0x00007fb644000000)
 total_blobs=513 nmethods=300 adapters=166 free_code_cache=47911Kb largest_free_block=49037952

Compilation events (10 events):
Event: 5.039 Thread 0x00007fb6440aa000 nmethod 301 0x00007fb64113bb10 code [0x00007fb64113bc40, 0x00007fb64113bcd8]
Event: 5.039 Thread 0x00007fb6440aa000  302             java.util.ArrayList$SubList::size (9 bytes)
Event: 5.040 Thread 0x00007fb6440aa000 nmethod 302 0x00007fb64113b850 code [0x00007fb64113b9a0, 0x00007fb64113ba38]
Event: 5.040 Thread 0x00007fb6440aa000  303             java.util.ArrayList::subListRangeCheck (110 bytes)
Event: 5.040 Thread 0x00007fb6440aa000 nmethod 303 0x00007fb64113b590 code [0x00007fb64113b6e0, 0x00007fb64113b778]
Event: 5.040 Thread 0x00007fb6440aa000  304             com.android.dx.ssa.NormalSsaInsn::<init> (15 bytes)
Event: 5.041 Thread 0x00007fb6440aa000 nmethod 304 0x00007fb64113b2d0 code [0x00007fb64113b420, 0x00007fb64113b4d8]
Event: 5.041 Thread 0x00007fb6440aa000  305             com.android.dx.ssa.SsaBasicBlock::getDomChildren (5 bytes)
Event: 5.041 Thread 0x00007fb6440aa000 nmethod 305 0x00007fb64113b0d0 code [0x00007fb64113b200, 0x00007fb64113b258]
Event: 5.041 Thread 0x00007fb6440aa000  306             com.android.dx.ssa.SsaMethod::forEachBlockDepthFirstDom (128 bytes)

GC Heap History (9 events):
Event: 1.022 GC heap before
{Heap before GC invocations=1 (full 0):
 PSYoungGen      total 18432K, used 15872K [0x00000000eaa80000, 0x00000000ebf00000, 0x0000000100000000)
  eden space 15872K, 100% used [0x00000000eaa80000,0x00000000eba00000,0x00000000eba00000)
  from space 2560K, 0% used [0x00000000ebc80000,0x00000000ebc80000,0x00000000ebf00000)
  to   space 2560K, 0% used [0x00000000eba00000,0x00000000eba00000,0x00000000ebc80000)
 ParOldGen       total 40960K, used 0K [0x00000000c0000000, 0x00000000c2800000, 0x00000000eaa80000)
  object space 40960K, 0% used [0x00000000c0000000,0x00000000c0000000,0x00000000c2800000)
 PSPermGen       total 21504K, used 5429K [0x00000000b5a00000, 0x00000000b6f00000, 0x00000000c0000000)
  object space 21504K, 25% used [0x00000000b5a00000,0x00000000b5f4d690,0x00000000b6f00000)
Event: 1.063 GC heap after
Heap after GC invocations=1 (full 0):
 PSYoungGen      total 18432K, used 2549K [0x00000000eaa80000, 0x00000000ece80000, 0x0000000100000000)
  eden space 15872K, 0% used [0x00000000eaa80000,0x00000000eaa80000,0x00000000eba00000)
  from space 2560K, 99% used [0x00000000eba00000,0x00000000ebc7d648,0x00000000ebc80000)
  to   space 2560K, 0% used [0x00000000ecc00000,0x00000000ecc00000,0x00000000ece80000)
 ParOldGen       total 40960K, used 1579K [0x00000000c0000000, 0x00000000c2800000, 0x00000000eaa80000)
  object space 40960K, 3% used [0x00000000c0000000,0x00000000c018ac98,0x00000000c2800000)
 PSPermGen       total 21504K, used 5429K [0x00000000b5a00000, 0x00000000b6f00000, 0x00000000c0000000)
  object space 21504K, 25% used [0x00000000b5a00000,0x00000000b5f4d690,0x00000000b6f00000)
}
Event: 1.492 GC heap before
{Heap before GC invocations=2 (full 0):
 PSYoungGen      total 18432K, used 18421K [0x00000000eaa80000, 0x00000000ece80000, 0x0000000100000000)
  eden space 15872K, 100% used [0x00000000eaa80000,0x00000000eba00000,0x00000000eba00000)
  from space 2560K, 99% used [0x00000000eba00000,0x00000000ebc7d648,0x00000000ebc80000)
  to   space 2560K, 0% used [0x00000000ecc00000,0x00000000ecc00000,0x00000000ece80000)
 ParOldGen       total 40960K, used 1579K [0x00000000c0000000, 0x00000000c2800000, 0x00000000eaa80000)
  object space 40960K, 3% used [0x00000000c0000000,0x00000000c018ac98,0x00000000c2800000)
 PSPermGen       total 21504K, used 5585K [0x00000000b5a00000, 0x00000000b6f00000, 0x00000000c0000000)
  object space 21504K, 25% used [0x00000000b5a00000,0x00000000b5f74420,0x00000000b6f00000)
Event: 1.517 GC heap after
Heap after GC invocations=2 (full 0):
 PSYoungGen      total 34304K, used 2538K [0x00000000eaa80000, 0x00000000ece80000, 0x0000000100000000)
  eden space 31744K, 0% used [0x00000000eaa80000,0x00000000eaa80000,0x00000000ec980000)
  from space 2560K, 99% used [0x00000000ecc00000,0x00000000ece7abe8,0x00000000ece80000)
  to   space 2560K, 0% used [0x00000000ec980000,0x00000000ec980000,0x00000000ecc00000)
 ParOldGen       total 40960K, used 3809K [0x00000000c0000000, 0x00000000c2800000, 0x00000000eaa80000)
  object space 40960K, 9% used [0x00000000c0000000,0x00000000c03b8590,0x00000000c2800000)
 PSPermGen       total 21504K, used 5585K [0x00000000b5a00000, 0x00000000b6f00000, 0x00000000c0000000)
  object space 21504K, 25% used [0x00000000b5a00000,0x00000000b5f74420,0x00000000b6f00000)
}
Event: 2.421 GC heap before
{Heap before GC invocations=3 (full 0):
 PSYoungGen      total 34304K, used 34282K [0x00000000eaa80000, 0x00000000ece80000, 0x0000000100000000)
  eden space 31744K, 100% used [0x00000000eaa80000,0x00000000ec980000,0x00000000ec980000)
  from space 2560K, 99% used [0x00000000ecc00000,0x00000000ece7abe8,0x00000000ece80000)
  to   space 2560K, 0% used [0x00000000ec980000,0x00000000ec980000,0x00000000ecc00000)
 ParOldGen       total 40960K, used 3809K [0x00000000c0000000, 0x00000000c2800000, 0x00000000eaa80000)
  object space 40960K, 9% used [0x00000000c0000000,0x00000000c03b8590,0x00000000c2800000)
 PSPermGen       total 21504K, used 5664K [0x00000000b5a00000, 0x00000000b6f00000, 0x00000000c0000000)
  object space 21504K, 26% used [0x00000000b5a00000,0x00000000b5f882d0,0x00000000b6f00000)
Event: 2.460 GC heap after
Heap after GC invocations=3 (full 0):
 PSYoungGen      total 34304K, used 2549K [0x00000000eaa80000, 0x00000000eed80000, 0x0000000100000000)
  eden space 31744K, 0% used [0x00000000eaa80000,0x00000000eaa80000,0x00000000ec980000)
  from space 2560K, 99% used [0x00000000ec980000,0x00000000ecbfd648,0x00000000ecc00000)
  to   space 2560K, 0% used [0x00000000eeb00000,0x00000000eeb00000,0x00000000eed80000)
 ParOldGen       total 40960K, used 8882K [0x00000000c0000000, 0x00000000c2800000, 0x00000000eaa80000)
  object space 40960K, 21% used [0x00000000c0000000,0x00000000c08acbf8,0x00000000c2800000)
 PSPermGen       total 21504K, used 5664K [0x00000000b5a00000, 0x00000000b6f00000, 0x00000000c0000000)
  object space 21504K, 26% used [0x00000000b5a00000,0x00000000b5f882d0,0x00000000b6f00000)
}
Event: 3.472 GC heap before
{Heap before GC invocations=4 (full 0):
 PSYoungGen      total 34304K, used 34293K [0x00000000eaa80000, 0x00000000eed80000, 0x0000000100000000)
  eden space 31744K, 100% used [0x00000000eaa80000,0x00000000ec980000,0x00000000ec980000)
  from space 2560K, 99% used [0x00000000ec980000,0x00000000ecbfd648,0x00000000ecc00000)
  to   space 2560K, 0% used [0x00000000eeb00000,0x00000000eeb00000,0x00000000eed80000)
 ParOldGen       total 40960K, used 8882K [0x00000000c0000000, 0x00000000c2800000, 0x00000000eaa80000)
  object space 40960K, 21% used [0x00000000c0000000,0x00000000c08acbf8,0x00000000c2800000)
 PSPermGen       total 21504K, used 5729K [0x00000000b5a00000, 0x00000000b6f00000, 0x00000000c0000000)
  object space 21504K, 26% used [0x00000000b5a00000,0x00000000b5f986a8,0x00000000b6f00000)
Event: 3.539 GC heap after
Heap after GC invocations=4 (full 0):
 PSYoungGen      total 66048K, used 2541K [0x00000000eaa80000, 0x00000000eed80000, 0x0000000100000000)
  eden space 63488K, 0% used [0x00000000eaa80000,0x00000000eaa80000,0x00000000ee880000)
  from space 2560K, 99% used [0x00000000eeb00000,0x00000000eed7b740,0x00000000eed80000)
  to   space 2560K, 0% used [0x00000000ee880000,0x00000000ee880000,0x00000000eeb00000)
 ParOldGen       total 40960K, used 18633K [0x00000000c0000000, 0x00000000c2800000, 0x00000000eaa80000)
  object space 40960K, 45% used [0x00000000c0000000,0x00000000c12324b8,0x00000000c2800000)
 PSPermGen       total 21504K, used 5729K [0x00000000b5a00000, 0x00000000b6f00000, 0x00000000c0000000)
  object space 21504K, 26% used [0x00000000b5a00000,0x00000000b5f986a8,0x00000000b6f00000)
}
Event: 5.280 GC heap before
{Heap before GC invocations=5 (full 0):
 PSYoungGen      total 66048K, used 66029K [0x00000000eaa80000, 0x00000000eed80000, 0x0000000100000000)
  eden space 63488K, 100% used [0x00000000eaa80000,0x00000000ee880000,0x00000000ee880000)
  from space 2560K, 99% used [0x00000000eeb00000,0x00000000eed7b740,0x00000000eed80000)
  to   space 2560K, 0% used [0x00000000ee880000,0x00000000ee880000,0x00000000eeb00000)
 ParOldGen       total 40960K, used 18633K [0x00000000c0000000, 0x00000000c2800000, 0x00000000eaa80000)
  object space 40960K, 45% used [0x00000000c0000000,0x00000000c12324b8,0x00000000c2800000)
 PSPermGen       total 21504K, used 5760K [0x00000000b5a00000, 0x00000000b6f00000, 0x00000000c0000000)
  object space 21504K, 26% used [0x00000000b5a00000,0x00000000b5fa0340,0x00000000b6f00000)

Deoptimization events (10 events):
Event: 2.905 Thread 0x00007fb64417d800 Uncommon trap: reason=unstable_if action=reinterpret pc=0x00007fb6410bc860 method=java.util.BitSet.clone()Ljava/lang/Object; @ 4
Event: 3.015 Thread 0x00007fb64400a000 Uncommon trap: reason=class_check action=maybe_recompile pc=0x00007fb641082660 method=com.android.dx.rop.type.Type.equals(Ljava/lang/Object;)Z @ 8
Event: 3.114 Thread 0x00007fb644181800 Uncommon trap: reason=unstable_if action=reinterpret pc=0x00007fb6410a16a8 method=com.android.dx.util.IntList.binarysearch(I)I @ 26
Event: 3.114 Thread 0x00007fb644181800 Uncommon trap: reason=unstable_if action=reinterpret pc=0x00007fb6410c3f4c method=com.android.dx.util.IntList.binarysearch(I)I @ 26
Event: 3.150 Thread 0x00007fb644181800 Uncommon trap: reason=unstable_if action=reinterpret pc=0x00007fb641091a58 method=com.android.dx.ssa.SsaRenamer$BlockRenamer.addMapping(ILcom/android/dx/rop/code/RegisterSpec;)V @ 120
Event: 3.203 Thread 0x00007fb644181800 Uncommon trap: reason=unstable_if action=reinterpret pc=0x00007fb6410964a4 method=com.android.dx.util.IntList.binarysearch(I)I @ 26
Event: 3.204 Thread 0x00007fb644181800 Uncommon trap: reason=unstable_if action=reinterpret pc=0x00007fb6410e1120 method=com.android.dx.ssa.back.IdenticalBlockCombiner.process()Lcom/android/dx/rop/code/RopMethod; @ 197
Event: 4.100 Thread 0x00007fb644181800 Uncommon trap: reason=class_check action=maybe_recompile pc=0x00007fb641082660 method=com.android.dx.rop.type.Type.equals(Ljava/lang/Object;)Z @ 8
Event: 4.119 Thread 0x00007fb644183000 Uncommon trap: reason=class_check action=maybe_recompile pc=0x00007fb641082660 method=com.android.dx.rop.type.Type.equals(Ljava/lang/Object;)Z @ 8
Event: 4.153 Thread 0x00007fb644181800 Uncommon trap: reason=class_check action=maybe_recompile pc=0x00007fb641082660 method=com.android.dx.rop.type.Type.equals(Ljava/lang/Object;)Z @ 8

Internal exceptions (10 events):
Event: 2.664 Thread 0x00007fb64400a000 Threw 0x00000000eb25b760 at /build/openjdk-7-UoaBYD/openjdk-7-7u95-2.6.4/build/openjdk/hotspot/src/share/vm/prims/jvm.cpp:1322
Event: 2.674 Thread 0x00007fb64400a000 Threw 0x00000000eb385c10 at /build/openjdk-7-UoaBYD/openjdk-7-7u95-2.6.4/build/openjdk/hotspot/src/share/vm/prims/jvm.cpp:1322
Event: 2.675 Thread 0x00007fb64400a000 Threw 0x00000000eb3887f0 at /build/openjdk-7-UoaBYD/openjdk-7-7u95-2.6.4/build/openjdk/hotspot/src/share/vm/prims/jvm.cpp:1322
Event: 2.675 Thread 0x00007fb64400a000 Threw 0x00000000eb38bb18 at /build/openjdk-7-UoaBYD/openjdk-7-7u95-2.6.4/build/openjdk/hotspot/src/share/vm/prims/jvm.cpp:1322
Event: 2.695 Thread 0x00007fb64400a000 Threw 0x00000000eb39c2c0 at /build/openjdk-7-UoaBYD/openjdk-7-7u95-2.6.4/build/openjdk/hotspot/src/share/vm/prims/jvm.cpp:1322
Event: 2.696 Thread 0x00007fb64400a000 Threw 0x00000000eb3a0be8 at /build/openjdk-7-UoaBYD/openjdk-7-7u95-2.6.4/build/openjdk/hotspot/src/share/vm/prims/jvm.cpp:1322
Event: 2.771 Thread 0x00007fb64400a000 Threw 0x00000000eb737f68 at /build/openjdk-7-UoaBYD/openjdk-7-7u95-2.6.4/build/openjdk/hotspot/src/share/vm/prims/jvm.cpp:1322
Event: 2.827 Thread 0x00007fb64417b000 Threw 0x00000000eb90ca80 at /build/openjdk-7-UoaBYD/openjdk-7-7u95-2.6.4/build/openjdk/hotspot/src/share/vm/prims/jvm.cpp:1322
Event: 3.831 Thread 0x00007fb64417d800 Threw 0x00000000eb8dfc58 at /build/openjdk-7-UoaBYD/openjdk-7-7u95-2.6.4/build/openjdk/hotspot/src/share/vm/prims/jvm.cpp:1322
Event: 3.891 Thread 0x00007fb64417d800 Threw 0x00000000eb942860 at /build/openjdk-7-UoaBYD/openjdk-7-7u95-2.6.4/build/openjdk/hotspot/src/share/vm/prims/jvm.cpp:1322

Events (10 events):
Event: 4.132 Executing VM operation: EnableBiasedLocking done
Event: 4.153 Thread 0x00007fb644181800 Uncommon trap: trap_request=0xffffffde fr.pc=0x00007fb641082660
Event: 4.153 Thread 0x00007fb644181800 DEOPT PACKING pc=0x00007fb641082660 sp=0x00007fb63d7dffb0
Event: 4.153 Thread 0x00007fb644181800 DEOPT UNPACKING pc=0x00007fb641039445 sp=0x00007fb63d7dff78 mode 2
Event: 4.264 Thread 0x00007fb6440aa000 flushing nmethod 0x00007fb6410609d0
Event: 4.452 Thread 0x00007fb6440aa000 flushing nmethod 0x00007fb64106a8d0
Event: 4.452 Thread 0x00007fb6440aa000 flushing nmethod 0x00007fb64106b490
Event: 4.473 Thread 0x00007fb6440aa000 flushing nmethod 0x00007fb641073f50
Event: 4.473 Thread 0x00007fb6440aa000 flushing nmethod 0x00007fb641074610
Event: 5.277 Executing VM operation: ParallelGCFailedAllocation


Dynamic libraries:
00400000-00401000 r-xp 00000000 08:05 1067899                            /usr/lib/jvm/java-7-openjdk-amd64/jre/bin/java
00600000-00601000 r--p 00000000 08:05 1067899                            /usr/lib/jvm/java-7-openjdk-amd64/jre/bin/java
00601000-00602000 rw-p 00001000 08:05 1067899                            /usr/lib/jvm/java-7-openjdk-amd64/jre/bin/java
00eec000-00f0d000 rw-p 00000000 00:00 0                                  [heap]
b5a00000-b6f00000 rw-p 00000000 00:00 0 
b6f00000-c0000000 rw-p 00000000 00:00 0 
c0000000-c2d00000 rw-p 00000000 00:00 0 
c2d00000-eaa80000 rw-p 00000000 00:00 0 
eaa80000-eed80000 rw-p 00000000 00:00 0 
f5b80000-100000000 rw-p 00000000 00:00 0 
7fb5f0000000-7fb5f0024000 rw-p 00000000 00:00 0 
7fb5f0024000-7fb5f4000000 ---p 00000000 00:00 0 
7fb5f4000000-7fb5f4026000 rw-p 00000000 00:00 0 
7fb5f4026000-7fb5f8000000 ---p 00000000 00:00 0 
7fb5f8000000-7fb5f8021000 rw-p 00000000 00:00 0 
7fb5f8021000-7fb5fc000000 ---p 00000000 00:00 0 
7fb5fc000000-7fb5fc041000 rw-p 00000000 00:00 0 
7fb5fc041000-7fb600000000 ---p 00000000 00:00 0 
7fb600000000-7fb600021000 rw-p 00000000 00:00 0 
7fb600021000-7fb604000000 ---p 00000000 00:00 0 
7fb604000000-7fb604038000 rw-p 00000000 00:00 0 
7fb604038000-7fb608000000 ---p 00000000 00:00 0 
7fb608000000-7fb609530000 rw-p 00000000 00:00 0 
7fb609530000-7fb60c000000 ---p 00000000 00:00 0 
7fb60c000000-7fb60c021000 rw-p 00000000 00:00 0 
7fb60c021000-7fb610000000 ---p 00000000 00:00 0 
7fb610000000-7fb610021000 rw-p 00000000 00:00 0 
7fb610021000-7fb614000000 ---p 00000000 00:00 0 
7fb614000000-7fb6154f1000 rw-p 00000000 00:00 0 
7fb6154f1000-7fb618000000 ---p 00000000 00:00 0 
7fb618000000-7fb618021000 rw-p 00000000 00:00 0 
7fb618021000-7fb61c000000 ---p 00000000 00:00 0 
7fb61c000000-7fb61c021000 rw-p 00000000 00:00 0 
7fb61c021000-7fb620000000 ---p 00000000 00:00 0 
7fb620000000-7fb620021000 rw-p 00000000 00:00 0 
7fb620021000-7fb624000000 ---p 00000000 00:00 0 
7fb624000000-7fb624021000 rw-p 00000000 00:00 0 
7fb624021000-7fb628000000 ---p 00000000 00:00 0 
7fb628000000-7fb628021000 rw-p 00000000 00:00 0 
7fb628021000-7fb62c000000 ---p 00000000 00:00 0 
7fb630000000-7fb630021000 rw-p 00000000 00:00 0 
7fb630021000-7fb634000000 ---p 00000000 00:00 0 
7fb638000000-7fb638021000 rw-p 00000000 00:00 0 
7fb638021000-7fb63c000000 ---p 00000000 00:00 0 
7fb63d5e0000-7fb63d5e3000 ---p 00000000 00:00 0 
7fb63d5e3000-7fb63d6e1000 rw-p 00000000 00:00 0                          [stack:6913]
7fb63d6e1000-7fb63d6e4000 ---p 00000000 00:00 0 
7fb63d6e4000-7fb63d7e2000 rw-p 00000000 00:00 0                          [stack:6912]
7fb63d7e2000-7fb63d7e5000 ---p 00000000 00:00 0 
7fb63d7e5000-7fb63d8e3000 rw-p 00000000 00:00 0                          [stack:6911]
7fb63d8e3000-7fb63d8e6000 ---p 00000000 00:00 0 
7fb63d8e6000-7fb63d9e4000 rw-p 00000000 00:00 0                          [stack:6910]
7fb63d9e4000-7fb63d9e7000 ---p 00000000 00:00 0 
7fb63d9e7000-7fb63dae5000 rw-p 00000000 00:00 0                          [stack:6909]
7fb63dae5000-7fb63dae6000 ---p 00000000 00:00 0 
7fb63dae6000-7fb63dbe6000 rw-p 00000000 00:00 0                          [stack:6908]
7fb63dbe6000-7fb63dbe9000 ---p 00000000 00:00 0 
7fb63dbe9000-7fb63dce7000 rw-p 00000000 00:00 0                          [stack:6907]
7fb63dce7000-7fb63dcea000 ---p 00000000 00:00 0 
7fb63dcea000-7fb63dde8000 rw-p 00000000 00:00 0                          [stack:6906]
7fb63dde8000-7fb63ddeb000 ---p 00000000 00:00 0 
7fb63ddeb000-7fb63dee9000 rw-p 00000000 00:00 0                          [stack:6905]
7fb63dee9000-7fb63deec000 ---p 00000000 00:00 0 
7fb63deec000-7fb63dfea000 rw-p 00000000 00:00 0                          [stack:6904]
7fb63dfea000-7fb63e6cc000 r--p 00000000 08:05 1055607                    /usr/lib/locale/locale-archive
7fb63e6cc000-7fb63e6cf000 ---p 00000000 00:00 0 
7fb63e6cf000-7fb63e7cd000 rw-p 00000000 00:00 0                          [stack:6903]
7fb63e7cd000-7fb63e7d0000 ---p 00000000 00:00 0 
7fb63e7d0000-7fb63e8ce000 rw-p 00000000 00:00 0                          [stack:6902]
7fb63e8ce000-7fb63e8cf000 ---p 00000000 00:00 0 
7fb63e8cf000-7fb641000000 rw-p 00000000 00:00 0                          [stack:6901]
7fb641000000-7fb641270000 rwxp 00000000 00:00 0 
7fb641270000-7fb6441b1000 rw-p 00000000 00:00 0 
7fb6441b1000-7fb648000000 ---p 00000000 00:00 0 
7fb648095000-7fb6480a4000 r--s 000df000 08:05 1876128                    /home/iliak/Android/Sdk/build-tools/23.0.2/lib/dx.jar
7fb6480a4000-7fb648fa0000 rw-p 00000000 00:00 0 
7fb648fa0000-7fb649151000 r--s 01d30000 08:05 1067955                    /usr/lib/jvm/java-7-openjdk-amd64/jre/lib/rt.jar
7fb649151000-7fb64949d000 rw-p 00000000 00:00 0 
7fb64949d000-7fb64949e000 ---p 00000000 00:00 0 
7fb64949e000-7fb64959e000 rw-p 00000000 00:00 0                          [stack:6900]
7fb64959e000-7fb64959f000 ---p 00000000 00:00 0 
7fb64959f000-7fb64969f000 rw-p 00000000 00:00 0                          [stack:6899]
7fb64969f000-7fb6496a0000 ---p 00000000 00:00 0 
7fb6496a0000-7fb6497a0000 rw-p 00000000 00:00 0                          [stack:6898]
7fb6497a0000-7fb6497a1000 ---p 00000000 00:00 0 
7fb6497a1000-7fb6498ac000 rw-p 00000000 00:00 0                          [stack:6897]
7fb6498ac000-7fb6498f4000 rw-p 00000000 00:00 0 
7fb6498f4000-7fb64990b000 rw-p 00000000 00:00 0 
7fb64990b000-7fb649a4a000 rw-p 00000000 00:00 0 
7fb649a4a000-7fb649a55000 rw-p 00000000 00:00 0 
7fb649a55000-7fb649a9d000 rw-p 00000000 00:00 0 
7fb649a9d000-7fb649ab4000 rw-p 00000000 00:00 0 
7fb649ab4000-7fb649bf2000 rw-p 00000000 00:00 0 
7fb649bf2000-7fb649c14000 rw-p 00000000 00:00 0 
7fb649c14000-7fb649c9d000 rw-p 00000000 00:00 0 
7fb649c9d000-7fb649c9e000 rw-p 00000000 00:00 0 
7fb649c9e000-7fb649ca6000 r-xp 00000000 08:05 1067926                    /usr/lib/jvm/java-7-openjdk-amd64/jre/lib/amd64/libzip.so
7fb649ca6000-7fb649ea5000 ---p 00008000 08:05 1067926                    /usr/lib/jvm/java-7-openjdk-amd64/jre/lib/amd64/libzip.so
7fb649ea5000-7fb649ea6000 r--p 00007000 08:05 1067926                    /usr/lib/jvm/java-7-openjdk-amd64/jre/lib/amd64/libzip.so
7fb649ea6000-7fb649ea7000 rw-p 00008000 08:05 1067926                    /usr/lib/jvm/java-7-openjdk-amd64/jre/lib/amd64/libzip.so
7fb649ea7000-7fb649eb3000 r-xp 00000000 08:05 562742                     /lib/x86_64-linux-gnu/libnss_files-2.21.so
7fb649eb3000-7fb64a0b2000 ---p 0000c000 08:05 562742                     /lib/x86_64-linux-gnu/libnss_files-2.21.so
7fb64a0b2000-7fb64a0b3000 r--p 0000b000 08:05 562742                     /lib/x86_64-linux-gnu/libnss_files-2.21.so
7fb64a0b3000-7fb64a0b4000 rw-p 0000c000 08:05 562742                     /lib/x86_64-linux-gnu/libnss_files-2.21.so
7fb64a0b4000-7fb64a0bf000 r-xp 00000000 08:05 562950                     /lib/x86_64-linux-gnu/libnss_nis-2.21.so
7fb64a0bf000-7fb64a2be000 ---p 0000b000 08:05 562950                     /lib/x86_64-linux-gnu/libnss_nis-2.21.so
7fb64a2be000-7fb64a2bf000 r--p 0000a000 08:05 562950                     /lib/x86_64-linux-gnu/libnss_nis-2.21.so
7fb64a2bf000-7fb64a2c0000 rw-p 0000b000 08:05 562950                     /lib/x86_64-linux-gnu/libnss_nis-2.21.so
7fb64a2c0000-7fb64a2d7000 r-xp 00000000 08:05 562750                     /lib/x86_64-linux-gnu/libnsl-2.21.so
7fb64a2d7000-7fb64a4d6000 ---p 00017000 08:05 562750                     /lib/x86_64-linux-gnu/libnsl-2.21.so
7fb64a4d6000-7fb64a4d7000 r--p 00016000 08:05 562750                     /lib/x86_64-linux-gnu/libnsl-2.21.so
7fb64a4d7000-7fb64a4d8000 rw-p 00017000 08:05 562750                     /lib/x86_64-linux-gnu/libnsl-2.21.so
7fb64a4d8000-7fb64a4da000 rw-p 00000000 00:00 0 
7fb64a4da000-7fb64a4e2000 r-xp 00000000 08:05 562743                     /lib/x86_64-linux-gnu/libnss_compat-2.21.so
7fb64a4e2000-7fb64a6e1000 ---p 00008000 08:05 562743                     /lib/x86_64-linux-gnu/libnss_compat-2.21.so
7fb64a6e1000-7fb64a6e2000 r--p 00007000 08:05 562743                     /lib/x86_64-linux-gnu/libnss_compat-2.21.so
7fb64a6e2000-7fb64a6e3000 rw-p 00008000 08:05 562743                     /lib/x86_64-linux-gnu/libnss_compat-2.21.so
7fb64a6e3000-7fb64a70f000 r-xp 00000000 08:05 1067912                    /usr/lib/jvm/java-7-openjdk-amd64/jre/lib/amd64/libjava.so
7fb64a70f000-7fb64a90e000 ---p 0002c000 08:05 1067912                    /usr/lib/jvm/java-7-openjdk-amd64/jre/lib/amd64/libjava.so
7fb64a90e000-7fb64a90f000 r--p 0002b000 08:05 1067912                    /usr/lib/jvm/java-7-openjdk-amd64/jre/lib/amd64/libjava.so
7fb64a90f000-7fb64a911000 rw-p 0002c000 08:05 1067912                    /usr/lib/jvm/java-7-openjdk-amd64/jre/lib/amd64/libjava.so
7fb64a911000-7fb64a920000 r-xp 00000000 08:05 1067913                    /usr/lib/jvm/java-7-openjdk-amd64/jre/lib/amd64/libverify.so
7fb64a920000-7fb64ab1f000 ---p 0000f000 08:05 1067913                    /usr/lib/jvm/java-7-openjdk-amd64/jre/lib/amd64/libverify.so
7fb64ab1f000-7fb64ab21000 r--p 0000e000 08:05 1067913                    /usr/lib/jvm/java-7-openjdk-amd64/jre/lib/amd64/libverify.so
7fb64ab21000-7fb64ab22000 rw-p 00010000 08:05 1067913                    /usr/lib/jvm/java-7-openjdk-amd64/jre/lib/amd64/libverify.so
7fb64ab22000-7fb64ab29000 r-xp 00000000 08:05 562739                     /lib/x86_64-linux-gnu/librt-2.21.so
7fb64ab29000-7fb64ad28000 ---p 00007000 08:05 562739                     /lib/x86_64-linux-gnu/librt-2.21.so
7fb64ad28000-7fb64ad29000 r--p 00006000 08:05 562739                     /lib/x86_64-linux-gnu/librt-2.21.so
7fb64ad29000-7fb64ad2a000 rw-p 00007000 08:05 562739                     /lib/x86_64-linux-gnu/librt-2.21.so
7fb64ad2a000-7fb64ad40000 r-xp 00000000 08:05 528386                     /lib/x86_64-linux-gnu/libgcc_s.so.1
7fb64ad40000-7fb64af3f000 ---p 00016000 08:05 528386                     /lib/x86_64-linux-gnu/libgcc_s.so.1
7fb64af3f000-7fb64af40000 r--p 00015000 08:05 528386                     /lib/x86_64-linux-gnu/libgcc_s.so.1
7fb64af40000-7fb64af41000 rw-p 00016000 08:05 528386                     /lib/x86_64-linux-gnu/libgcc_s.so.1
7fb64af41000-7fb64b048000 r-xp 00000000 08:05 562952                     /lib/x86_64-linux-gnu/libm-2.21.so
7fb64b048000-7fb64b247000 ---p 00107000 08:05 562952                     /lib/x86_64-linux-gnu/libm-2.21.so
7fb64b247000-7fb64b248000 r--p 00106000 08:05 562952                     /lib/x86_64-linux-gnu/libm-2.21.so
7fb64b248000-7fb64b249000 rw-p 00107000 08:05 562952                     /lib/x86_64-linux-gnu/libm-2.21.so
7fb64b249000-7fb64b3bc000 r-xp 00000000 08:05 1059073                    /usr/lib/x86_64-linux-gnu/libstdc++.so.6.0.21
7fb64b3bc000-7fb64b5bb000 ---p 00173000 08:05 1059073                    /usr/lib/x86_64-linux-gnu/libstdc++.so.6.0.21
7fb64b5bb000-7fb64b5c5000 r--p 00172000 08:05 1059073                    /usr/lib/x86_64-linux-gnu/libstdc++.so.6.0.21
7fb64b5c5000-7fb64b5c7000 rw-p 0017c000 08:05 1059073                    /usr/lib/x86_64-linux-gnu/libstdc++.so.6.0.21
7fb64b5c7000-7fb64b5cb000 rw-p 00000000 00:00 0 
7fb64b5cb000-7fb64c11c000 r-xp 00000000 08:05 1067924                    /usr/lib/jvm/java-7-openjdk-amd64/jre/lib/amd64/server/libjvm.so
7fb64c11c000-7fb64c31b000 ---p 00b51000 08:05 1067924                    /usr/lib/jvm/java-7-openjdk-amd64/jre/lib/amd64/server/libjvm.so
7fb64c31b000-7fb64c3ac000 r--p 00b50000 08:05 1067924                    /usr/lib/jvm/java-7-openjdk-amd64/jre/lib/amd64/server/libjvm.so
7fb64c3ac000-7fb64c3cf000 rw-p 00be1000 08:05 1067924                    /usr/lib/jvm/java-7-openjdk-amd64/jre/lib/amd64/server/libjvm.so
7fb64c3cf000-7fb64c3fa000 rw-p 00000000 00:00 0 
7fb64c3fa000-7fb64c413000 r-xp 00000000 08:05 528532                     /lib/x86_64-linux-gnu/libz.so.1.2.8
7fb64c413000-7fb64c612000 ---p 00019000 08:05 528532                     /lib/x86_64-linux-gnu/libz.so.1.2.8
7fb64c612000-7fb64c613000 r--p 00018000 08:05 528532                     /lib/x86_64-linux-gnu/libz.so.1.2.8
7fb64c613000-7fb64c614000 rw-p 00019000 08:05 528532                     /lib/x86_64-linux-gnu/libz.so.1.2.8
7fb64c614000-7fb64c62c000 r-xp 00000000 08:05 562741                     /lib/x86_64-linux-gnu/libpthread-2.21.so
7fb64c62c000-7fb64c82c000 ---p 00018000 08:05 562741                     /lib/x86_64-linux-gnu/libpthread-2.21.so
7fb64c82c000-7fb64c82d000 r--p 00018000 08:05 562741                     /lib/x86_64-linux-gnu/libpthread-2.21.so
7fb64c82d000-7fb64c82e000 rw-p 00019000 08:05 562741                     /lib/x86_64-linux-gnu/libpthread-2.21.so
7fb64c82e000-7fb64c832000 rw-p 00000000 00:00 0 
7fb64c832000-7fb64c835000 r-xp 00000000 08:05 562949                     /lib/x86_64-linux-gnu/libdl-2.21.so
7fb64c835000-7fb64ca34000 ---p 00003000 08:05 562949                     /lib/x86_64-linux-gnu/libdl-2.21.so
7fb64ca34000-7fb64ca35000 r--p 00002000 08:05 562949                     /lib/x86_64-linux-gnu/libdl-2.21.so
7fb64ca35000-7fb64ca36000 rw-p 00003000 08:05 562949                     /lib/x86_64-linux-gnu/libdl-2.21.so
7fb64ca36000-7fb64cbf6000 r-xp 00000000 08:05 562954                     /lib/x86_64-linux-gnu/libc-2.21.so
7fb64cbf6000-7fb64cdf6000 ---p 001c0000 08:05 562954                     /lib/x86_64-linux-gnu/libc-2.21.so
7fb64cdf6000-7fb64cdfa000 r--p 001c0000 08:05 562954                     /lib/x86_64-linux-gnu/libc-2.21.so
7fb64cdfa000-7fb64cdfc000 rw-p 001c4000 08:05 562954                     /lib/x86_64-linux-gnu/libc-2.21.so
7fb64cdfc000-7fb64ce00000 rw-p 00000000 00:00 0 
7fb64ce00000-7fb64ce0d000 r-xp 00000000 08:05 1067939                    /usr/lib/jvm/java-7-openjdk-amd64/jre/lib/amd64/jli/libjli.so
7fb64ce0d000-7fb64d00c000 ---p 0000d000 08:05 1067939                    /usr/lib/jvm/java-7-openjdk-amd64/jre/lib/amd64/jli/libjli.so
7fb64d00c000-7fb64d00d000 r--p 0000c000 08:05 1067939                    /usr/lib/jvm/java-7-openjdk-amd64/jre/lib/amd64/jli/libjli.so
7fb64d00d000-7fb64d00e000 rw-p 0000d000 08:05 1067939                    /usr/lib/jvm/java-7-openjdk-amd64/jre/lib/amd64/jli/libjli.so
7fb64d00e000-7fb64d032000 r-xp 00000000 08:05 562943                     /lib/x86_64-linux-gnu/ld-2.21.so
7fb64d032000-7fb64d055000 rw-p 00000000 00:00 0 
7fb64d055000-7fb64d10b000 rw-p 00000000 00:00 0 
7fb64d10b000-7fb64d10e000 ---p 00000000 00:00 0 
7fb64d10e000-7fb64d211000 rw-p 00000000 00:00 0                          [stack:6896]
7fb64d211000-7fb64d214000 r--s 0000f000 08:05 1067968                    /usr/lib/jvm/java-7-openjdk-amd64/jre/lib/ext/icedtea-sound.jar
7fb64d214000-7fb64d216000 r--s 00007000 08:05 1458155                    /usr/share/java/java-atk-wrapper.jar
7fb64d216000-7fb64d21a000 r--s 00034000 08:05 1067967                    /usr/lib/jvm/java-7-openjdk-amd64/jre/lib/ext/sunjce_provider.jar
7fb64d21a000-7fb64d21c000 r--s 00012000 08:05 1067966                    /usr/lib/jvm/java-7-openjdk-amd64/jre/lib/ext/zipfs.jar
7fb64d21c000-7fb64d220000 r--s 0003c000 08:05 1067971                    /usr/lib/jvm/java-7-openjdk-amd64/jre/lib/ext/sunpkcs11.jar
7fb64d220000-7fb64d221000 r--s 00002000 08:05 1067965                    /usr/lib/jvm/java-7-openjdk-amd64/jre/lib/ext/dnsns.jar
7fb64d221000-7fb64d225000 r--s 00085000 08:05 1067970                    /usr/lib/jvm/java-7-openjdk-amd64/jre/lib/ext/localedata.jar
7fb64d225000-7fb64d22d000 rw-s 00000000 08:05 704795                     /tmp/hsperfdata_iliak/6890
7fb64d22d000-7fb64d22e000 rw-p 00000000 00:00 0 
7fb64d22e000-7fb64d22f000 ---p 00000000 00:00 0 
7fb64d22f000-7fb64d231000 rw-p 00000000 00:00 0 
7fb64d231000-7fb64d232000 r--p 00023000 08:05 562943                     /lib/x86_64-linux-gnu/ld-2.21.so
7fb64d232000-7fb64d233000 rw-p 00024000 08:05 562943                     /lib/x86_64-linux-gnu/ld-2.21.so
7fb64d233000-7fb64d234000 rw-p 00000000 00:00 0 
7ffc5f0ec000-7ffc5f10d000 rw-p 00000000 00:00 0                          [stack]
7ffc5f1a3000-7ffc5f1a5000 r--p 00000000 00:00 0                          [vvar]
7ffc5f1a5000-7ffc5f1a7000 r-xp 00000000 00:00 0                          [vdso]
ffffffffff600000-ffffffffff601000 r-xp 00000000 00:00 0                  [vsyscall]

VM Arguments:
jvm_args: -Djava.awt.headless=true -Xmx1024M -Dfile.encoding=UTF-8 -Duser.country=US -Duser.language=en -Duser.variant 
java_command: com.android.dx.command.Main --dex --force-jumbo --num-threads=4 --output /home/iliak/AndroidStudioProjects/world_statistic/app/build/intermediates/pre-dexed/debug/main_84fc999fe29351e4f31eec3a0acfbf49fc125637.jar /home/iliak/AndroidStudioProjects/world_statistic/app/build/intermediates/transforms/instantRun/debug/folders/1/5/main
Launcher Type: SUN_STANDARD

Environment Variables:
PATH=/usr/local/sbin:/usr/local/bin:/usr/sbin:/usr/bin:/sbin:/bin:/usr/games:/usr/local/games
SHELL=/bin/bash
DISPLAY=:0

Signal Handlers:
SIGSEGV: [libjvm.so+0x995450], sa_mask[0]=0x7ffbfeff, sa_flags=0x10000004
SIGBUS: [libjvm.so+0x995450], sa_mask[0]=0x7ffbfeff, sa_flags=0x10000004
SIGFPE: [libjvm.so+0x7fc6a0], sa_mask[0]=0x7ffbfeff, sa_flags=0x10000004
SIGPIPE: [libjvm.so+0x7fc6a0], sa_mask[0]=0x7ffbfeff, sa_flags=0x10000004
SIGXFSZ: [libjvm.so+0x7fc6a0], sa_mask[0]=0x7ffbfeff, sa_flags=0x10000004
SIGILL: [libjvm.so+0x7fc6a0], sa_mask[0]=0x7ffbfeff, sa_flags=0x10000004
SIGUSR1: SIG_DFL, sa_mask[0]=0x00000000, sa_flags=0x00000000
SIGUSR2: [libjvm.so+0x7fc520], sa_mask[0]=0x00000004, sa_flags=0x10000004
SIGHUP: [libjvm.so+0x7fc6b0], sa_mask[0]=0x7ffbfeff, sa_flags=0x10000004
SIGINT: [libjvm.so+0x7fc6b0], sa_mask[0]=0x7ffbfeff, sa_flags=0x10000004
SIGTERM: [libjvm.so+0x7fc6b0], sa_mask[0]=0x7ffbfeff, sa_flags=0x10000004
SIGQUIT: [libjvm.so+0x7fc6b0], sa_mask[0]=0x7ffbfeff, sa_flags=0x10000004
SIGTRAP: SIG_DFL, sa_mask[0]=0x00000000, sa_flags=0x00000000


---------------  S Y S T E M  ---------------

OS:Ubuntu 15.10 (wily)
uname:Linux 4.2.0-34-generic #39-Ubuntu SMP Thu Mar 10 22:13:01 UTC 2016 x86_64
libc:glibc 2.21 NPTL 2.21 
rlimit: STACK 8192k, CORE 0k, NPROC 15303, NOFILE 65536, AS infinity
load average:0.90 0.76 0.73

/proc/meminfo:
MemTotal:        3952276 kB
MemFree:           34716 kB
MemAvailable:      96436 kB
Buffers:            1316 kB
Cached:           393516 kB
SwapCached:            0 kB
Active:          3391664 kB
Inactive:         345188 kB
Active(anon):    3361524 kB
Inactive(anon):   319312 kB
Active(file):      30140 kB
Inactive(file):    25876 kB
Unevictable:          72 kB
Mlocked:              72 kB
SwapTotal:             0 kB
SwapFree:              0 kB
Dirty:              5064 kB
Writeback:             0 kB
AnonPages:       3342228 kB
Mapped:           196764 kB
Shmem:            338764 kB
Slab:              73732 kB
SReclaimable:      35092 kB
SUnreclaim:        38640 kB
KernelStack:       10176 kB
PageTables:        51132 kB
NFS_Unstable:          0 kB
Bounce:                0 kB
WritebackTmp:          0 kB
CommitLimit:     1976136 kB
Committed_AS:    8287864 kB
VmallocTotal:   34359738367 kB
VmallocUsed:      347668 kB
VmallocChunk:   34358947836 kB
HardwareCorrupted:     0 kB
AnonHugePages:    970752 kB
CmaTotal:              0 kB
CmaFree:               0 kB
HugePages_Total:       0
HugePages_Free:        0
HugePages_Rsvd:        0
HugePages_Surp:        0
Hugepagesize:       2048 kB
DirectMap4k:      168092 kB
DirectMap2M:     3932160 kB


CPU:total 4 (2 cores per cpu, 2 threads per core) family 6 model 42 stepping 7, cmov, cx8, fxsr, mmx, sse, sse2, sse3, ssse3, sse4.1, sse4.2, popcnt, avx, ht, tsc, tscinvbit

/proc/cpuinfo:
processor	: 0
vendor_id	: GenuineIntel
cpu family	: 6
model		: 42
model name	: Intel(R) Core(TM) i3-2310M CPU @ 2.10GHz
stepping	: 7
microcode	: 0x29
cpu MHz		: 886.347
cache size	: 3072 KB
physical id	: 0
siblings	: 4
core id		: 0
cpu cores	: 2
apicid		: 0
initial apicid	: 0
fpu		: yes
fpu_exception	: yes
cpuid level	: 13
wp		: yes
flags		: fpu vme de pse tsc msr pae mce cx8 apic sep mtrr pge mca cmov pat pse36 clflush dts acpi mmx fxsr sse sse2 ss ht tm pbe syscall nx rdtscp lm constant_tsc arch_perfmon pebs bts rep_good nopl xtopology nonstop_tsc aperfmperf eagerfpu pni pclmulqdq dtes64 monitor ds_cpl vmx est tm2 ssse3 cx16 xtpr pdcm pcid sse4_1 sse4_2 x2apic popcnt tsc_deadline_timer xsave avx lahf_lm arat epb pln pts dtherm tpr_shadow vnmi flexpriority ept vpid xsaveopt
bugs		:
bogomips	: 4190.56
clflush size	: 64
cache_alignment	: 64
address sizes	: 36 bits physical, 48 bits virtual
power management:

processor	: 1
vendor_id	: GenuineIntel
cpu family	: 6
model		: 42
model name	: Intel(R) Core(TM) i3-2310M CPU @ 2.10GHz
stepping	: 7
microcode	: 0x29
cpu MHz		: 829.007
cache size	: 3072 KB
physical id	: 0
siblings	: 4
core id		: 1
cpu cores	: 2
apicid		: 2
initial apicid	: 2
fpu		: yes
fpu_exception	: yes
cpuid level	: 13
wp		: yes
flags		: fpu vme de pse tsc msr pae mce cx8 apic sep mtrr pge mca cmov pat pse36 clflush dts acpi mmx fxsr sse sse2 ss ht tm pbe syscall nx rdtscp lm constant_tsc arch_perfmon pebs bts rep_good nopl xtopology nonstop_tsc aperfmperf eagerfpu pni pclmulqdq dtes64 monitor ds_cpl vmx est tm2 ssse3 cx16 xtpr pdcm pcid sse4_1 sse4_2 x2apic popcnt tsc_deadline_timer xsave avx lahf_lm arat epb pln pts dtherm tpr_shadow vnmi flexpriority ept vpid xsaveopt
bugs		:
bogomips	: 4190.56
clflush size	: 64
cache_alignment	: 64
address sizes	: 36 bits physical, 48 bits virtual
power management:

processor	: 2
vendor_id	: GenuineIntel
cpu family	: 6
model		: 42
model name	: Intel(R) Core(TM) i3-2310M CPU @ 2.10GHz
stepping	: 7
microcode	: 0x29
cpu MHz		: 804.644
cache size	: 3072 KB
physical id	: 0
siblings	: 4
core id		: 0
cpu cores	: 2
apicid		: 1
initial apicid	: 1
fpu		: yes
fpu_exception	: yes
cpuid level	: 13
wp		: yes
flags		: fpu vme de pse tsc msr pae mce cx8 apic sep mtrr pge mca cmov pat pse36 clflush dts acpi mmx fxsr sse sse2 ss ht tm pbe syscall nx rdtscp lm constant_tsc arch_perfmon pebs bts rep_good nopl xtopology nonstop_tsc aperfmperf eagerfpu pni pclmulqdq dtes64 monitor ds_cpl vmx est tm2 ssse3 cx16 xtpr pdcm pcid sse4_1 sse4_2 x2apic popcnt tsc_deadline_timer xsave avx lahf_lm arat epb pln pts dtherm tpr_shadow vnmi flexpriority ept vpid xsaveopt
bugs		:
bogomips	: 4190.56
clflush size	: 64
cache_alignment	: 64
address sizes	: 36 bits physical, 48 bits virtual
power management:

processor	: 3
vendor_id	: GenuineIntel
cpu family	: 6
model		: 42
model name	: Intel(R) Core(TM) i3-2310M CPU @ 2.10GHz
stepping	: 7
microcode	: 0x29
cpu MHz		: 901.277
cache size	: 3072 KB
physical id	: 0
siblings	: 4
core id		: 1
cpu cores	: 2
apicid		: 3
initial apicid	: 3
fpu		: yes
fpu_exception	: yes
cpuid level	: 13
wp		: yes
flags		: fpu vme de pse tsc msr pae mce cx8 apic sep mtrr pge mca cmov pat pse36 clflush dts acpi mmx fxsr sse sse2 ss ht tm pbe syscall nx rdtscp lm constant_tsc arch_perfmon pebs bts rep_good nopl xtopology nonstop_tsc aperfmperf eagerfpu pni pclmulqdq dtes64 monitor ds_cpl vmx est tm2 ssse3 cx16 xtpr pdcm pcid sse4_1 sse4_2 x2apic popcnt tsc_deadline_timer xsave avx lahf_lm arat epb pln pts dtherm tpr_shadow vnmi flexpriority ept vpid xsaveopt
bugs		:
bogomips	: 4190.56
clflush size	: 64
cache_alignment	: 64
address sizes	: 36 bits physical, 48 bits virtual
power management:



Memory: 4k page, physical 3952276k(34716k free), swap 0k(0k free)

vm_info: OpenJDK 64-Bit Server VM (24.95-b01) for linux-amd64 JRE (1.7.0_95-b00), built on Mar 24 2016 06:07:15 by "buildd" with gcc 5.2.1 20151010

time: Tue Apr  5 08:56:46 2016
elapsed time: 5 seconds

