#
# There is insufficient memory for the Java Runtime Environment to continue.
# Native memory allocation (malloc) failed to allocate 146800640 bytes for committing reserved memory.
# Possible reasons:
#   The system is out of physical RAM or swap space
#   In 32 bit mode, the process size limit was hit
# Possible solutions:
#   Reduce memory load on the system
#   Increase physical memory or swap space
#   Check if swap backing store is full
#   Use 64 bit Java on a 64 bit OS
#   Decrease Java heap size (-Xmx/-Xms)
#   Decrease number of Java threads
#   Decrease Java thread stack sizes (-Xss)
#   Set larger code cache with -XX:ReservedCodeCacheSize=
# This output file may be truncated or incomplete.
#
#  Out of Memory Error (os_linux.cpp:2827), pid=6973, tid=140393386088192
#
# JRE version: OpenJDK Runtime Environment (7.0_95) (build 1.7.0_95-b00)
# Java VM: OpenJDK 64-Bit Server VM (24.95-b01 mixed mode linux-amd64 compressed oops)
# Derivative: IcedTea 2.6.4
# Distribution: Ubuntu 15.10, package 7u95-2.6.4-0ubuntu0.15.10.2
# Failed to write core dump. Core dumps have been disabled. To enable core dumping, try "ulimit -c unlimited" before starting Java again
#

---------------  T H R E A D  ---------------

Current thread (0x00007fafe8076000):  VMThread [stack: 0x00007fafe1d81000,0x00007fafe1e82000] [id=6982]

Stack: [0x00007fafe1d81000,0x00007fafe1e82000],  sp=0x00007fafe1e804f0,  free space=1021k
Native frames: (J=compiled Java code, j=interpreted, Vv=VM code, C=native code)
V  [libjvm.so+0x9948f3]
V  [libjvm.so+0x48a9df]
V  [libjvm.so+0x80143b]
V  [libjvm.so+0x7fb82e]
V  [libjvm.so+0x871c4b]
V  [libjvm.so+0x873593]
V  [libjvm.so+0x86f818]
V  [libjvm.so+0x86fafc]
V  [libjvm.so+0x824df3]
V  [libjvm.so+0x996392]
V  [libjvm.so+0x99b0d7]
V  [libjvm.so+0x998968]
V  [libjvm.so+0x999cdf]
V  [libjvm.so+0x99a1d1]
V  [libjvm.so+0x7fe362]

VM_Operation (0x00007fafb32460a0): ParallelGCFailedAllocation, mode: safepoint, requested by thread 0x00007fafe819e000


---------------  P R O C E S S  ---------------

Java Threads: ( => current thread )
  0x00007fafe81a1800 JavaThread "pool-1-thread-4" [_thread_blocked, id=7000, stack(0x00007fafb2f45000,0x00007fafb3046000)]
  0x00007fafe819f800 JavaThread "pool-1-thread-3" [_thread_blocked, id=6999, stack(0x00007fafb3046000,0x00007fafb3147000)]
  0x00007fafe819e000 JavaThread "pool-1-thread-2" [_thread_blocked, id=6997, stack(0x00007fafb3147000,0x00007fafb3248000)]
  0x00007fafe819c800 JavaThread "pool-2-thread-1" [_thread_blocked, id=6996, stack(0x00007fafb3248000,0x00007fafb3349000)]
  0x00007fafe8191000 JavaThread "pool-1-thread-1" [_thread_blocked, id=6995, stack(0x00007fafb3349000,0x00007fafb344a000)]
  0x00007fafe80af800 JavaThread "Service Thread" daemon [_thread_blocked, id=6988, stack(0x00007fafe1099000,0x00007fafe119a000)]
  0x00007fafe80ad000 JavaThread "C2 CompilerThread1" daemon [_thread_blocked, id=6987, stack(0x00007fafe119a000,0x00007fafe129b000)]
  0x00007fafe80aa000 JavaThread "C2 CompilerThread0" daemon [_thread_blocked, id=6986, stack(0x00007fafe129b000,0x00007fafe139c000)]
  0x00007fafe80a7800 JavaThread "Signal Dispatcher" daemon [_thread_blocked, id=6985, stack(0x00007fafe139c000,0x00007fafe149d000)]
  0x00007fafe807c800 JavaThread "Finalizer" daemon [_thread_blocked, id=6984, stack(0x00007fafe1b7f000,0x00007fafe1c80000)]
  0x00007fafe807a800 JavaThread "Reference Handler" daemon [_thread_blocked, id=6983, stack(0x00007fafe1c80000,0x00007fafe1d81000)]
  0x00007fafe800a000 JavaThread "main" [_thread_blocked, id=6976, stack(0x00007faff0529000,0x00007faff062a000)]

Other Threads:
=>0x00007fafe8076000 VMThread [stack: 0x00007fafe1d81000,0x00007fafe1e82000] [id=6982]
  0x00007fafe80ba000 WatcherThread [stack: 0x00007fafe0f98000,0x00007fafe1099000] [id=6989]

VM state:at safepoint (normal execution)

VM Mutex/Monitor currently owned by a thread:  ([mutex/lock_event])
[0x00007fafe80069d0] Threads_lock - owner thread: 0x00007fafe8076000
[0x00007fafe8006ed0] Heap_lock - owner thread: 0x00007fafe819e000

Heap
 PSYoungGen      total 142336K, used 17897K [0x00000000eaa80000, 0x00000000f4980000, 0x0000000100000000)
  eden space 124416K, 0% used [0x00000000eaa80000,0x00000000eaa80000,0x00000000f2400000)
  from space 17920K, 99% used [0x00000000f2400000,0x00000000f357a748,0x00000000f3580000)
  to   space 15360K, 0% used [0x00000000f3580000,0x00000000f3580000,0x00000000f4480000)
 ParOldGen       total 40960K, used 37840K [0x00000000c0000000, 0x00000000c2800000, 0x00000000eaa80000)
  object space 40960K, 92% used [0x00000000c0000000,0x00000000c24f4008,0x00000000c2800000)
 PSPermGen       total 21504K, used 6349K [0x00000000b5a00000, 0x00000000b6f00000, 0x00000000c0000000)
  object space 21504K, 29% used [0x00000000b5a00000,0x00000000b6033660,0x00000000b6f00000)

Card table byte_map: [0x00007fafece68000,0x00007fafed0bc000] byte_map_base: 0x00007fafec8bb000

Polling page: 0x00007faff064c000

Code Cache  [0x00007fafe5000000, 0x00007fafe5270000, 0x00007fafe8000000)
 total_blobs=626 nmethods=395 adapters=184 free_code_cache=47471Kb largest_free_block=48580864

Compilation events (10 events):
Event: 86.746 Thread 0x00007fafe80ad000 nmethod 402 0x00007fafe5180050 code [0x00007fafe51801e0, 0x00007fafe5180c58]
Event: 86.746 Thread 0x00007fafe80ad000  409             com.android.dx.util.BitIntSet::has (28 bytes)
Event: 86.781 Thread 0x00007fafe80ad000 nmethod 409 0x00007fafe5127d10 code [0x00007fafe5127e60, 0x00007fafe5127f18]
Event: 86.781 Thread 0x00007fafe80ad000  410             java.util.Collections$UnmodifiableList::<init> (11 bytes)
Event: 86.793 Thread 0x00007fafe80ad000 nmethod 410 0x00007fafe5079f10 code [0x00007fafe507a040, 0x00007fafe507a0d8]
Event: 86.793 Thread 0x00007fafe80ad000  411             java.util.Collections$UnmodifiableRandomAccessList::<init> (6 bytes)
Event: 86.795 Thread 0x00007fafe80ad000 nmethod 411 0x00007fafe51a0ad0 code [0x00007fafe51a0c00, 0x00007fafe51a0c98]
Event: 86.795 Thread 0x00007fafe80ad000  412             com.android.dx.ssa.DeadCodeRemover::run (194 bytes)
Event: 86.892 Thread 0x00007fafe80aa000 nmethod 408 0x00007fafe51a99d0 code [0x00007fafe51a9b40, 0x00007fafe51a9f78]
Event: 86.892 Thread 0x00007fafe80aa000  413             com.android.dx.ssa.SsaConverter::edgeSplitMoveExceptionsAndResults (157 bytes)

GC Heap History (10 events):
Event: 9.362 GC heap after
Heap after GC invocations=2 (full 0):
 PSYoungGen      total 34304K, used 2554K [0x00000000eaa80000, 0x00000000ece80000, 0x0000000100000000)
  eden space 31744K, 0% used [0x00000000eaa80000,0x00000000eaa80000,0x00000000ec980000)
  from space 2560K, 99% used [0x00000000ecc00000,0x00000000ece7e908,0x00000000ece80000)
  to   space 2560K, 0% used [0x00000000ec980000,0x00000000ec980000,0x00000000ecc00000)
 ParOldGen       total 40960K, used 2038K [0x00000000c0000000, 0x00000000c2800000, 0x00000000eaa80000)
  object space 40960K, 4% used [0x00000000c0000000,0x00000000c01fd988,0x00000000c2800000)
 PSPermGen       total 21504K, used 5973K [0x00000000b5a00000, 0x00000000b6f00000, 0x00000000c0000000)
  object space 21504K, 27% used [0x00000000b5a00000,0x00000000b5fd5628,0x00000000b6f00000)
}
Event: 20.970 GC heap before
{Heap before GC invocations=3 (full 0):
 PSYoungGen      total 34304K, used 34298K [0x00000000eaa80000, 0x00000000ece80000, 0x0000000100000000)
  eden space 31744K, 100% used [0x00000000eaa80000,0x00000000ec980000,0x00000000ec980000)
  from space 2560K, 99% used [0x00000000ecc00000,0x00000000ece7e908,0x00000000ece80000)
  to   space 2560K, 0% used [0x00000000ec980000,0x00000000ec980000,0x00000000ecc00000)
 ParOldGen       total 40960K, used 2038K [0x00000000c0000000, 0x00000000c2800000, 0x00000000eaa80000)
  object space 40960K, 4% used [0x00000000c0000000,0x00000000c01fd988,0x00000000c2800000)
 PSPermGen       total 21504K, used 6155K [0x00000000b5a00000, 0x00000000b6f00000, 0x00000000c0000000)
  object space 21504K, 28% used [0x00000000b5a00000,0x00000000b6002f20,0x00000000b6f00000)
Event: 21.210 GC heap after
Heap after GC invocations=3 (full 0):
 PSYoungGen      total 34304K, used 2530K [0x00000000eaa80000, 0x00000000eed80000, 0x0000000100000000)
  eden space 31744K, 0% used [0x00000000eaa80000,0x00000000eaa80000,0x00000000ec980000)
  from space 2560K, 98% used [0x00000000ec980000,0x00000000ecbf8868,0x00000000ecc00000)
  to   space 2560K, 0% used [0x00000000eeb00000,0x00000000eeb00000,0x00000000eed80000)
 ParOldGen       total 40960K, used 7487K [0x00000000c0000000, 0x00000000c2800000, 0x00000000eaa80000)
  object space 40960K, 18% used [0x00000000c0000000,0x00000000c074fe30,0x00000000c2800000)
 PSPermGen       total 21504K, used 6155K [0x00000000b5a00000, 0x00000000b6f00000, 0x00000000c0000000)
  object space 21504K, 28% used [0x00000000b5a00000,0x00000000b6002f20,0x00000000b6f00000)
}
Event: 30.578 GC heap before
{Heap before GC invocations=4 (full 0):
 PSYoungGen      total 34304K, used 34274K [0x00000000eaa80000, 0x00000000eed80000, 0x0000000100000000)
  eden space 31744K, 100% used [0x00000000eaa80000,0x00000000ec980000,0x00000000ec980000)
  from space 2560K, 98% used [0x00000000ec980000,0x00000000ecbf8868,0x00000000ecc00000)
  to   space 2560K, 0% used [0x00000000eeb00000,0x00000000eeb00000,0x00000000eed80000)
 ParOldGen       total 40960K, used 7487K [0x00000000c0000000, 0x00000000c2800000, 0x00000000eaa80000)
  object space 40960K, 18% used [0x00000000c0000000,0x00000000c074fe30,0x00000000c2800000)
 PSPermGen       total 21504K, used 6203K [0x00000000b5a00000, 0x00000000b6f00000, 0x00000000c0000000)
  object space 21504K, 28% used [0x00000000b5a00000,0x00000000b600ee20,0x00000000b6f00000)
Event: 30.861 GC heap after
Heap after GC invocations=4 (full 0):
 PSYoungGen      total 66048K, used 2557K [0x00000000eaa80000, 0x00000000eed80000, 0x0000000100000000)
  eden space 63488K, 0% used [0x00000000eaa80000,0x00000000eaa80000,0x00000000ee880000)
  from space 2560K, 99% used [0x00000000eeb00000,0x00000000eed7f498,0x00000000eed80000)
  to   space 2560K, 0% used [0x00000000ee880000,0x00000000ee880000,0x00000000eeb00000)
 ParOldGen       total 40960K, used 13069K [0x00000000c0000000, 0x00000000c2800000, 0x00000000eaa80000)
  object space 40960K, 31% used [0x00000000c0000000,0x00000000c0cc3658,0x00000000c2800000)
 PSPermGen       total 21504K, used 6203K [0x00000000b5a00000, 0x00000000b6f00000, 0x00000000c0000000)
  object space 21504K, 28% used [0x00000000b5a00000,0x00000000b600ee20,0x00000000b6f00000)
}
Event: 48.531 GC heap before
{Heap before GC invocations=5 (full 0):
 PSYoungGen      total 66048K, used 66045K [0x00000000eaa80000, 0x00000000eed80000, 0x0000000100000000)
  eden space 63488K, 100% used [0x00000000eaa80000,0x00000000ee880000,0x00000000ee880000)
  from space 2560K, 99% used [0x00000000eeb00000,0x00000000eed7f498,0x00000000eed80000)
  to   space 2560K, 0% used [0x00000000ee880000,0x00000000ee880000,0x00000000eeb00000)
 ParOldGen       total 40960K, used 13069K [0x00000000c0000000, 0x00000000c2800000, 0x00000000eaa80000)
  object space 40960K, 31% used [0x00000000c0000000,0x00000000c0cc3658,0x00000000c2800000)
 PSPermGen       total 21504K, used 6242K [0x00000000b5a00000, 0x00000000b6f00000, 0x00000000c0000000)
  object space 21504K, 29% used [0x00000000b5a00000,0x00000000b6018b00,0x00000000b6f00000)
Event: 49.001 GC heap after
Heap after GC invocations=5 (full 0):
 PSYoungGen      total 66048K, used 2530K [0x00000000eaa80000, 0x00000000f4480000, 0x0000000100000000)
  eden space 63488K, 0% used [0x00000000eaa80000,0x00000000eaa80000,0x00000000ee880000)
  from space 2560K, 98% used [0x00000000ee880000,0x00000000eeaf8868,0x00000000eeb00000)
  to   space 15360K, 0% used [0x00000000f3580000,0x00000000f3580000,0x00000000f4480000)
 ParOldGen       total 40960K, used 23501K [0x00000000c0000000, 0x00000000c2800000, 0x00000000eaa80000)
  object space 40960K, 57% used [0x00000000c0000000,0x00000000c16f3548,0x00000000c2800000)
 PSPermGen       total 21504K, used 6242K [0x00000000b5a00000, 0x00000000b6f00000, 0x00000000c0000000)
  object space 21504K, 29% used [0x00000000b5a00000,0x00000000b6018b00,0x00000000b6f00000)
}
Event: 63.848 GC heap before
{Heap before GC invocations=6 (full 0):
 PSYoungGen      total 66048K, used 66018K [0x00000000eaa80000, 0x00000000f4480000, 0x0000000100000000)
  eden space 63488K, 100% used [0x00000000eaa80000,0x00000000ee880000,0x00000000ee880000)
  from space 2560K, 98% used [0x00000000ee880000,0x00000000eeaf8868,0x00000000eeb00000)
  to   space 15360K, 0% used [0x00000000f3580000,0x00000000f3580000,0x00000000f4480000)
 ParOldGen       total 40960K, used 23501K [0x00000000c0000000, 0x00000000c2800000, 0x00000000eaa80000)
  object space 40960K, 57% used [0x00000000c0000000,0x00000000c16f3548,0x00000000c2800000)
 PSPermGen       total 21504K, used 6285K [0x00000000b5a00000, 0x00000000b6f00000, 0x00000000c0000000)
  object space 21504K, 29% used [0x00000000b5a00000,0x00000000b60234b0,0x00000000b6f00000)
Event: 64.410 GC heap after
Heap after GC invocations=6 (full 0):
 PSYoungGen      total 139776K, used 13261K [0x00000000eaa80000, 0x00000000f4980000, 0x0000000100000000)
  eden space 124416K, 0% used [0x00000000eaa80000,0x00000000eaa80000,0x00000000f2400000)
  from space 15360K, 86% used [0x00000000f3580000,0x00000000f4273728,0x00000000f4480000)
  to   space 17920K, 0% used [0x00000000f2400000,0x00000000f2400000,0x00000000f3580000)
 ParOldGen       total 40960K, used 23501K [0x00000000c0000000, 0x00000000c2800000, 0x00000000eaa80000)
  object space 40960K, 57% used [0x00000000c0000000,0x00000000c16f3548,0x00000000c2800000)
 PSPermGen       total 21504K, used 6285K [0x00000000b5a00000, 0x00000000b6f00000, 0x00000000c0000000)
  object space 21504K, 29% used [0x00000000b5a00000,0x00000000b60234b0,0x00000000b6f00000)
}
Event: 88.845 GC heap before
{Heap before GC invocations=7 (full 0):
 PSYoungGen      total 139776K, used 137677K [0x00000000eaa80000, 0x00000000f4980000, 0x0000000100000000)
  eden space 124416K, 100% used [0x00000000eaa80000,0x00000000f2400000,0x00000000f2400000)
  from space 15360K, 86% used [0x00000000f3580000,0x00000000f4273728,0x00000000f4480000)
  to   space 17920K, 0% used [0x00000000f2400000,0x00000000f2400000,0x00000000f3580000)
 ParOldGen       total 40960K, used 23501K [0x00000000c0000000, 0x00000000c2800000, 0x00000000eaa80000)
  object space 40960K, 57% used [0x00000000c0000000,0x00000000c16f3548,0x00000000c2800000)
 PSPermGen       total 21504K, used 6349K [0x00000000b5a00000, 0x00000000b6f00000, 0x00000000c0000000)
  object space 21504K, 29% used [0x00000000b5a00000,0x00000000b6033660,0x00000000b6f00000)

Deoptimization events (10 events):
Event: 52.376 Thread 0x00007fafe81a1800 Uncommon trap: reason=unstable_if action=reinterpret pc=0x00007fafe50ec280 method=com.android.dx.ssa.SCCP.simulateBranch(Lcom/android/dx/ssa/SsaInsn;)V @ 64
Event: 52.382 Thread 0x00007fafe800a000 Uncommon trap: reason=null_check action=make_not_entrant pc=0x00007fafe5127770 method=com.android.dx.cf.code.Ropper$CatchInfo.getSetup(Lcom/android/dx/rop/type/Type;)Lcom/android/dx/cf/code/Ropper$ExceptionHandlerSetup; @ 10
Event: 79.725 Thread 0x00007fafe800a000 Uncommon trap: reason=unstable_if action=reinterpret pc=0x00007fafe50dcefc method=com.android.dx.ssa.Dominators.run()V @ 346
Event: 80.450 Thread 0x00007fafe800a000 Uncommon trap: reason=bimorphic action=maybe_recompile pc=0x00007fafe518a798 method=com.android.dx.cf.code.BytecodeArray.parseInstruction(ILcom/android/dx/cf/code/BytecodeArray$Visitor;)I @ 1357
Event: 80.495 Thread 0x00007fafe800a000 Uncommon trap: reason=bimorphic action=maybe_recompile pc=0x00007fafe518a798 method=com.android.dx.cf.code.BytecodeArray.parseInstruction(ILcom/android/dx/cf/code/BytecodeArray$Visitor;)I @ 1357
Event: 81.606 Thread 0x00007fafe800a000 Uncommon trap: reason=bimorphic action=maybe_recompile pc=0x00007fafe518a798 method=com.android.dx.cf.code.BytecodeArray.parseInstruction(ILcom/android/dx/cf/code/BytecodeArray$Visitor;)I @ 1357
Event: 81.649 Thread 0x00007fafe800a000 Uncommon trap: reason=bimorphic action=maybe_recompile pc=0x00007fafe518a798 method=com.android.dx.cf.code.BytecodeArray.parseInstruction(ILcom/android/dx/cf/code/BytecodeArray$Visitor;)I @ 1357
Event: 82.909 Thread 0x00007fafe819f800 Uncommon trap: reason=bimorphic action=maybe_recompile pc=0x00007fafe50ee03c method=com.android.dx.ssa.LiteralOpUpgrader.tryReplacingWithConstant(Lcom/android/dx/ssa/NormalSsaInsn;)Z @ 62
Event: 83.229 Thread 0x00007fafe819f800 Uncommon trap: reason=bimorphic action=maybe_recompile pc=0x00007fafe50ee03c method=com.android.dx.ssa.LiteralOpUpgrader.tryReplacingWithConstant(Lcom/android/dx/ssa/NormalSsaInsn;)Z @ 62
Event: 83.961 Thread 0x00007fafe8191000 Uncommon trap: reason=unstable_if action=reinterpret pc=0x00007fafe50ec4b4 method=java.util.HashMap.put(Ljava/lang/Object;Ljava/lang/Object;)Ljava/lang/Object; @ 86

Internal exceptions (10 events):
Event: 7.151 Thread 0x00007fafe81a1800 Threw 0x00000000eb455928 at /build/openjdk-7-UoaBYD/openjdk-7-7u95-2.6.4/build/openjdk/hotspot/src/share/vm/prims/jvm.cpp:1322
Event: 7.779 Thread 0x00007fafe81a1800 Implicit null exception at 0x00007fafe508103b to 0x00007fafe50813a9
Event: 8.443 Thread 0x00007fafe81a1800 Threw 0x00000000eb7e9b30 at /build/openjdk-7-UoaBYD/openjdk-7-7u95-2.6.4/build/openjdk/hotspot/src/share/vm/prims/jvm.cpp:1322
Event: 10.178 Thread 0x00007fafe819e000 Threw 0x00000000eac2ea00 at /build/openjdk-7-UoaBYD/openjdk-7-7u95-2.6.4/build/openjdk/hotspot/src/share/vm/prims/jvm.cpp:1322
Event: 14.060 Thread 0x00007fafe800a000 Implicit null exception at 0x00007fafe50a780f to 0x00007fafe50a7ef5
Event: 23.762 Thread 0x00007fafe800a000 Threw 0x00000000eb24a1c8 at /build/openjdk-7-UoaBYD/openjdk-7-7u95-2.6.4/build/openjdk/hotspot/src/share/vm/prims/jvm.cpp:1322
Event: 28.236 Thread 0x00007fafe819f800 Threw 0x00000000ec151260 at /build/openjdk-7-UoaBYD/openjdk-7-7u95-2.6.4/build/openjdk/hotspot/src/share/vm/prims/jvm.cpp:1322
Event: 29.578 Thread 0x00007fafe819f800 Threw 0x00000000ec6752b8 at /build/openjdk-7-UoaBYD/openjdk-7-7u95-2.6.4/build/openjdk/hotspot/src/share/vm/prims/jvm.cpp:1322
Event: 52.382 Thread 0x00007fafe800a000 Implicit null exception at 0x00007fafe5123a51 to 0x00007fafe5127745
Event: 58.225 Thread 0x00007fafe800a000 Threw 0x00000000ed425ec8 at /build/openjdk-7-UoaBYD/openjdk-7-7u95-2.6.4/build/openjdk/hotspot/src/share/vm/prims/jvm.cpp:1322

Events (10 events):
Event: 82.909 Thread 0x00007fafe819f800 Uncommon trap: trap_request=0xffffffc6 fr.pc=0x00007fafe50ee03c
Event: 82.909 Thread 0x00007fafe819f800 DEOPT PACKING pc=0x00007fafe50ee03c sp=0x00007fafb3145170
Event: 82.909 Thread 0x00007fafe819f800 DEOPT UNPACKING pc=0x00007fafe5039445 sp=0x00007fafb3145058 mode 2
Event: 83.229 Thread 0x00007fafe819f800 Uncommon trap: trap_request=0xffffffc6 fr.pc=0x00007fafe50ee03c
Event: 83.230 Thread 0x00007fafe819f800 DEOPT PACKING pc=0x00007fafe50ee03c sp=0x00007fafb31450e0
Event: 83.230 Thread 0x00007fafe819f800 DEOPT UNPACKING pc=0x00007fafe5039445 sp=0x00007fafb3144fc8 mode 2
Event: 83.961 Thread 0x00007fafe8191000 Uncommon trap: trap_request=0xffffff75 fr.pc=0x00007fafe50ec4b4
Event: 83.961 Thread 0x00007fafe8191000 DEOPT PACKING pc=0x00007fafe50ec4b4 sp=0x00007fafb3448110
Event: 83.961 Thread 0x00007fafe8191000 DEOPT UNPACKING pc=0x00007fafe5039445 sp=0x00007fafb34480e0 mode 2
Event: 88.814 Executing VM operation: ParallelGCFailedAllocation


Dynamic libraries:
00400000-00401000 r-xp 00000000 08:05 1067899                            /usr/lib/jvm/java-7-openjdk-amd64/jre/bin/java
00600000-00601000 r--p 00000000 08:05 1067899                            /usr/lib/jvm/java-7-openjdk-amd64/jre/bin/java
00601000-00602000 rw-p 00001000 08:05 1067899                            /usr/lib/jvm/java-7-openjdk-amd64/jre/bin/java
02567000-02588000 rw-p 00000000 00:00 0                                  [heap]
b5a00000-b6f00000 rw-p 00000000 00:00 0 
b6f00000-c0000000 rw-p 00000000 00:00 0 
c0000000-c2800000 rw-p 00000000 00:00 0 
c2800000-eaa80000 rw-p 00000000 00:00 0 
eaa80000-f4980000 rw-p 00000000 00:00 0 
fd580000-100000000 rw-p 00000000 00:00 0 
7faf98000000-7faf9802d000 rw-p 00000000 00:00 0 
7faf9802d000-7faf9c000000 ---p 00000000 00:00 0 
7faf9c000000-7faf9c022000 rw-p 00000000 00:00 0 
7faf9c022000-7fafa0000000 ---p 00000000 00:00 0 
7fafa0000000-7fafa0021000 rw-p 00000000 00:00 0 
7fafa0021000-7fafa4000000 ---p 00000000 00:00 0 
7fafa4000000-7fafa4021000 rw-p 00000000 00:00 0 
7fafa4021000-7fafa8000000 ---p 00000000 00:00 0 
7fafa8000000-7fafa802c000 rw-p 00000000 00:00 0 
7fafa802c000-7fafac000000 ---p 00000000 00:00 0 
7fafac000000-7fafac021000 rw-p 00000000 00:00 0 
7fafac021000-7fafb0000000 ---p 00000000 00:00 0 
7fafb2f45000-7fafb2f48000 ---p 00000000 00:00 0 
7fafb2f48000-7fafb3046000 rw-p 00000000 00:00 0                          [stack:7000]
7fafb3046000-7fafb3049000 ---p 00000000 00:00 0 
7fafb3049000-7fafb3147000 rw-p 00000000 00:00 0                          [stack:6999]
7fafb3147000-7fafb314a000 ---p 00000000 00:00 0 
7fafb314a000-7fafb3248000 rw-p 00000000 00:00 0                          [stack:6997]
7fafb3248000-7fafb324b000 ---p 00000000 00:00 0 
7fafb324b000-7fafb3349000 rw-p 00000000 00:00 0                          [stack:6996]
7fafb3349000-7fafb334c000 ---p 00000000 00:00 0 
7fafb334c000-7fafb374b000 rw-p 00000000 00:00 0                          [stack:6995]
7fafb374b000-7fafb37b7000 r-xp 00000000 08:05 528199                     /lib/x86_64-linux-gnu/libpcre.so.3.13.1
7fafb37b7000-7fafb39b7000 ---p 0006c000 08:05 528199                     /lib/x86_64-linux-gnu/libpcre.so.3.13.1
7fafb39b7000-7fafb39b8000 r--p 0006c000 08:05 528199                     /lib/x86_64-linux-gnu/libpcre.so.3.13.1
7fafb39b8000-7fafb39b9000 rw-p 0006d000 08:05 528199                     /lib/x86_64-linux-gnu/libpcre.so.3.13.1
7fafb39b9000-7fafb39c0000 r-xp 00000000 08:05 1058416                    /usr/lib/x86_64-linux-gnu/libffi.so.6.0.4
7fafb39c0000-7fafb3bbf000 ---p 00007000 08:05 1058416                    /usr/lib/x86_64-linux-gnu/libffi.so.6.0.4
7fafb3bbf000-7fafb3bc0000 r--p 00006000 08:05 1058416                    /usr/lib/x86_64-linux-gnu/libffi.so.6.0.4
7fafb3bc0000-7fafb3bc1000 rw-p 00007000 08:05 1058416                    /usr/lib/x86_64-linux-gnu/libffi.so.6.0.4
7fafb3bc1000-7fafb3bd8000 r-xp 00000000 08:05 562958                     /lib/x86_64-linux-gnu/libresolv-2.21.so
7fafb3bd8000-7fafb3dd8000 ---p 00017000 08:05 562958                     /lib/x86_64-linux-gnu/libresolv-2.21.so
7fafb3dd8000-7fafb3dd9000 r--p 00017000 08:05 562958                     /lib/x86_64-linux-gnu/libresolv-2.21.so
7fafb3dd9000-7fafb3dda000 rw-p 00018000 08:05 562958                     /lib/x86_64-linux-gnu/libresolv-2.21.so
7fafb3dda000-7fafb3ddc000 rw-p 00000000 00:00 0 
7fafb3ddc000-7fafb3dfd000 r-xp 00000000 08:05 528501                     /lib/x86_64-linux-gnu/libselinux.so.1
7fafb3dfd000-7fafb3ffc000 ---p 00021000 08:05 528501                     /lib/x86_64-linux-gnu/libselinux.so.1
7fafb3ffc000-7fafb3ffd000 r--p 00020000 08:05 528501                     /lib/x86_64-linux-gnu/libselinux.so.1
7fafb3ffd000-7fafb3ffe000 rw-p 00021000 08:05 528501                     /lib/x86_64-linux-gnu/libselinux.so.1
7fafb3ffe000-7fafb4000000 rw-p 00000000 00:00 0 
7fafb4000000-7fafb5477000 rw-p 00000000 00:00 0 
7fafb5477000-7fafb8000000 ---p 00000000 00:00 0 
7fafb8000000-7fafb8021000 rw-p 00000000 00:00 0 
7fafb8021000-7fafbc000000 ---p 00000000 00:00 0 
7fafbc000000-7fafbc021000 rw-p 00000000 00:00 0 
7fafbc021000-7fafc0000000 ---p 00000000 00:00 0 
7fafc0000000-7fafc193e000 rw-p 00000000 00:00 0 
7fafc193e000-7fafc4000000 ---p 00000000 00:00 0 
7fafc4000000-7fafc4021000 rw-p 00000000 00:00 0 
7fafc4021000-7fafc8000000 ---p 00000000 00:00 0 
7fafc8000000-7fafc8021000 rw-p 00000000 00:00 0 
7fafc8021000-7fafcc000000 ---p 00000000 00:00 0 
7fafcc000000-7fafcc021000 rw-p 00000000 00:00 0 
7fafcc021000-7fafd0000000 ---p 00000000 00:00 0 
7fafd0000000-7fafd0021000 rw-p 00000000 00:00 0 
7fafd0021000-7fafd4000000 ---p 00000000 00:00 0 
7fafd4000000-7fafd4021000 rw-p 00000000 00:00 0 
7fafd4021000-7fafd8000000 ---p 00000000 00:00 0 
7fafd8000000-7fafd8021000 rw-p 00000000 00:00 0 
7fafd8021000-7fafdc000000 ---p 00000000 00:00 0 
7fafdc000000-7fafdc021000 rw-p 00000000 00:00 0 
7fafdc021000-7fafe0000000 ---p 00000000 00:00 0 
7fafe0052000-7fafe0055000 r-xp 00000000 08:05 1049506                    /usr/lib/x86_64-linux-gnu/libgmodule-2.0.so.0.4600.2
7fafe0055000-7fafe0254000 ---p 00003000 08:05 1049506                    /usr/lib/x86_64-linux-gnu/libgmodule-2.0.so.0.4600.2
7fafe0254000-7fafe0255000 r--p 00002000 08:05 1049506                    /usr/lib/x86_64-linux-gnu/libgmodule-2.0.so.0.4600.2
7fafe0255000-7fafe0256000 rw-p 00003000 08:05 1049506                    /usr/lib/x86_64-linux-gnu/libgmodule-2.0.so.0.4600.2
7fafe0256000-7fafe0363000 r-xp 00000000 08:05 544499                     /lib/x86_64-linux-gnu/libglib-2.0.so.0.4600.2
7fafe0363000-7fafe0562000 ---p 0010d000 08:05 544499                     /lib/x86_64-linux-gnu/libglib-2.0.so.0.4600.2
7fafe0562000-7fafe0563000 r--p 0010c000 08:05 544499                     /lib/x86_64-linux-gnu/libglib-2.0.so.0.4600.2
7fafe0563000-7fafe0564000 rw-p 0010d000 08:05 544499                     /lib/x86_64-linux-gnu/libglib-2.0.so.0.4600.2
7fafe0564000-7fafe0565000 rw-p 00000000 00:00 0 
7fafe0565000-7fafe05b7000 r-xp 00000000 08:05 1049508                    /usr/lib/x86_64-linux-gnu/libgobject-2.0.so.0.4600.2
7fafe05b7000-7fafe07b6000 ---p 00052000 08:05 1049508                    /usr/lib/x86_64-linux-gnu/libgobject-2.0.so.0.4600.2
7fafe07b6000-7fafe07b7000 r--p 00051000 08:05 1049508                    /usr/lib/x86_64-linux-gnu/libgobject-2.0.so.0.4600.2
7fafe07b7000-7fafe07b8000 rw-p 00052000 08:05 1049508                    /usr/lib/x86_64-linux-gnu/libgobject-2.0.so.0.4600.2
7fafe07b8000-7fafe0932000 r-xp 00000000 08:05 1049504                    /usr/lib/x86_64-linux-gnu/libgio-2.0.so.0.4600.2
7fafe0932000-7fafe0b31000 ---p 0017a000 08:05 1049504                    /usr/lib/x86_64-linux-gnu/libgio-2.0.so.0.4600.2
7fafe0b31000-7fafe0b35000 r--p 00179000 08:05 1049504                    /usr/lib/x86_64-linux-gnu/libgio-2.0.so.0.4600.2
7fafe0b35000-7fafe0b37000 rw-p 0017d000 08:05 1049504                    /usr/lib/x86_64-linux-gnu/libgio-2.0.so.0.4600.2
7fafe0b37000-7fafe0b39000 rw-p 00000000 00:00 0 
7fafe0b57000-7fafe0b6e000 r-xp 00000000 08:05 1067921                    /usr/lib/jvm/java-7-openjdk-amd64/jre/lib/amd64/libnet.so
7fafe0b6e000-7fafe0d6e000 ---p 00017000 08:05 1067921                    /usr/lib/jvm/java-7-openjdk-amd64/jre/lib/amd64/libnet.so
7fafe0d6e000-7fafe0d6f000 r--p 00017000 08:05 1067921                    /usr/lib/jvm/java-7-openjdk-amd64/jre/lib/amd64/libnet.so
7fafe0d6f000-7fafe0d70000 rw-p 00018000 08:05 1067921                    /usr/lib/jvm/java-7-openjdk-amd64/jre/lib/amd64/libnet.so
7fafe0d70000-7fafe0d81000 r-xp 00000000 08:05 1067942                    /usr/lib/jvm/java-7-openjdk-amd64/jre/lib/amd64/libnio.so
7fafe0d81000-7fafe0f80000 ---p 00011000 08:05 1067942                    /usr/lib/jvm/java-7-openjdk-amd64/jre/lib/amd64/libnio.so
7fafe0f80000-7fafe0f81000 r--p 00010000 08:05 1067942                    /usr/lib/jvm/java-7-openjdk-amd64/jre/lib/amd64/libnio.so
7fafe0f81000-7fafe0f82000 rw-p 00011000 08:05 1067942                    /usr/lib/jvm/java-7-openjdk-amd64/jre/lib/amd64/libnio.so
7fafe0f82000-7fafe0f98000 r--s 000f0000 08:05 696999                     /home/iliak/AndroidStudioProjects/world_statistic/app/build/intermediates/exploded-aar/com.android.support/support-v4/23.2.1/jars/classes.jar
7fafe0f98000-7fafe0f99000 ---p 00000000 00:00 0 
7fafe0f99000-7fafe1099000 rw-p 00000000 00:00 0                          [stack:6989]
7fafe1099000-7fafe109c000 ---p 00000000 00:00 0 
7fafe109c000-7fafe119a000 rw-p 00000000 00:00 0                          [stack:6988]
7fafe119a000-7fafe119d000 ---p 00000000 00:00 0 
7fafe119d000-7fafe129b000 rw-p 00000000 00:00 0                          [stack:6987]
7fafe129b000-7fafe129e000 ---p 00000000 00:00 0 
7fafe129e000-7fafe139c000 rw-p 00000000 00:00 0                          [stack:6986]
7fafe139c000-7fafe139f000 ---p 00000000 00:00 0 
7fafe139f000-7fafe149d000 rw-p 00000000 00:00 0                          [stack:6985]
7fafe149d000-7fafe1b7f000 r--p 00000000 08:05 1055607                    /usr/lib/locale/locale-archive
7fafe1b7f000-7fafe1b82000 ---p 00000000 00:00 0 
7fafe1b82000-7fafe1c80000 rw-p 00000000 00:00 0                          [stack:6984]
7fafe1c80000-7fafe1c83000 ---p 00000000 00:00 0 
7fafe1c83000-7fafe1d81000 rw-p 00000000 00:00 0                          [stack:6983]
7fafe1d81000-7fafe1d82000 ---p 00000000 00:00 0 
7fafe1d82000-7fafe5000000 rw-p 00000000 00:00 0                          [stack:6982]
7fafe5000000-7fafe5270000 rwxp 00000000 00:00 0 
7fafe5270000-7fafe81d9000 rw-p 00000000 00:00 0 
7fafe81d9000-7fafec000000 ---p 00000000 00:00 0 
7fafec000000-7fafec00f000 r--s 000df000 08:05 1876128                    /home/iliak/Android/Sdk/build-tools/23.0.2/lib/dx.jar
7fafec00f000-7fafec3be000 rw-p 00000000 00:00 0 
7fafec3be000-7fafec56f000 r--s 01d30000 08:05 1067955                    /usr/lib/jvm/java-7-openjdk-amd64/jre/lib/rt.jar
7fafec56f000-7fafec8bb000 rw-p 00000000 00:00 0 
7fafec8bb000-7fafec8bc000 ---p 00000000 00:00 0 
7fafec8bc000-7fafec9bc000 rw-p 00000000 00:00 0                          [stack:6981]
7fafec9bc000-7fafec9bd000 ---p 00000000 00:00 0 
7fafec9bd000-7fafecabd000 rw-p 00000000 00:00 0                          [stack:6980]
7fafecabd000-7fafecabe000 ---p 00000000 00:00 0 
7fafecabe000-7fafecbbe000 rw-p 00000000 00:00 0                          [stack:6979]
7fafecbbe000-7fafecbbf000 ---p 00000000 00:00 0 
7fafecbbf000-7fafeccca000 rw-p 00000000 00:00 0                          [stack:6978]
7fafeccca000-7fafecd12000 rw-p 00000000 00:00 0 
7fafecd12000-7fafecd26000 rw-p 00000000 00:00 0 
7fafecd26000-7fafece68000 rw-p 00000000 00:00 0 
7fafece68000-7fafece73000 rw-p 00000000 00:00 0 
7fafece73000-7fafecebb000 rw-p 00000000 00:00 0 
7fafecebb000-7fafececf000 rw-p 00000000 00:00 0 
7fafececf000-7fafed010000 rw-p 00000000 00:00 0 
7fafed010000-7fafed060000 rw-p 00000000 00:00 0 
7fafed060000-7fafed0bb000 rw-p 00000000 00:00 0 
7fafed0bb000-7fafed0bc000 rw-p 00000000 00:00 0 
7fafed0bc000-7fafed0c4000 r-xp 00000000 08:05 1067926                    /usr/lib/jvm/java-7-openjdk-amd64/jre/lib/amd64/libzip.so
7fafed0c4000-7fafed2c3000 ---p 00008000 08:05 1067926                    /usr/lib/jvm/java-7-openjdk-amd64/jre/lib/amd64/libzip.so
7fafed2c3000-7fafed2c4000 r--p 00007000 08:05 1067926                    /usr/lib/jvm/java-7-openjdk-amd64/jre/lib/amd64/libzip.so
7fafed2c4000-7fafed2c5000 rw-p 00008000 08:05 1067926                    /usr/lib/jvm/java-7-openjdk-amd64/jre/lib/amd64/libzip.so
7fafed2c5000-7fafed2d1000 r-xp 00000000 08:05 562742                     /lib/x86_64-linux-gnu/libnss_files-2.21.so
7fafed2d1000-7fafed4d0000 ---p 0000c000 08:05 562742                     /lib/x86_64-linux-gnu/libnss_files-2.21.so
7fafed4d0000-7fafed4d1000 r--p 0000b000 08:05 562742                     /lib/x86_64-linux-gnu/libnss_files-2.21.so
7fafed4d1000-7fafed4d2000 rw-p 0000c000 08:05 562742                     /lib/x86_64-linux-gnu/libnss_files-2.21.so
7fafed4d2000-7fafed4dd000 r-xp 00000000 08:05 562950                     /lib/x86_64-linux-gnu/libnss_nis-2.21.so
7fafed4dd000-7fafed6dc000 ---p 0000b000 08:05 562950                     /lib/x86_64-linux-gnu/libnss_nis-2.21.so
7fafed6dc000-7fafed6dd000 r--p 0000a000 08:05 562950                     /lib/x86_64-linux-gnu/libnss_nis-2.21.so
7fafed6dd000-7fafed6de000 rw-p 0000b000 08:05 562950                     /lib/x86_64-linux-gnu/libnss_nis-2.21.so
7fafed6de000-7fafed6f5000 r-xp 00000000 08:05 562750                     /lib/x86_64-linux-gnu/libnsl-2.21.so
7fafed6f5000-7fafed8f4000 ---p 00017000 08:05 562750                     /lib/x86_64-linux-gnu/libnsl-2.21.so
7fafed8f4000-7fafed8f5000 r--p 00016000 08:05 562750                     /lib/x86_64-linux-gnu/libnsl-2.21.so
7fafed8f5000-7fafed8f6000 rw-p 00017000 08:05 562750                     /lib/x86_64-linux-gnu/libnsl-2.21.so
7fafed8f6000-7fafed8f8000 rw-p 00000000 00:00 0 
7fafed8f8000-7fafed900000 r-xp 00000000 08:05 562743                     /lib/x86_64-linux-gnu/libnss_compat-2.21.so
7fafed900000-7fafedaff000 ---p 00008000 08:05 562743                     /lib/x86_64-linux-gnu/libnss_compat-2.21.so
7fafedaff000-7fafedb00000 r--p 00007000 08:05 562743                     /lib/x86_64-linux-gnu/libnss_compat-2.21.so
7fafedb00000-7fafedb01000 rw-p 00008000 08:05 562743                     /lib/x86_64-linux-gnu/libnss_compat-2.21.so
7fafedb01000-7fafedb2d000 r-xp 00000000 08:05 1067912                    /usr/lib/jvm/java-7-openjdk-amd64/jre/lib/amd64/libjava.so
7fafedb2d000-7fafedd2c000 ---p 0002c000 08:05 1067912                    /usr/lib/jvm/java-7-openjdk-amd64/jre/lib/amd64/libjava.so
7fafedd2c000-7fafedd2d000 r--p 0002b000 08:05 1067912                    /usr/lib/jvm/java-7-openjdk-amd64/jre/lib/amd64/libjava.so
7fafedd2d000-7fafedd2f000 rw-p 0002c000 08:05 1067912                    /usr/lib/jvm/java-7-openjdk-amd64/jre/lib/amd64/libjava.so
7fafedd2f000-7fafedd3e000 r-xp 00000000 08:05 1067913                    /usr/lib/jvm/java-7-openjdk-amd64/jre/lib/amd64/libverify.so
7fafedd3e000-7fafedf3d000 ---p 0000f000 08:05 1067913                    /usr/lib/jvm/java-7-openjdk-amd64/jre/lib/amd64/libverify.so
7fafedf3d000-7fafedf3f000 r--p 0000e000 08:05 1067913                    /usr/lib/jvm/java-7-openjdk-amd64/jre/lib/amd64/libverify.so
7fafedf3f000-7fafedf40000 rw-p 00010000 08:05 1067913                    /usr/lib/jvm/java-7-openjdk-amd64/jre/lib/amd64/libverify.so
7fafedf40000-7fafedf47000 r-xp 00000000 08:05 562739                     /lib/x86_64-linux-gnu/librt-2.21.so
7fafedf47000-7fafee146000 ---p 00007000 08:05 562739                     /lib/x86_64-linux-gnu/librt-2.21.so
7fafee146000-7fafee147000 r--p 00006000 08:05 562739                     /lib/x86_64-linux-gnu/librt-2.21.so
7fafee147000-7fafee148000 rw-p 00007000 08:05 562739                     /lib/x86_64-linux-gnu/librt-2.21.so
7fafee148000-7fafee15e000 r-xp 00000000 08:05 528386                     /lib/x86_64-linux-gnu/libgcc_s.so.1
7fafee15e000-7fafee35d000 ---p 00016000 08:05 528386                     /lib/x86_64-linux-gnu/libgcc_s.so.1
7fafee35d000-7fafee35e000 r--p 00015000 08:05 528386                     /lib/x86_64-linux-gnu/libgcc_s.so.1
7fafee35e000-7fafee35f000 rw-p 00016000 08:05 528386                     /lib/x86_64-linux-gnu/libgcc_s.so.1
7fafee35f000-7fafee466000 r-xp 00000000 08:05 562952                     /lib/x86_64-linux-gnu/libm-2.21.so
7fafee466000-7fafee665000 ---p 00107000 08:05 562952                     /lib/x86_64-linux-gnu/libm-2.21.so
7fafee665000-7fafee666000 r--p 00106000 08:05 562952                     /lib/x86_64-linux-gnu/libm-2.21.so
7fafee666000-7fafee667000 rw-p 00107000 08:05 562952                     /lib/x86_64-linux-gnu/libm-2.21.so
7fafee667000-7fafee7da000 r-xp 00000000 08:05 1059073                    /usr/lib/x86_64-linux-gnu/libstdc++.so.6.0.21
7fafee7da000-7fafee9d9000 ---p 00173000 08:05 1059073                    /usr/lib/x86_64-linux-gnu/libstdc++.so.6.0.21
7fafee9d9000-7fafee9e3000 r--p 00172000 08:05 1059073                    /usr/lib/x86_64-linux-gnu/libstdc++.so.6.0.21
7fafee9e3000-7fafee9e5000 rw-p 0017c000 08:05 1059073                    /usr/lib/x86_64-linux-gnu/libstdc++.so.6.0.21
7fafee9e5000-7fafee9e9000 rw-p 00000000 00:00 0 
7fafee9e9000-7fafef53a000 r-xp 00000000 08:05 1067924                    /usr/lib/jvm/java-7-openjdk-amd64/jre/lib/amd64/server/libjvm.so
7fafef53a000-7fafef739000 ---p 00b51000 08:05 1067924                    /usr/lib/jvm/java-7-openjdk-amd64/jre/lib/amd64/server/libjvm.so
7fafef739000-7fafef7ca000 r--p 00b50000 08:05 1067924                    /usr/lib/jvm/java-7-openjdk-amd64/jre/lib/amd64/server/libjvm.so
7fafef7ca000-7fafef7ed000 rw-p 00be1000 08:05 1067924                    /usr/lib/jvm/java-7-openjdk-amd64/jre/lib/amd64/server/libjvm.so
7fafef7ed000-7fafef818000 rw-p 00000000 00:00 0 
7fafef818000-7fafef831000 r-xp 00000000 08:05 528532                     /lib/x86_64-linux-gnu/libz.so.1.2.8
7fafef831000-7fafefa30000 ---p 00019000 08:05 528532                     /lib/x86_64-linux-gnu/libz.so.1.2.8
7fafefa30000-7fafefa31000 r--p 00018000 08:05 528532                     /lib/x86_64-linux-gnu/libz.so.1.2.8
7fafefa31000-7fafefa32000 rw-p 00019000 08:05 528532                     /lib/x86_64-linux-gnu/libz.so.1.2.8
7fafefa32000-7fafefa4a000 r-xp 00000000 08:05 562741                     /lib/x86_64-linux-gnu/libpthread-2.21.so
7fafefa4a000-7fafefc4a000 ---p 00018000 08:05 562741                     /lib/x86_64-linux-gnu/libpthread-2.21.so
7fafefc4a000-7fafefc4b000 r--p 00018000 08:05 562741                     /lib/x86_64-linux-gnu/libpthread-2.21.so
7fafefc4b000-7fafefc4c000 rw-p 00019000 08:05 562741                     /lib/x86_64-linux-gnu/libpthread-2.21.so
7fafefc4c000-7fafefc50000 rw-p 00000000 00:00 0 
7fafefc50000-7fafefc53000 r-xp 00000000 08:05 562949                     /lib/x86_64-linux-gnu/libdl-2.21.so
7fafefc53000-7fafefe52000 ---p 00003000 08:05 562949                     /lib/x86_64-linux-gnu/libdl-2.21.so
7fafefe52000-7fafefe53000 r--p 00002000 08:05 562949                     /lib/x86_64-linux-gnu/libdl-2.21.so
7fafefe53000-7fafefe54000 rw-p 00003000 08:05 562949                     /lib/x86_64-linux-gnu/libdl-2.21.so
7fafefe54000-7faff0014000 r-xp 00000000 08:05 562954                     /lib/x86_64-linux-gnu/libc-2.21.so
7faff0014000-7faff0214000 ---p 001c0000 08:05 562954                     /lib/x86_64-linux-gnu/libc-2.21.so
7faff0214000-7faff0218000 r--p 001c0000 08:05 562954                     /lib/x86_64-linux-gnu/libc-2.21.so
7faff0218000-7faff021a000 rw-p 001c4000 08:05 562954                     /lib/x86_64-linux-gnu/libc-2.21.so
7faff021a000-7faff021e000 rw-p 00000000 00:00 0 
7faff021e000-7faff022b000 r-xp 00000000 08:05 1067939                    /usr/lib/jvm/java-7-openjdk-amd64/jre/lib/amd64/jli/libjli.so
7faff022b000-7faff042a000 ---p 0000d000 08:05 1067939                    /usr/lib/jvm/java-7-openjdk-amd64/jre/lib/amd64/jli/libjli.so
7faff042a000-7faff042b000 r--p 0000c000 08:05 1067939                    /usr/lib/jvm/java-7-openjdk-amd64/jre/lib/amd64/jli/libjli.so
7faff042b000-7faff042c000 rw-p 0000d000 08:05 1067939                    /usr/lib/jvm/java-7-openjdk-amd64/jre/lib/amd64/jli/libjli.so
7faff042c000-7faff0450000 r-xp 00000000 08:05 562943                     /lib/x86_64-linux-gnu/ld-2.21.so
7faff0450000-7faff0473000 rw-p 00000000 00:00 0 
7faff0473000-7faff0529000 rw-p 00000000 00:00 0 
7faff0529000-7faff052c000 ---p 00000000 00:00 0 
7faff052c000-7faff062f000 rw-p 00000000 00:00 0                          [stack:6976]
7faff062f000-7faff0632000 r--s 0000f000 08:05 1067968                    /usr/lib/jvm/java-7-openjdk-amd64/jre/lib/ext/icedtea-sound.jar
7faff0632000-7faff0634000 r--s 00007000 08:05 1458155                    /usr/share/java/java-atk-wrapper.jar
7faff0634000-7faff0638000 r--s 00034000 08:05 1067967                    /usr/lib/jvm/java-7-openjdk-amd64/jre/lib/ext/sunjce_provider.jar
7faff0638000-7faff063a000 r--s 00012000 08:05 1067966                    /usr/lib/jvm/java-7-openjdk-amd64/jre/lib/ext/zipfs.jar
7faff063a000-7faff063e000 r--s 0003c000 08:05 1067971                    /usr/lib/jvm/java-7-openjdk-amd64/jre/lib/ext/sunpkcs11.jar
7faff063e000-7faff063f000 r--s 00002000 08:05 1067965                    /usr/lib/jvm/java-7-openjdk-amd64/jre/lib/ext/dnsns.jar
7faff063f000-7faff0643000 r--s 00085000 08:05 1067970                    /usr/lib/jvm/java-7-openjdk-amd64/jre/lib/ext/localedata.jar
7faff0643000-7faff064b000 rw-s 00000000 08:05 694669                     /tmp/hsperfdata_iliak/6973
7faff064b000-7faff064c000 rw-p 00000000 00:00 0 
7faff064c000-7faff064d000 ---p 00000000 00:00 0 
7faff064d000-7faff064f000 rw-p 00000000 00:00 0 
7faff064f000-7faff0650000 r--p 00023000 08:05 562943                     /lib/x86_64-linux-gnu/ld-2.21.so
7faff0650000-7faff0651000 rw-p 00024000 08:05 562943                     /lib/x86_64-linux-gnu/ld-2.21.so
7faff0651000-7faff0652000 rw-p 00000000 00:00 0 
7ffcd0d68000-7ffcd0d89000 rw-p 00000000 00:00 0                          [stack]
7ffcd0d9a000-7ffcd0d9c000 r--p 00000000 00:00 0                          [vvar]
7ffcd0d9c000-7ffcd0d9e000 r-xp 00000000 00:00 0                          [vdso]
ffffffffff600000-ffffffffff601000 r-xp 00000000 00:00 0                  [vsyscall]

VM Arguments:
jvm_args: -Djava.awt.headless=true -Xmx1024M -Dfile.encoding=UTF-8 -Duser.country=US -Duser.language=en -Duser.variant 
java_command: com.android.dx.command.Main --dex --force-jumbo --num-threads=4 --output /home/iliak/AndroidStudioProjects/world_statistic/app/build/intermediates/pre-dexed/debug/com.android.support-support-v4-23.2.1_2f78b34249c66a1ec36b5b84acc8c2e1924a82ba.jar /home/iliak/AndroidStudioProjects/world_statistic/app/build/intermediates/exploded-aar/com.android.support/support-v4/23.2.1/jars/classes.jar
Launcher Type: SUN_STANDARD

Environment Variables:
PATH=/usr/local/sbin:/usr/local/bin:/usr/sbin:/usr/bin:/sbin:/bin:/usr/games:/usr/local/games
SHELL=/bin/bash
DISPLAY=:0

Signal Handlers:
SIGSEGV: [libjvm.so+0x995450], sa_mask[0]=0x7ffbfeff, sa_flags=0x10000004
SIGBUS: [libjvm.so+0x995450], sa_mask[0]=0x7ffbfeff, sa_flags=0x10000004
SIGFPE: [libjvm.so+0x7fc6a0], sa_mask[0]=0x7ffbfeff, sa_flags=0x10000004
SIGPIPE: [libjvm.so+0x7fc6a0], sa_mask[0]=0x7ffbfeff, sa_flags=0x10000004
SIGXFSZ: [libjvm.so+0x7fc6a0], sa_mask[0]=0x7ffbfeff, sa_flags=0x10000004
SIGILL: [libjvm.so+0x7fc6a0], sa_mask[0]=0x7ffbfeff, sa_flags=0x10000004
SIGUSR1: SIG_DFL, sa_mask[0]=0x00000000, sa_flags=0x00000000
SIGUSR2: [libjvm.so+0x7fc520], sa_mask[0]=0x00000004, sa_flags=0x10000004
SIGHUP: [libjvm.so+0x7fc6b0], sa_mask[0]=0x7ffbfeff, sa_flags=0x10000004
SIGINT: [libjvm.so+0x7fc6b0], sa_mask[0]=0x7ffbfeff, sa_flags=0x10000004
SIGTERM: [libjvm.so+0x7fc6b0], sa_mask[0]=0x7ffbfeff, sa_flags=0x10000004
SIGQUIT: [libjvm.so+0x7fc6b0], sa_mask[0]=0x7ffbfeff, sa_flags=0x10000004
SIGTRAP: SIG_DFL, sa_mask[0]=0x00000000, sa_flags=0x00000000


---------------  S Y S T E M  ---------------

OS:Ubuntu 15.10 (wily)
uname:Linux 4.2.0-34-generic #39-Ubuntu SMP Thu Mar 10 22:13:01 UTC 2016 x86_64
libc:glibc 2.21 NPTL 2.21 
rlimit: STACK 8192k, CORE 0k, NPROC 15303, NOFILE 65536, AS infinity
load average:17.66 15.15 11.56

/proc/meminfo:
MemTotal:        3952276 kB
MemFree:           29048 kB
MemAvailable:     146884 kB
Buffers:            7952 kB
Cached:           380464 kB
SwapCached:            0 kB
Active:          3452564 kB
Inactive:         301448 kB
Active(anon):    3380980 kB
Inactive(anon):   259132 kB
Active(file):      71584 kB
Inactive(file):    42316 kB
Unevictable:          32 kB
Mlocked:              32 kB
SwapTotal:             0 kB
SwapFree:              0 kB
Dirty:               236 kB
Writeback:             0 kB
AnonPages:       3365720 kB
Mapped:           179948 kB
Shmem:            274480 kB
Slab:              70376 kB
SReclaimable:      33324 kB
SUnreclaim:        37052 kB
KernelStack:       10432 kB
PageTables:        49804 kB
NFS_Unstable:          0 kB
Bounce:                0 kB
WritebackTmp:          0 kB
CommitLimit:     1976136 kB
Committed_AS:    8277684 kB
VmallocTotal:   34359738367 kB
VmallocUsed:      347612 kB
VmallocChunk:   34358947836 kB
HardwareCorrupted:     0 kB
AnonHugePages:   1409024 kB
CmaTotal:              0 kB
CmaFree:               0 kB
HugePages_Total:       0
HugePages_Free:        0
HugePages_Rsvd:        0
HugePages_Surp:        0
Hugepagesize:       2048 kB
DirectMap4k:      170140 kB
DirectMap2M:     3930112 kB


CPU:total 4 (2 cores per cpu, 2 threads per core) family 6 model 42 stepping 7, cmov, cx8, fxsr, mmx, sse, sse2, sse3, ssse3, sse4.1, sse4.2, popcnt, avx, ht, tsc, tscinvbit

/proc/cpuinfo:
processor	: 0
vendor_id	: GenuineIntel
cpu family	: 6
model		: 42
model name	: Intel(R) Core(TM) i3-2310M CPU @ 2.10GHz
stepping	: 7
microcode	: 0x29
cpu MHz		: 799.968
cache size	: 3072 KB
physical id	: 0
siblings	: 4
core id		: 0
cpu cores	: 2
apicid		: 0
initial apicid	: 0
fpu		: yes
fpu_exception	: yes
cpuid level	: 13
wp		: yes
flags		: fpu vme de pse tsc msr pae mce cx8 apic sep mtrr pge mca cmov pat pse36 clflush dts acpi mmx fxsr sse sse2 ss ht tm pbe syscall nx rdtscp lm constant_tsc arch_perfmon pebs bts rep_good nopl xtopology nonstop_tsc aperfmperf eagerfpu pni pclmulqdq dtes64 monitor ds_cpl vmx est tm2 ssse3 cx16 xtpr pdcm pcid sse4_1 sse4_2 x2apic popcnt tsc_deadline_timer xsave avx lahf_lm arat epb pln pts dtherm tpr_shadow vnmi flexpriority ept vpid xsaveopt
bugs		:
bogomips	: 4190.39
clflush size	: 64
cache_alignment	: 64
address sizes	: 36 bits physical, 48 bits virtual
power management:

processor	: 1
vendor_id	: GenuineIntel
cpu family	: 6
model		: 42
model name	: Intel(R) Core(TM) i3-2310M CPU @ 2.10GHz
stepping	: 7
microcode	: 0x29
cpu MHz		: 799.968
cache size	: 3072 KB
physical id	: 0
siblings	: 4
core id		: 1
cpu cores	: 2
apicid		: 2
initial apicid	: 2
fpu		: yes
fpu_exception	: yes
cpuid level	: 13
wp		: yes
flags		: fpu vme de pse tsc msr pae mce cx8 apic sep mtrr pge mca cmov pat pse36 clflush dts acpi mmx fxsr sse sse2 ss ht tm pbe syscall nx rdtscp lm constant_tsc arch_perfmon pebs bts rep_good nopl xtopology nonstop_tsc aperfmperf eagerfpu pni pclmulqdq dtes64 monitor ds_cpl vmx est tm2 ssse3 cx16 xtpr pdcm pcid sse4_1 sse4_2 x2apic popcnt tsc_deadline_timer xsave avx lahf_lm arat epb pln pts dtherm tpr_shadow vnmi flexpriority ept vpid xsaveopt
bugs		:
bogomips	: 4190.39
clflush size	: 64
cache_alignment	: 64
address sizes	: 36 bits physical, 48 bits virtual
power management:

processor	: 2
vendor_id	: GenuineIntel
cpu family	: 6
model		: 42
model name	: Intel(R) Core(TM) i3-2310M CPU @ 2.10GHz
stepping	: 7
microcode	: 0x29
cpu MHz		: 799.968
cache size	: 3072 KB
physical id	: 0
siblings	: 4
core id		: 0
cpu cores	: 2
apicid		: 1
initial apicid	: 1
fpu		: yes
fpu_exception	: yes
cpuid level	: 13
wp		: yes
flags		: fpu vme de pse tsc msr pae mce cx8 apic sep mtrr pge mca cmov pat pse36 clflush dts acpi mmx fxsr sse sse2 ss ht tm pbe syscall nx rdtscp lm constant_tsc arch_perfmon pebs bts rep_good nopl xtopology nonstop_tsc aperfmperf eagerfpu pni pclmulqdq dtes64 monitor ds_cpl vmx est tm2 ssse3 cx16 xtpr pdcm pcid sse4_1 sse4_2 x2apic popcnt tsc_deadline_timer xsave avx lahf_lm arat epb pln pts dtherm tpr_shadow vnmi flexpriority ept vpid xsaveopt
bugs		:
bogomips	: 4190.39
clflush size	: 64
cache_alignment	: 64
address sizes	: 36 bits physical, 48 bits virtual
power management:

processor	: 3
vendor_id	: GenuineIntel
cpu family	: 6
model		: 42
model name	: Intel(R) Core(TM) i3-2310M CPU @ 2.10GHz
stepping	: 7
microcode	: 0x29
cpu MHz		: 799.968
cache size	: 3072 KB
physical id	: 0
siblings	: 4
core id		: 1
cpu cores	: 2
apicid		: 3
initial apicid	: 3
fpu		: yes
fpu_exception	: yes
cpuid level	: 13
wp		: yes
flags		: fpu vme de pse tsc msr pae mce cx8 apic sep mtrr pge mca cmov pat pse36 clflush dts acpi mmx fxsr sse sse2 ss ht tm pbe syscall nx rdtscp lm constant_tsc arch_perfmon pebs bts rep_good nopl xtopology nonstop_tsc aperfmperf eagerfpu pni pclmulqdq dtes64 monitor ds_cpl vmx est tm2 ssse3 cx16 xtpr pdcm pcid sse4_1 sse4_2 x2apic popcnt tsc_deadline_timer xsave avx lahf_lm arat epb pln pts dtherm tpr_shadow vnmi flexpriority ept vpid xsaveopt
bugs		:
bogomips	: 4190.39
clflush size	: 64
cache_alignment	: 64
address sizes	: 36 bits physical, 48 bits virtual
power management:



Memory: 4k page, physical 3952276k(29048k free), swap 0k(0k free)

vm_info: OpenJDK 64-Bit Server VM (24.95-b01) for linux-amd64 JRE (1.7.0_95-b00), built on Mar 24 2016 06:07:15 by "buildd" with gcc 5.2.1 20151010

time: Sat Apr  9 09:44:14 2016
elapsed time: 89 seconds

