#
# There is insufficient memory for the Java Runtime Environment to continue.
# Native memory allocation (malloc) failed to allocate 93323264 bytes for committing reserved memory.
# Possible reasons:
#   The system is out of physical RAM or swap space
#   In 32 bit mode, the process size limit was hit
# Possible solutions:
#   Reduce memory load on the system
#   Increase physical memory or swap space
#   Check if swap backing store is full
#   Use 64 bit Java on a 64 bit OS
#   Decrease Java heap size (-Xmx/-Xms)
#   Decrease number of Java threads
#   Decrease Java thread stack sizes (-Xss)
#   Set larger code cache with -XX:ReservedCodeCacheSize=
# This output file may be truncated or incomplete.
#
#  Out of Memory Error (os_linux.cpp:2827), pid=8049, tid=139649390872320
#
# JRE version: OpenJDK Runtime Environment (7.0_95) (build 1.7.0_95-b00)
# Java VM: OpenJDK 64-Bit Server VM (24.95-b01 mixed mode linux-amd64 compressed oops)
# Derivative: IcedTea 2.6.4
# Distribution: Ubuntu 15.10, package 7u95-2.6.4-0ubuntu0.15.10.2
# Failed to write core dump. Core dumps have been disabled. To enable core dumping, try "ulimit -c unlimited" before starting Java again
#

---------------  T H R E A D  ---------------

Current thread (0x00007f02b0076000):  VMThread [stack: 0x00007f02a8460000,0x00007f02a8561000] [id=8058]

Stack: [0x00007f02a8460000,0x00007f02a8561000],  sp=0x00007f02a855f4f0,  free space=1021k
Native frames: (J=compiled Java code, j=interpreted, Vv=VM code, C=native code)
V  [libjvm.so+0x9948f3]
V  [libjvm.so+0x48a9df]
V  [libjvm.so+0x80143b]
V  [libjvm.so+0x7fb82e]
V  [libjvm.so+0x871c4b]
V  [libjvm.so+0x873593]
V  [libjvm.so+0x86f818]
V  [libjvm.so+0x86fafc]
V  [libjvm.so+0x824df3]
V  [libjvm.so+0x996392]
V  [libjvm.so+0x99b0d7]
V  [libjvm.so+0x998968]
V  [libjvm.so+0x999cdf]
V  [libjvm.so+0x99a1d1]
V  [libjvm.so+0x7fe362]

VM_Operation (0x00007f028d74cdf0): ParallelGCFailedAllocation, mode: safepoint, requested by thread 0x00007f02b01a2800


---------------  P R O C E S S  ---------------

Java Threads: ( => current thread )
  0x00007f02b01a2800 JavaThread "pool-1-thread-4" [_thread_blocked, id=8070, stack(0x00007f028d64e000,0x00007f028d74f000)]
  0x00007f02b01a1000 JavaThread "pool-1-thread-3" [_thread_blocked, id=8069, stack(0x00007f028d74f000,0x00007f028d850000)]
  0x00007f02b019f000 JavaThread "pool-1-thread-2" [_thread_blocked, id=8068, stack(0x00007f028d850000,0x00007f028d951000)]
  0x00007f02b019b000 JavaThread "pool-2-thread-1" [_thread_blocked, id=8067, stack(0x00007f028d951000,0x00007f028da52000)]
  0x00007f02b0199000 JavaThread "pool-1-thread-1" [_thread_blocked, id=8066, stack(0x00007f028da52000,0x00007f028db53000)]
  0x00007f02b00af800 JavaThread "Service Thread" daemon [_thread_blocked, id=8064, stack(0x00007f028f71c000,0x00007f028f81d000)]
  0x00007f02b00ad000 JavaThread "C2 CompilerThread1" daemon [_thread_blocked, id=8063, stack(0x00007f028f81d000,0x00007f028f91e000)]
  0x00007f02b00aa000 JavaThread "C2 CompilerThread0" daemon [_thread_in_native, id=8062, stack(0x00007f02a805c000,0x00007f02a815d000)]
  0x00007f02b00a7800 JavaThread "Signal Dispatcher" daemon [_thread_blocked, id=8061, stack(0x00007f02a815d000,0x00007f02a825e000)]
  0x00007f02b007c800 JavaThread "Finalizer" daemon [_thread_blocked, id=8060, stack(0x00007f02a825e000,0x00007f02a835f000)]
  0x00007f02b007a800 JavaThread "Reference Handler" daemon [_thread_blocked, id=8059, stack(0x00007f02a835f000,0x00007f02a8460000)]
  0x00007f02b000a000 JavaThread "main" [_thread_blocked, id=8053, stack(0x00007f02b6bfb000,0x00007f02b6cfc000)]

Other Threads:
=>0x00007f02b0076000 VMThread [stack: 0x00007f02a8460000,0x00007f02a8561000] [id=8058]
  0x00007f02b00ba000 WatcherThread [stack: 0x00007f028f61b000,0x00007f028f71c000] [id=8065]

VM state:at safepoint (normal execution)

VM Mutex/Monitor currently owned by a thread:  ([mutex/lock_event])
[0x00007f02b00069d0] Threads_lock - owner thread: 0x00007f02b0076000
[0x00007f02b0006ed0] Heap_lock - owner thread: 0x00007f02b01a2800

Heap
 PSYoungGen      total 66048K, used 2532K [0x00000000eaa80000, 0x00000000eed80000, 0x0000000100000000)
  eden space 63488K, 0% used [0x00000000eaa80000,0x00000000eaa80000,0x00000000ee880000)
  from space 2560K, 98% used [0x00000000ee880000,0x00000000eeaf9330,0x00000000eeb00000)
  to   space 2560K, 0% used [0x00000000eeb00000,0x00000000eeb00000,0x00000000eed80000)
 ParOldGen       total 40960K, used 24937K [0x00000000c0000000, 0x00000000c2800000, 0x00000000eaa80000)
  object space 40960K, 60% used [0x00000000c0000000,0x00000000c185a4f8,0x00000000c2800000)
 PSPermGen       total 21504K, used 6240K [0x00000000b5a00000, 0x00000000b6f00000, 0x00000000c0000000)
  object space 21504K, 29% used [0x00000000b5a00000,0x00000000b60180f0,0x00000000b6f00000)

Card table byte_map: [0x00007f02ac367000,0x00007f02ac5bb000] byte_map_base: 0x00007f02abdba000

Polling page: 0x00007f02b6d1e000

Code Cache  [0x00007f02ac5bb000, 0x00007f02ac82b000, 0x00007f02af5bb000)
 total_blobs=499 nmethods=268 adapters=184 free_code_cache=48016Kb largest_free_block=49126080

Compilation events (10 events):
Event: 37.390 Thread 0x00007f02b00ad000 nmethod 271 0x00007f02ac6cbe90 code [0x00007f02ac6cc100, 0x00007f02ac6cd418]
Event: 37.390 Thread 0x00007f02b00ad000  272             com.android.dx.cf.code.Frame::getStack (5 bytes)
Event: 37.391 Thread 0x00007f02b00ad000 nmethod 272 0x00007f02ac650590 code [0x00007f02ac6506c0, 0x00007f02ac650718]
Event: 37.391 Thread 0x00007f02b00ad000  273             com.android.dx.util.IntList::contains (14 bytes)
Event: 37.439 Thread 0x00007f02b00ad000 nmethod 273 0x00007f02ac69ddd0 code [0x00007f02ac69df20, 0x00007f02ac69e0f8]
Event: 37.439 Thread 0x00007f02b00ad000  274             com.android.dx.ssa.back.SsaToRop::convertInsns (53 bytes)
Event: 37.665 Thread 0x00007f02b00ad000 nmethod 274 0x00007f02ac6c97d0 code [0x00007f02ac6c9960, 0x00007f02ac6c9d78]
Event: 37.665 Thread 0x00007f02b00ad000  275             java.util.Collections$UnmodifiableCollection$1::next (10 bytes)
Event: 37.756 Thread 0x00007f02b00ad000 nmethod 275 0x00007f02ac6b6210 code [0x00007f02ac6b6380, 0x00007f02ac6b65f8]
Event: 37.756 Thread 0x00007f02b00ad000  276             com.android.dx.ssa.SsaMethod::forEachBlockDepthFirstDom (128 bytes)

GC Heap History (9 events):
Event: 3.396 GC heap before
{Heap before GC invocations=1 (full 0):
 PSYoungGen      total 18432K, used 15872K [0x00000000eaa80000, 0x00000000ebf00000, 0x0000000100000000)
  eden space 15872K, 100% used [0x00000000eaa80000,0x00000000eba00000,0x00000000eba00000)
  from space 2560K, 0% used [0x00000000ebc80000,0x00000000ebc80000,0x00000000ebf00000)
  to   space 2560K, 0% used [0x00000000eba00000,0x00000000eba00000,0x00000000ebc80000)
 ParOldGen       total 40960K, used 0K [0x00000000c0000000, 0x00000000c2800000, 0x00000000eaa80000)
  object space 40960K, 0% used [0x00000000c0000000,0x00000000c0000000,0x00000000c2800000)
 PSPermGen       total 21504K, used 4242K [0x00000000b5a00000, 0x00000000b6f00000, 0x00000000c0000000)
  object space 21504K, 19% used [0x00000000b5a00000,0x00000000b5e249f8,0x00000000b6f00000)
Event: 3.446 GC heap after
Heap after GC invocations=1 (full 0):
 PSYoungGen      total 18432K, used 1109K [0x00000000eaa80000, 0x00000000ece80000, 0x0000000100000000)
  eden space 15872K, 0% used [0x00000000eaa80000,0x00000000eaa80000,0x00000000eba00000)
  from space 2560K, 43% used [0x00000000eba00000,0x00000000ebb155e0,0x00000000ebc80000)
  to   space 2560K, 0% used [0x00000000ecc00000,0x00000000ecc00000,0x00000000ece80000)
 ParOldGen       total 40960K, used 8K [0x00000000c0000000, 0x00000000c2800000, 0x00000000eaa80000)
  object space 40960K, 0% used [0x00000000c0000000,0x00000000c0002000,0x00000000c2800000)
 PSPermGen       total 21504K, used 4242K [0x00000000b5a00000, 0x00000000b6f00000, 0x00000000c0000000)
  object space 21504K, 19% used [0x00000000b5a00000,0x00000000b5e249f8,0x00000000b6f00000)
}
Event: 7.858 GC heap before
{Heap before GC invocations=2 (full 0):
 PSYoungGen      total 18432K, used 16981K [0x00000000eaa80000, 0x00000000ece80000, 0x0000000100000000)
  eden space 15872K, 100% used [0x00000000eaa80000,0x00000000eba00000,0x00000000eba00000)
  from space 2560K, 43% used [0x00000000eba00000,0x00000000ebb155e0,0x00000000ebc80000)
  to   space 2560K, 0% used [0x00000000ecc00000,0x00000000ecc00000,0x00000000ece80000)
 ParOldGen       total 40960K, used 8K [0x00000000c0000000, 0x00000000c2800000, 0x00000000eaa80000)
  object space 40960K, 0% used [0x00000000c0000000,0x00000000c0002000,0x00000000c2800000)
 PSPermGen       total 21504K, used 5976K [0x00000000b5a00000, 0x00000000b6f00000, 0x00000000c0000000)
  object space 21504K, 27% used [0x00000000b5a00000,0x00000000b5fd6268,0x00000000b6f00000)
Event: 7.951 GC heap after
Heap after GC invocations=2 (full 0):
 PSYoungGen      total 34304K, used 2555K [0x00000000eaa80000, 0x00000000ece80000, 0x0000000100000000)
  eden space 31744K, 0% used [0x00000000eaa80000,0x00000000eaa80000,0x00000000ec980000)
  from space 2560K, 99% used [0x00000000ecc00000,0x00000000ece7ec50,0x00000000ece80000)
  to   space 2560K, 0% used [0x00000000ec980000,0x00000000ec980000,0x00000000ecc00000)
 ParOldGen       total 40960K, used 1991K [0x00000000c0000000, 0x00000000c2800000, 0x00000000eaa80000)
  object space 40960K, 4% used [0x00000000c0000000,0x00000000c01f1c88,0x00000000c2800000)
 PSPermGen       total 21504K, used 5976K [0x00000000b5a00000, 0x00000000b6f00000, 0x00000000c0000000)
  object space 21504K, 27% used [0x00000000b5a00000,0x00000000b5fd6268,0x00000000b6f00000)
}
Event: 15.913 GC heap before
{Heap before GC invocations=3 (full 0):
 PSYoungGen      total 34304K, used 34299K [0x00000000eaa80000, 0x00000000ece80000, 0x0000000100000000)
  eden space 31744K, 100% used [0x00000000eaa80000,0x00000000ec980000,0x00000000ec980000)
  from space 2560K, 99% used [0x00000000ecc00000,0x00000000ece7ec50,0x00000000ece80000)
  to   space 2560K, 0% used [0x00000000ec980000,0x00000000ec980000,0x00000000ecc00000)
 ParOldGen       total 40960K, used 1991K [0x00000000c0000000, 0x00000000c2800000, 0x00000000eaa80000)
  object space 40960K, 4% used [0x00000000c0000000,0x00000000c01f1c88,0x00000000c2800000)
 PSPermGen       total 21504K, used 6156K [0x00000000b5a00000, 0x00000000b6f00000, 0x00000000c0000000)
  object space 21504K, 28% used [0x00000000b5a00000,0x00000000b6003048,0x00000000b6f00000)
Event: 16.123 GC heap after
Heap after GC invocations=3 (full 0):
 PSYoungGen      total 34304K, used 2559K [0x00000000eaa80000, 0x00000000eed80000, 0x0000000100000000)
  eden space 31744K, 0% used [0x00000000eaa80000,0x00000000eaa80000,0x00000000ec980000)
  from space 2560K, 99% used [0x00000000ec980000,0x00000000ecbfff40,0x00000000ecc00000)
  to   space 2560K, 0% used [0x00000000eeb00000,0x00000000eeb00000,0x00000000eed80000)
 ParOldGen       total 40960K, used 7786K [0x00000000c0000000, 0x00000000c2800000, 0x00000000eaa80000)
  object space 40960K, 19% used [0x00000000c0000000,0x00000000c079ab30,0x00000000c2800000)
 PSPermGen       total 21504K, used 6156K [0x00000000b5a00000, 0x00000000b6f00000, 0x00000000c0000000)
  object space 21504K, 28% used [0x00000000b5a00000,0x00000000b6003048,0x00000000b6f00000)
}
Event: 24.138 GC heap before
{Heap before GC invocations=4 (full 0):
 PSYoungGen      total 34304K, used 34303K [0x00000000eaa80000, 0x00000000eed80000, 0x0000000100000000)
  eden space 31744K, 100% used [0x00000000eaa80000,0x00000000ec980000,0x00000000ec980000)
  from space 2560K, 99% used [0x00000000ec980000,0x00000000ecbfff40,0x00000000ecc00000)
  to   space 2560K, 0% used [0x00000000eeb00000,0x00000000eeb00000,0x00000000eed80000)
 ParOldGen       total 40960K, used 7786K [0x00000000c0000000, 0x00000000c2800000, 0x00000000eaa80000)
  object space 40960K, 19% used [0x00000000c0000000,0x00000000c079ab30,0x00000000c2800000)
 PSPermGen       total 21504K, used 6199K [0x00000000b5a00000, 0x00000000b6f00000, 0x00000000c0000000)
  object space 21504K, 28% used [0x00000000b5a00000,0x00000000b600dca8,0x00000000b6f00000)
Event: 24.424 GC heap after
Heap after GC invocations=4 (full 0):
 PSYoungGen      total 66048K, used 2548K [0x00000000eaa80000, 0x00000000eed80000, 0x0000000100000000)
  eden space 63488K, 0% used [0x00000000eaa80000,0x00000000eaa80000,0x00000000ee880000)
  from space 2560K, 99% used [0x00000000eeb00000,0x00000000eed7d320,0x00000000eed80000)
  to   space 2560K, 0% used [0x00000000ee880000,0x00000000ee880000,0x00000000eeb00000)
 ParOldGen       total 40960K, used 14125K [0x00000000c0000000, 0x00000000c2800000, 0x00000000eaa80000)
  object space 40960K, 34% used [0x00000000c0000000,0x00000000c0dcb6b0,0x00000000c2800000)
 PSPermGen       total 21504K, used 6199K [0x00000000b5a00000, 0x00000000b6f00000, 0x00000000c0000000)
  object space 21504K, 28% used [0x00000000b5a00000,0x00000000b600dca8,0x00000000b6f00000)
}
Event: 39.016 GC heap before
{Heap before GC invocations=5 (full 0):
 PSYoungGen      total 66048K, used 66036K [0x00000000eaa80000, 0x00000000eed80000, 0x0000000100000000)
  eden space 63488K, 100% used [0x00000000eaa80000,0x00000000ee880000,0x00000000ee880000)
  from space 2560K, 99% used [0x00000000eeb00000,0x00000000eed7d320,0x00000000eed80000)
  to   space 2560K, 0% used [0x00000000ee880000,0x00000000ee880000,0x00000000eeb00000)
 ParOldGen       total 40960K, used 14125K [0x00000000c0000000, 0x00000000c2800000, 0x00000000eaa80000)
  object space 40960K, 34% used [0x00000000c0000000,0x00000000c0dcb6b0,0x00000000c2800000)
 PSPermGen       total 21504K, used 6240K [0x00000000b5a00000, 0x00000000b6f00000, 0x00000000c0000000)
  object space 21504K, 29% used [0x00000000b5a00000,0x00000000b60180f0,0x00000000b6f00000)

Deoptimization events (10 events):
Event: 13.871 Thread 0x00007f02b000a000 Uncommon trap: reason=unstable_if action=reinterpret pc=0x00007f02ac66bce0 method=com.android.dx.rop.code.RegisterSpecSet.put(Lcom/android/dx/rop/code/RegisterSpec;)V @ 77
Event: 17.067 Thread 0x00007f02b000a000 Uncommon trap: reason=unstable_if action=reinterpret pc=0x00007f02ac66a4c8 method=com.android.dx.rop.code.RegisterSpec.equals(ILcom/android/dx/rop/type/TypeBearer;Lcom/android/dx/rop/code/LocalItem;)Z @ 42
Event: 17.502 Thread 0x00007f02b019f000 Uncommon trap: reason=unstable_if action=reinterpret pc=0x00007f02ac648334 method=com.android.dx.util.IntList.binarysearch(I)I @ 105
Event: 18.758 Thread 0x00007f02b019f000 Uncommon trap: reason=null_check action=make_not_entrant pc=0x00007f02ac680c38 method=com.android.dx.ssa.SsaRenamer.getLocalForNewReg(I)Lcom/android/dx/rop/code/LocalItem; @ 19
Event: 19.709 Thread 0x00007f02b019f000 Uncommon trap: reason=class_check action=maybe_recompile pc=0x00007f02ac66425c method=java.util.HashMap.put(Ljava/lang/Object;Ljava/lang/Object;)Ljava/lang/Object; @ 83
Event: 19.709 Thread 0x00007f02b019f000 Uncommon trap: reason=class_check action=maybe_recompile pc=0x00007f02ac66425c method=java.util.HashMap.put(Ljava/lang/Object;Ljava/lang/Object;)Ljava/lang/Object; @ 83
Event: 19.709 Thread 0x00007f02b019f000 Uncommon trap: reason=class_check action=maybe_recompile pc=0x00007f02ac66425c method=java.util.HashMap.put(Ljava/lang/Object;Ljava/lang/Object;)Ljava/lang/Object; @ 83
Event: 19.710 Thread 0x00007f02b019f000 Uncommon trap: reason=class_check action=maybe_recompile pc=0x00007f02ac66425c method=java.util.HashMap.put(Ljava/lang/Object;Ljava/lang/Object;)Ljava/lang/Object; @ 83
Event: 22.024 Thread 0x00007f02b0199000 Uncommon trap: reason=unstable_if action=reinterpret pc=0x00007f02ac6a501c method=com.android.dx.ssa.SCCP.simulateBranch(Lcom/android/dx/ssa/SsaInsn;)V @ 64
Event: 38.010 Thread 0x00007f02b01a2800 Uncommon trap: reason=unstable_if action=reinterpret pc=0x00007f02ac6d636c method=com.android.dx.cf.code.Ropper.isSynchronized()Z @ 12

Internal exceptions (10 events):
Event: 5.503 Thread 0x00007f02b0199000 Threw 0x00000000eb1f6ce8 at /build/openjdk-7-UoaBYD/openjdk-7-7u95-2.6.4/build/openjdk/hotspot/src/share/vm/prims/jvm.cpp:1322
Event: 5.517 Thread 0x00007f02b01a2800 Threw 0x00000000eb215860 at /build/openjdk-7-UoaBYD/openjdk-7-7u95-2.6.4/build/openjdk/hotspot/src/share/vm/prims/jvm.cpp:1322
Event: 6.431 Thread 0x00007f02b01a2800 Threw 0x00000000eb496268 at /build/openjdk-7-UoaBYD/openjdk-7-7u95-2.6.4/build/openjdk/hotspot/src/share/vm/prims/jvm.cpp:1322
Event: 6.912 Thread 0x00007f02b000a000 Threw 0x00000000eb6d8f80 at /build/openjdk-7-UoaBYD/openjdk-7-7u95-2.6.4/build/openjdk/hotspot/src/share/vm/prims/jvm.cpp:1322
Event: 8.339 Thread 0x00007f02b0199000 Threw 0x00000000eac8c1e0 at /build/openjdk-7-UoaBYD/openjdk-7-7u95-2.6.4/build/openjdk/hotspot/src/share/vm/prims/jvm.cpp:1322
Event: 11.946 Thread 0x00007f02b000a000 Implicit null exception at 0x00007f02ac653063 to 0x00007f02ac653749
Event: 18.758 Thread 0x00007f02b019f000 Implicit null exception at 0x00007f02ac67ed1d to 0x00007f02ac680c15
Event: 19.092 Thread 0x00007f02b000a000 Threw 0x00000000eb71c860 at /build/openjdk-7-UoaBYD/openjdk-7-7u95-2.6.4/build/openjdk/hotspot/src/share/vm/prims/jvm.cpp:1322
Event: 22.061 Thread 0x00007f02b0199000 Threw 0x00000000ec0ba458 at /build/openjdk-7-UoaBYD/openjdk-7-7u95-2.6.4/build/openjdk/hotspot/src/share/vm/prims/jvm.cpp:1322
Event: 23.459 Thread 0x00007f02b019f000 Threw 0x00000000ec61e000 at /build/openjdk-7-UoaBYD/openjdk-7-7u95-2.6.4/build/openjdk/hotspot/src/share/vm/prims/jvm.cpp:1322

Events (10 events):
Event: 23.642 Thread 0x00007f02b00ad000 flushing nmethod 0x00007f02ac634bd0
Event: 23.658 Thread 0x00007f02b00ad000 flushing nmethod 0x00007f02ac63ded0
Event: 23.658 Thread 0x00007f02b00ad000 flushing nmethod 0x00007f02ac640b90
Event: 23.707 Thread 0x00007f02b00ad000 flushing nmethod 0x00007f02ac650590
Event: 24.127 Executing VM operation: ParallelGCFailedAllocation
Event: 24.424 Executing VM operation: ParallelGCFailedAllocation done
Event: 38.010 Thread 0x00007f02b01a2800 Uncommon trap: trap_request=0xffffff75 fr.pc=0x00007f02ac6d636c
Event: 38.010 Thread 0x00007f02b01a2800 DEOPT PACKING pc=0x00007f02ac6d636c sp=0x00007f028d74d2f0
Event: 38.010 Thread 0x00007f02b01a2800 DEOPT UNPACKING pc=0x00007f02ac5f4445 sp=0x00007f028d74d258 mode 2
Event: 39.009 Executing VM operation: ParallelGCFailedAllocation


Dynamic libraries:
00400000-00401000 r-xp 00000000 08:05 1067899                            /usr/lib/jvm/java-7-openjdk-amd64/jre/bin/java
00600000-00601000 r--p 00000000 08:05 1067899                            /usr/lib/jvm/java-7-openjdk-amd64/jre/bin/java
00601000-00602000 rw-p 00001000 08:05 1067899                            /usr/lib/jvm/java-7-openjdk-amd64/jre/bin/java
01cc3000-01ce4000 rw-p 00000000 00:00 0                                  [heap]
b5a00000-b6f00000 rw-p 00000000 00:00 0 
b6f00000-c0000000 rw-p 00000000 00:00 0 
c0000000-c2800000 rw-p 00000000 00:00 0 
c2800000-eaa80000 rw-p 00000000 00:00 0 
eaa80000-eed80000 rw-p 00000000 00:00 0 
f4680000-100000000 rw-p 00000000 00:00 0 
7f025c000000-7f025c021000 rw-p 00000000 00:00 0 
7f025c021000-7f0260000000 ---p 00000000 00:00 0 
7f0264000000-7f026402e000 rw-p 00000000 00:00 0 
7f026402e000-7f0268000000 ---p 00000000 00:00 0 
7f0268000000-7f0268023000 rw-p 00000000 00:00 0 
7f0268023000-7f026c000000 ---p 00000000 00:00 0 
7f026c000000-7f026c03f000 rw-p 00000000 00:00 0 
7f026c03f000-7f0270000000 ---p 00000000 00:00 0 
7f0270000000-7f0270021000 rw-p 00000000 00:00 0 
7f0270021000-7f0274000000 ---p 00000000 00:00 0 
7f0274000000-7f0274021000 rw-p 00000000 00:00 0 
7f0274021000-7f0278000000 ---p 00000000 00:00 0 
7f0278000000-7f0278021000 rw-p 00000000 00:00 0 
7f0278021000-7f027c000000 ---p 00000000 00:00 0 
7f027c000000-7f027d63f000 rw-p 00000000 00:00 0 
7f027d63f000-7f0280000000 ---p 00000000 00:00 0 
7f0280000000-7f0281367000 rw-p 00000000 00:00 0 
7f0281367000-7f0284000000 ---p 00000000 00:00 0 
7f0284000000-7f0284021000 rw-p 00000000 00:00 0 
7f0284021000-7f0288000000 ---p 00000000 00:00 0 
7f0288000000-7f0288021000 rw-p 00000000 00:00 0 
7f0288021000-7f028c000000 ---p 00000000 00:00 0 
7f028d64e000-7f028d651000 ---p 00000000 00:00 0 
7f028d651000-7f028d74f000 rw-p 00000000 00:00 0                          [stack:8070]
7f028d74f000-7f028d752000 ---p 00000000 00:00 0 
7f028d752000-7f028d850000 rw-p 00000000 00:00 0                          [stack:8069]
7f028d850000-7f028d853000 ---p 00000000 00:00 0 
7f028d853000-7f028d951000 rw-p 00000000 00:00 0                          [stack:8068]
7f028d951000-7f028d954000 ---p 00000000 00:00 0 
7f028d954000-7f028da52000 rw-p 00000000 00:00 0                          [stack:8067]
7f028da52000-7f028da55000 ---p 00000000 00:00 0 
7f028da55000-7f028de54000 rw-p 00000000 00:00 0                          [stack:8066]
7f028de54000-7f028dec0000 r-xp 00000000 08:05 528199                     /lib/x86_64-linux-gnu/libpcre.so.3.13.1
7f028dec0000-7f028e0c0000 ---p 0006c000 08:05 528199                     /lib/x86_64-linux-gnu/libpcre.so.3.13.1
7f028e0c0000-7f028e0c1000 r--p 0006c000 08:05 528199                     /lib/x86_64-linux-gnu/libpcre.so.3.13.1
7f028e0c1000-7f028e0c2000 rw-p 0006d000 08:05 528199                     /lib/x86_64-linux-gnu/libpcre.so.3.13.1
7f028e0c2000-7f028e0c9000 r-xp 00000000 08:05 1058416                    /usr/lib/x86_64-linux-gnu/libffi.so.6.0.4
7f028e0c9000-7f028e2c8000 ---p 00007000 08:05 1058416                    /usr/lib/x86_64-linux-gnu/libffi.so.6.0.4
7f028e2c8000-7f028e2c9000 r--p 00006000 08:05 1058416                    /usr/lib/x86_64-linux-gnu/libffi.so.6.0.4
7f028e2c9000-7f028e2ca000 rw-p 00007000 08:05 1058416                    /usr/lib/x86_64-linux-gnu/libffi.so.6.0.4
7f028e2ca000-7f028e2e1000 r-xp 00000000 08:05 562958                     /lib/x86_64-linux-gnu/libresolv-2.21.so
7f028e2e1000-7f028e4e1000 ---p 00017000 08:05 562958                     /lib/x86_64-linux-gnu/libresolv-2.21.so
7f028e4e1000-7f028e4e2000 r--p 00017000 08:05 562958                     /lib/x86_64-linux-gnu/libresolv-2.21.so
7f028e4e2000-7f028e4e3000 rw-p 00018000 08:05 562958                     /lib/x86_64-linux-gnu/libresolv-2.21.so
7f028e4e3000-7f028e4e5000 rw-p 00000000 00:00 0 
7f028e4e5000-7f028e506000 r-xp 00000000 08:05 528501                     /lib/x86_64-linux-gnu/libselinux.so.1
7f028e506000-7f028e705000 ---p 00021000 08:05 528501                     /lib/x86_64-linux-gnu/libselinux.so.1
7f028e705000-7f028e706000 r--p 00020000 08:05 528501                     /lib/x86_64-linux-gnu/libselinux.so.1
7f028e706000-7f028e707000 rw-p 00021000 08:05 528501                     /lib/x86_64-linux-gnu/libselinux.so.1
7f028e707000-7f028e709000 rw-p 00000000 00:00 0 
7f028e709000-7f028e70c000 r-xp 00000000 08:05 1049506                    /usr/lib/x86_64-linux-gnu/libgmodule-2.0.so.0.4600.2
7f028e70c000-7f028e90b000 ---p 00003000 08:05 1049506                    /usr/lib/x86_64-linux-gnu/libgmodule-2.0.so.0.4600.2
7f028e90b000-7f028e90c000 r--p 00002000 08:05 1049506                    /usr/lib/x86_64-linux-gnu/libgmodule-2.0.so.0.4600.2
7f028e90c000-7f028e90d000 rw-p 00003000 08:05 1049506                    /usr/lib/x86_64-linux-gnu/libgmodule-2.0.so.0.4600.2
7f028e90d000-7f028ea1a000 r-xp 00000000 08:05 544499                     /lib/x86_64-linux-gnu/libglib-2.0.so.0.4600.2
7f028ea1a000-7f028ec19000 ---p 0010d000 08:05 544499                     /lib/x86_64-linux-gnu/libglib-2.0.so.0.4600.2
7f028ec19000-7f028ec1a000 r--p 0010c000 08:05 544499                     /lib/x86_64-linux-gnu/libglib-2.0.so.0.4600.2
7f028ec1a000-7f028ec1b000 rw-p 0010d000 08:05 544499                     /lib/x86_64-linux-gnu/libglib-2.0.so.0.4600.2
7f028ec1b000-7f028ec1c000 rw-p 00000000 00:00 0 
7f028ec1c000-7f028ec6e000 r-xp 00000000 08:05 1049508                    /usr/lib/x86_64-linux-gnu/libgobject-2.0.so.0.4600.2
7f028ec6e000-7f028ee6d000 ---p 00052000 08:05 1049508                    /usr/lib/x86_64-linux-gnu/libgobject-2.0.so.0.4600.2
7f028ee6d000-7f028ee6e000 r--p 00051000 08:05 1049508                    /usr/lib/x86_64-linux-gnu/libgobject-2.0.so.0.4600.2
7f028ee6e000-7f028ee6f000 rw-p 00052000 08:05 1049508                    /usr/lib/x86_64-linux-gnu/libgobject-2.0.so.0.4600.2
7f028ee6f000-7f028efe9000 r-xp 00000000 08:05 1049504                    /usr/lib/x86_64-linux-gnu/libgio-2.0.so.0.4600.2
7f028efe9000-7f028f1e8000 ---p 0017a000 08:05 1049504                    /usr/lib/x86_64-linux-gnu/libgio-2.0.so.0.4600.2
7f028f1e8000-7f028f1ec000 r--p 00179000 08:05 1049504                    /usr/lib/x86_64-linux-gnu/libgio-2.0.so.0.4600.2
7f028f1ec000-7f028f1ee000 rw-p 0017d000 08:05 1049504                    /usr/lib/x86_64-linux-gnu/libgio-2.0.so.0.4600.2
7f028f1ee000-7f028f1f0000 rw-p 00000000 00:00 0 
7f028f1f0000-7f028f207000 r-xp 00000000 08:05 1067921                    /usr/lib/jvm/java-7-openjdk-amd64/jre/lib/amd64/libnet.so
7f028f207000-7f028f407000 ---p 00017000 08:05 1067921                    /usr/lib/jvm/java-7-openjdk-amd64/jre/lib/amd64/libnet.so
7f028f407000-7f028f408000 r--p 00017000 08:05 1067921                    /usr/lib/jvm/java-7-openjdk-amd64/jre/lib/amd64/libnet.so
7f028f408000-7f028f409000 rw-p 00018000 08:05 1067921                    /usr/lib/jvm/java-7-openjdk-amd64/jre/lib/amd64/libnet.so
7f028f409000-7f028f41a000 r-xp 00000000 08:05 1067942                    /usr/lib/jvm/java-7-openjdk-amd64/jre/lib/amd64/libnio.so
7f028f41a000-7f028f619000 ---p 00011000 08:05 1067942                    /usr/lib/jvm/java-7-openjdk-amd64/jre/lib/amd64/libnio.so
7f028f619000-7f028f61a000 r--p 00010000 08:05 1067942                    /usr/lib/jvm/java-7-openjdk-amd64/jre/lib/amd64/libnio.so
7f028f61a000-7f028f61b000 rw-p 00011000 08:05 1067942                    /usr/lib/jvm/java-7-openjdk-amd64/jre/lib/amd64/libnio.so
7f028f61b000-7f028f61c000 ---p 00000000 00:00 0 
7f028f61c000-7f028f71c000 rw-p 00000000 00:00 0                          [stack:8065]
7f028f71c000-7f028f71f000 ---p 00000000 00:00 0 
7f028f71f000-7f028f81d000 rw-p 00000000 00:00 0                          [stack:8064]
7f028f81d000-7f028f820000 ---p 00000000 00:00 0 
7f028f820000-7f028f91e000 rw-p 00000000 00:00 0                          [stack:8063]
7f028f91e000-7f0290000000 r--p 00000000 08:05 1055607                    /usr/lib/locale/locale-archive
7f0290000000-7f0290021000 rw-p 00000000 00:00 0 
7f0290021000-7f0294000000 ---p 00000000 00:00 0 
7f0294000000-7f0294021000 rw-p 00000000 00:00 0 
7f0294021000-7f0298000000 ---p 00000000 00:00 0 
7f0298000000-7f0298021000 rw-p 00000000 00:00 0 
7f0298021000-7f029c000000 ---p 00000000 00:00 0 
7f029c000000-7f029c021000 rw-p 00000000 00:00 0 
7f029c021000-7f02a0000000 ---p 00000000 00:00 0 
7f02a0000000-7f02a0021000 rw-p 00000000 00:00 0 
7f02a0021000-7f02a4000000 ---p 00000000 00:00 0 
7f02a4000000-7f02a4021000 rw-p 00000000 00:00 0 
7f02a4021000-7f02a8000000 ---p 00000000 00:00 0 
7f02a8037000-7f02a804d000 r--s 000f0000 08:05 696976                     /home/iliak/AndroidStudioProjects/world_statistic/app/build/intermediates/exploded-aar/com.android.support/support-v4/23.2.1/jars/classes.jar
7f02a804d000-7f02a805c000 r--s 000df000 08:05 1876128                    /home/iliak/Android/Sdk/build-tools/23.0.2/lib/dx.jar
7f02a805c000-7f02a805f000 ---p 00000000 00:00 0 
7f02a805f000-7f02a815d000 rw-p 00000000 00:00 0                          [stack:8062]
7f02a815d000-7f02a8160000 ---p 00000000 00:00 0 
7f02a8160000-7f02a825e000 rw-p 00000000 00:00 0                          [stack:8061]
7f02a825e000-7f02a8261000 ---p 00000000 00:00 0 
7f02a8261000-7f02a835f000 rw-p 00000000 00:00 0                          [stack:8060]
7f02a835f000-7f02a8362000 ---p 00000000 00:00 0 
7f02a8362000-7f02a8460000 rw-p 00000000 00:00 0                          [stack:8059]
7f02a8460000-7f02a8461000 ---p 00000000 00:00 0 
7f02a8461000-7f02a955e000 rw-p 00000000 00:00 0                          [stack:8058]
7f02a955e000-7f02a970f000 r--s 01d30000 08:05 1067955                    /usr/lib/jvm/java-7-openjdk-amd64/jre/lib/rt.jar
7f02a970f000-7f02abf63000 rw-p 00000000 00:00 0 
7f02abf63000-7f02abf64000 ---p 00000000 00:00 0 
7f02abf64000-7f02ac064000 rw-p 00000000 00:00 0                          [stack:8057]
7f02ac064000-7f02ac065000 ---p 00000000 00:00 0 
7f02ac065000-7f02ac165000 rw-p 00000000 00:00 0                          [stack:8056]
7f02ac165000-7f02ac166000 ---p 00000000 00:00 0 
7f02ac166000-7f02ac266000 rw-p 00000000 00:00 0                          [stack:8055]
7f02ac266000-7f02ac267000 ---p 00000000 00:00 0 
7f02ac267000-7f02ac372000 rw-p 00000000 00:00 0                          [stack:8054]
7f02ac372000-7f02ac3ba000 rw-p 00000000 00:00 0 
7f02ac3ba000-7f02ac3ce000 rw-p 00000000 00:00 0 
7f02ac3ce000-7f02ac50f000 rw-p 00000000 00:00 0 
7f02ac50f000-7f02ac531000 rw-p 00000000 00:00 0 
7f02ac531000-7f02ac5ba000 rw-p 00000000 00:00 0 
7f02ac5ba000-7f02ac5bb000 rw-p 00000000 00:00 0 
7f02ac5bb000-7f02ac82b000 rwxp 00000000 00:00 0 
7f02ac82b000-7f02af5bb000 rw-p 00000000 00:00 0 
7f02af5bb000-7f02af5c3000 r-xp 00000000 08:05 1067926                    /usr/lib/jvm/java-7-openjdk-amd64/jre/lib/amd64/libzip.so
7f02af5c3000-7f02af7c2000 ---p 00008000 08:05 1067926                    /usr/lib/jvm/java-7-openjdk-amd64/jre/lib/amd64/libzip.so
7f02af7c2000-7f02af7c3000 r--p 00007000 08:05 1067926                    /usr/lib/jvm/java-7-openjdk-amd64/jre/lib/amd64/libzip.so
7f02af7c3000-7f02af7c4000 rw-p 00008000 08:05 1067926                    /usr/lib/jvm/java-7-openjdk-amd64/jre/lib/amd64/libzip.so
7f02af7c4000-7f02af7d0000 r-xp 00000000 08:05 562742                     /lib/x86_64-linux-gnu/libnss_files-2.21.so
7f02af7d0000-7f02af9cf000 ---p 0000c000 08:05 562742                     /lib/x86_64-linux-gnu/libnss_files-2.21.so
7f02af9cf000-7f02af9d0000 r--p 0000b000 08:05 562742                     /lib/x86_64-linux-gnu/libnss_files-2.21.so
7f02af9d0000-7f02af9d1000 rw-p 0000c000 08:05 562742                     /lib/x86_64-linux-gnu/libnss_files-2.21.so
7f02af9d1000-7f02af9dc000 r-xp 00000000 08:05 562950                     /lib/x86_64-linux-gnu/libnss_nis-2.21.so
7f02af9dc000-7f02afbdb000 ---p 0000b000 08:05 562950                     /lib/x86_64-linux-gnu/libnss_nis-2.21.so
7f02afbdb000-7f02afbdc000 r--p 0000a000 08:05 562950                     /lib/x86_64-linux-gnu/libnss_nis-2.21.so
7f02afbdc000-7f02afbdd000 rw-p 0000b000 08:05 562950                     /lib/x86_64-linux-gnu/libnss_nis-2.21.so
7f02afbdd000-7f02afbf4000 r-xp 00000000 08:05 562750                     /lib/x86_64-linux-gnu/libnsl-2.21.so
7f02afbf4000-7f02afdf3000 ---p 00017000 08:05 562750                     /lib/x86_64-linux-gnu/libnsl-2.21.so
7f02afdf3000-7f02afdf4000 r--p 00016000 08:05 562750                     /lib/x86_64-linux-gnu/libnsl-2.21.so
7f02afdf4000-7f02afdf5000 rw-p 00017000 08:05 562750                     /lib/x86_64-linux-gnu/libnsl-2.21.so
7f02afdf5000-7f02afdf7000 rw-p 00000000 00:00 0 
7f02afdf7000-7f02afdff000 r-xp 00000000 08:05 562743                     /lib/x86_64-linux-gnu/libnss_compat-2.21.so
7f02afdff000-7f02afffe000 ---p 00008000 08:05 562743                     /lib/x86_64-linux-gnu/libnss_compat-2.21.so
7f02afffe000-7f02affff000 r--p 00007000 08:05 562743                     /lib/x86_64-linux-gnu/libnss_compat-2.21.so
7f02affff000-7f02b0000000 rw-p 00008000 08:05 562743                     /lib/x86_64-linux-gnu/libnss_compat-2.21.so
7f02b0000000-7f02b01c5000 rw-p 00000000 00:00 0 
7f02b01c5000-7f02b4000000 ---p 00000000 00:00 0 
7f02b4002000-7f02b4035000 rw-p 00000000 00:00 0 
7f02b4035000-7f02b407d000 rw-p 00000000 00:00 0 
7f02b407d000-7f02b4091000 rw-p 00000000 00:00 0 
7f02b4091000-7f02b41d3000 rw-p 00000000 00:00 0 
7f02b41d3000-7f02b41ff000 r-xp 00000000 08:05 1067912                    /usr/lib/jvm/java-7-openjdk-amd64/jre/lib/amd64/libjava.so
7f02b41ff000-7f02b43fe000 ---p 0002c000 08:05 1067912                    /usr/lib/jvm/java-7-openjdk-amd64/jre/lib/amd64/libjava.so
7f02b43fe000-7f02b43ff000 r--p 0002b000 08:05 1067912                    /usr/lib/jvm/java-7-openjdk-amd64/jre/lib/amd64/libjava.so
7f02b43ff000-7f02b4401000 rw-p 0002c000 08:05 1067912                    /usr/lib/jvm/java-7-openjdk-amd64/jre/lib/amd64/libjava.so
7f02b4401000-7f02b4410000 r-xp 00000000 08:05 1067913                    /usr/lib/jvm/java-7-openjdk-amd64/jre/lib/amd64/libverify.so
7f02b4410000-7f02b460f000 ---p 0000f000 08:05 1067913                    /usr/lib/jvm/java-7-openjdk-amd64/jre/lib/amd64/libverify.so
7f02b460f000-7f02b4611000 r--p 0000e000 08:05 1067913                    /usr/lib/jvm/java-7-openjdk-amd64/jre/lib/amd64/libverify.so
7f02b4611000-7f02b4612000 rw-p 00010000 08:05 1067913                    /usr/lib/jvm/java-7-openjdk-amd64/jre/lib/amd64/libverify.so
7f02b4612000-7f02b4619000 r-xp 00000000 08:05 562739                     /lib/x86_64-linux-gnu/librt-2.21.so
7f02b4619000-7f02b4818000 ---p 00007000 08:05 562739                     /lib/x86_64-linux-gnu/librt-2.21.so
7f02b4818000-7f02b4819000 r--p 00006000 08:05 562739                     /lib/x86_64-linux-gnu/librt-2.21.so
7f02b4819000-7f02b481a000 rw-p 00007000 08:05 562739                     /lib/x86_64-linux-gnu/librt-2.21.so
7f02b481a000-7f02b4830000 r-xp 00000000 08:05 528386                     /lib/x86_64-linux-gnu/libgcc_s.so.1
7f02b4830000-7f02b4a2f000 ---p 00016000 08:05 528386                     /lib/x86_64-linux-gnu/libgcc_s.so.1
7f02b4a2f000-7f02b4a30000 r--p 00015000 08:05 528386                     /lib/x86_64-linux-gnu/libgcc_s.so.1
7f02b4a30000-7f02b4a31000 rw-p 00016000 08:05 528386                     /lib/x86_64-linux-gnu/libgcc_s.so.1
7f02b4a31000-7f02b4b38000 r-xp 00000000 08:05 562952                     /lib/x86_64-linux-gnu/libm-2.21.so
7f02b4b38000-7f02b4d37000 ---p 00107000 08:05 562952                     /lib/x86_64-linux-gnu/libm-2.21.so
7f02b4d37000-7f02b4d38000 r--p 00106000 08:05 562952                     /lib/x86_64-linux-gnu/libm-2.21.so
7f02b4d38000-7f02b4d39000 rw-p 00107000 08:05 562952                     /lib/x86_64-linux-gnu/libm-2.21.so
7f02b4d39000-7f02b4eac000 r-xp 00000000 08:05 1059073                    /usr/lib/x86_64-linux-gnu/libstdc++.so.6.0.21
7f02b4eac000-7f02b50ab000 ---p 00173000 08:05 1059073                    /usr/lib/x86_64-linux-gnu/libstdc++.so.6.0.21
7f02b50ab000-7f02b50b5000 r--p 00172000 08:05 1059073                    /usr/lib/x86_64-linux-gnu/libstdc++.so.6.0.21
7f02b50b5000-7f02b50b7000 rw-p 0017c000 08:05 1059073                    /usr/lib/x86_64-linux-gnu/libstdc++.so.6.0.21
7f02b50b7000-7f02b50bb000 rw-p 00000000 00:00 0 
7f02b50bb000-7f02b5c0c000 r-xp 00000000 08:05 1067924                    /usr/lib/jvm/java-7-openjdk-amd64/jre/lib/amd64/server/libjvm.so
7f02b5c0c000-7f02b5e0b000 ---p 00b51000 08:05 1067924                    /usr/lib/jvm/java-7-openjdk-amd64/jre/lib/amd64/server/libjvm.so
7f02b5e0b000-7f02b5e9c000 r--p 00b50000 08:05 1067924                    /usr/lib/jvm/java-7-openjdk-amd64/jre/lib/amd64/server/libjvm.so
7f02b5e9c000-7f02b5ebf000 rw-p 00be1000 08:05 1067924                    /usr/lib/jvm/java-7-openjdk-amd64/jre/lib/amd64/server/libjvm.so
7f02b5ebf000-7f02b5eea000 rw-p 00000000 00:00 0 
7f02b5eea000-7f02b5f03000 r-xp 00000000 08:05 528532                     /lib/x86_64-linux-gnu/libz.so.1.2.8
7f02b5f03000-7f02b6102000 ---p 00019000 08:05 528532                     /lib/x86_64-linux-gnu/libz.so.1.2.8
7f02b6102000-7f02b6103000 r--p 00018000 08:05 528532                     /lib/x86_64-linux-gnu/libz.so.1.2.8
7f02b6103000-7f02b6104000 rw-p 00019000 08:05 528532                     /lib/x86_64-linux-gnu/libz.so.1.2.8
7f02b6104000-7f02b611c000 r-xp 00000000 08:05 562741                     /lib/x86_64-linux-gnu/libpthread-2.21.so
7f02b611c000-7f02b631c000 ---p 00018000 08:05 562741                     /lib/x86_64-linux-gnu/libpthread-2.21.so
7f02b631c000-7f02b631d000 r--p 00018000 08:05 562741                     /lib/x86_64-linux-gnu/libpthread-2.21.so
7f02b631d000-7f02b631e000 rw-p 00019000 08:05 562741                     /lib/x86_64-linux-gnu/libpthread-2.21.so
7f02b631e000-7f02b6322000 rw-p 00000000 00:00 0 
7f02b6322000-7f02b6325000 r-xp 00000000 08:05 562949                     /lib/x86_64-linux-gnu/libdl-2.21.so
7f02b6325000-7f02b6524000 ---p 00003000 08:05 562949                     /lib/x86_64-linux-gnu/libdl-2.21.so
7f02b6524000-7f02b6525000 r--p 00002000 08:05 562949                     /lib/x86_64-linux-gnu/libdl-2.21.so
7f02b6525000-7f02b6526000 rw-p 00003000 08:05 562949                     /lib/x86_64-linux-gnu/libdl-2.21.so
7f02b6526000-7f02b66e6000 r-xp 00000000 08:05 562954                     /lib/x86_64-linux-gnu/libc-2.21.so
7f02b66e6000-7f02b68e6000 ---p 001c0000 08:05 562954                     /lib/x86_64-linux-gnu/libc-2.21.so
7f02b68e6000-7f02b68ea000 r--p 001c0000 08:05 562954                     /lib/x86_64-linux-gnu/libc-2.21.so
7f02b68ea000-7f02b68ec000 rw-p 001c4000 08:05 562954                     /lib/x86_64-linux-gnu/libc-2.21.so
7f02b68ec000-7f02b68f0000 rw-p 00000000 00:00 0 
7f02b68f0000-7f02b68fd000 r-xp 00000000 08:05 1067939                    /usr/lib/jvm/java-7-openjdk-amd64/jre/lib/amd64/jli/libjli.so
7f02b68fd000-7f02b6afc000 ---p 0000d000 08:05 1067939                    /usr/lib/jvm/java-7-openjdk-amd64/jre/lib/amd64/jli/libjli.so
7f02b6afc000-7f02b6afd000 r--p 0000c000 08:05 1067939                    /usr/lib/jvm/java-7-openjdk-amd64/jre/lib/amd64/jli/libjli.so
7f02b6afd000-7f02b6afe000 rw-p 0000d000 08:05 1067939                    /usr/lib/jvm/java-7-openjdk-amd64/jre/lib/amd64/jli/libjli.so
7f02b6afe000-7f02b6b22000 r-xp 00000000 08:05 562943                     /lib/x86_64-linux-gnu/ld-2.21.so
7f02b6b22000-7f02b6b45000 rw-p 00000000 00:00 0 
7f02b6b45000-7f02b6bfb000 rw-p 00000000 00:00 0 
7f02b6bfb000-7f02b6bfe000 ---p 00000000 00:00 0 
7f02b6bfe000-7f02b6d01000 rw-p 00000000 00:00 0                          [stack:8053]
7f02b6d01000-7f02b6d04000 r--s 0000f000 08:05 1067968                    /usr/lib/jvm/java-7-openjdk-amd64/jre/lib/ext/icedtea-sound.jar
7f02b6d04000-7f02b6d06000 r--s 00007000 08:05 1458155                    /usr/share/java/java-atk-wrapper.jar
7f02b6d06000-7f02b6d0a000 r--s 00034000 08:05 1067967                    /usr/lib/jvm/java-7-openjdk-amd64/jre/lib/ext/sunjce_provider.jar
7f02b6d0a000-7f02b6d0c000 r--s 00012000 08:05 1067966                    /usr/lib/jvm/java-7-openjdk-amd64/jre/lib/ext/zipfs.jar
7f02b6d0c000-7f02b6d10000 r--s 0003c000 08:05 1067971                    /usr/lib/jvm/java-7-openjdk-amd64/jre/lib/ext/sunpkcs11.jar
7f02b6d10000-7f02b6d11000 r--s 00002000 08:05 1067965                    /usr/lib/jvm/java-7-openjdk-amd64/jre/lib/ext/dnsns.jar
7f02b6d11000-7f02b6d15000 r--s 00085000 08:05 1067970                    /usr/lib/jvm/java-7-openjdk-amd64/jre/lib/ext/localedata.jar
7f02b6d15000-7f02b6d1d000 rw-s 00000000 08:05 660537                     /tmp/hsperfdata_iliak/8049
7f02b6d1d000-7f02b6d1e000 rw-p 00000000 00:00 0 
7f02b6d1e000-7f02b6d1f000 ---p 00000000 00:00 0 
7f02b6d1f000-7f02b6d21000 rw-p 00000000 00:00 0 
7f02b6d21000-7f02b6d22000 r--p 00023000 08:05 562943                     /lib/x86_64-linux-gnu/ld-2.21.so
7f02b6d22000-7f02b6d23000 rw-p 00024000 08:05 562943                     /lib/x86_64-linux-gnu/ld-2.21.so
7f02b6d23000-7f02b6d24000 rw-p 00000000 00:00 0 
7ffccb908000-7ffccb929000 rw-p 00000000 00:00 0                          [stack]
7ffccb9c5000-7ffccb9c7000 r--p 00000000 00:00 0                          [vvar]
7ffccb9c7000-7ffccb9c9000 r-xp 00000000 00:00 0                          [vdso]
ffffffffff600000-ffffffffff601000 r-xp 00000000 00:00 0                  [vsyscall]

VM Arguments:
jvm_args: -Djava.awt.headless=true -Xmx1024M -Dfile.encoding=UTF-8 -Duser.country=US -Duser.language=en -Duser.variant 
java_command: com.android.dx.command.Main --dex --force-jumbo --num-threads=4 --output /home/iliak/AndroidStudioProjects/world_statistic/app/build/intermediates/pre-dexed/debug/com.android.support-support-v4-23.2.1_2f78b34249c66a1ec36b5b84acc8c2e1924a82ba.jar /home/iliak/AndroidStudioProjects/world_statistic/app/build/intermediates/exploded-aar/com.android.support/support-v4/23.2.1/jars/classes.jar
Launcher Type: SUN_STANDARD

Environment Variables:
PATH=/usr/local/sbin:/usr/local/bin:/usr/sbin:/usr/bin:/sbin:/bin:/usr/games:/usr/local/games
SHELL=/bin/bash
DISPLAY=:0

Signal Handlers:
SIGSEGV: [libjvm.so+0x995450], sa_mask[0]=0x7ffbfeff, sa_flags=0x10000004
SIGBUS: [libjvm.so+0x995450], sa_mask[0]=0x7ffbfeff, sa_flags=0x10000004
SIGFPE: [libjvm.so+0x7fc6a0], sa_mask[0]=0x7ffbfeff, sa_flags=0x10000004
SIGPIPE: [libjvm.so+0x7fc6a0], sa_mask[0]=0x7ffbfeff, sa_flags=0x10000004
SIGXFSZ: [libjvm.so+0x7fc6a0], sa_mask[0]=0x7ffbfeff, sa_flags=0x10000004
SIGILL: [libjvm.so+0x7fc6a0], sa_mask[0]=0x7ffbfeff, sa_flags=0x10000004
SIGUSR1: SIG_DFL, sa_mask[0]=0x00000000, sa_flags=0x00000000
SIGUSR2: [libjvm.so+0x7fc520], sa_mask[0]=0x00000004, sa_flags=0x10000004
SIGHUP: [libjvm.so+0x7fc6b0], sa_mask[0]=0x7ffbfeff, sa_flags=0x10000004
SIGINT: [libjvm.so+0x7fc6b0], sa_mask[0]=0x7ffbfeff, sa_flags=0x10000004
SIGTERM: [libjvm.so+0x7fc6b0], sa_mask[0]=0x7ffbfeff, sa_flags=0x10000004
SIGQUIT: [libjvm.so+0x7fc6b0], sa_mask[0]=0x7ffbfeff, sa_flags=0x10000004
SIGTRAP: SIG_DFL, sa_mask[0]=0x00000000, sa_flags=0x00000000


---------------  S Y S T E M  ---------------

OS:Ubuntu 15.10 (wily)
uname:Linux 4.2.0-34-generic #39-Ubuntu SMP Thu Mar 10 22:13:01 UTC 2016 x86_64
libc:glibc 2.21 NPTL 2.21 
rlimit: STACK 8192k, CORE 0k, NPROC 15303, NOFILE 65536, AS infinity
load average:16.80 15.36 10.24

/proc/meminfo:
MemTotal:        3952276 kB
MemFree:           30612 kB
MemAvailable:      79788 kB
Buffers:            1612 kB
Cached:           345228 kB
SwapCached:            0 kB
Active:          3445760 kB
Inactive:         301628 kB
Active(anon):    3415672 kB
Inactive(anon):   284468 kB
Active(file):      30088 kB
Inactive(file):    17160 kB
Unevictable:          32 kB
Mlocked:              32 kB
SwapTotal:             0 kB
SwapFree:              0 kB
Dirty:               224 kB
Writeback:             0 kB
AnonPages:       3400524 kB
Mapped:           164812 kB
Shmem:            299652 kB
Slab:              68784 kB
SReclaimable:      31316 kB
SUnreclaim:        37468 kB
KernelStack:       10784 kB
PageTables:        52796 kB
NFS_Unstable:          0 kB
Bounce:                0 kB
WritebackTmp:          0 kB
CommitLimit:     1976136 kB
Committed_AS:    8559652 kB
VmallocTotal:   34359738367 kB
VmallocUsed:      347652 kB
VmallocChunk:   34358947836 kB
HardwareCorrupted:     0 kB
AnonHugePages:   1771520 kB
CmaTotal:              0 kB
CmaFree:               0 kB
HugePages_Total:       0
HugePages_Free:        0
HugePages_Rsvd:        0
HugePages_Surp:        0
Hugepagesize:       2048 kB
DirectMap4k:      170140 kB
DirectMap2M:     3930112 kB


CPU:total 4 (2 cores per cpu, 2 threads per core) family 6 model 42 stepping 7, cmov, cx8, fxsr, mmx, sse, sse2, sse3, ssse3, sse4.1, sse4.2, popcnt, avx, ht, tsc, tscinvbit

/proc/cpuinfo:
processor	: 0
vendor_id	: GenuineIntel
cpu family	: 6
model		: 42
model name	: Intel(R) Core(TM) i3-2310M CPU @ 2.10GHz
stepping	: 7
microcode	: 0x29
cpu MHz		: 800.050
cache size	: 3072 KB
physical id	: 0
siblings	: 4
core id		: 0
cpu cores	: 2
apicid		: 0
initial apicid	: 0
fpu		: yes
fpu_exception	: yes
cpuid level	: 13
wp		: yes
flags		: fpu vme de pse tsc msr pae mce cx8 apic sep mtrr pge mca cmov pat pse36 clflush dts acpi mmx fxsr sse sse2 ss ht tm pbe syscall nx rdtscp lm constant_tsc arch_perfmon pebs bts rep_good nopl xtopology nonstop_tsc aperfmperf eagerfpu pni pclmulqdq dtes64 monitor ds_cpl vmx est tm2 ssse3 cx16 xtpr pdcm pcid sse4_1 sse4_2 x2apic popcnt tsc_deadline_timer xsave avx lahf_lm arat epb pln pts dtherm tpr_shadow vnmi flexpriority ept vpid xsaveopt
bugs		:
bogomips	: 4190.70
clflush size	: 64
cache_alignment	: 64
address sizes	: 36 bits physical, 48 bits virtual
power management:

processor	: 1
vendor_id	: GenuineIntel
cpu family	: 6
model		: 42
model name	: Intel(R) Core(TM) i3-2310M CPU @ 2.10GHz
stepping	: 7
microcode	: 0x29
cpu MHz		: 799.886
cache size	: 3072 KB
physical id	: 0
siblings	: 4
core id		: 1
cpu cores	: 2
apicid		: 2
initial apicid	: 2
fpu		: yes
fpu_exception	: yes
cpuid level	: 13
wp		: yes
flags		: fpu vme de pse tsc msr pae mce cx8 apic sep mtrr pge mca cmov pat pse36 clflush dts acpi mmx fxsr sse sse2 ss ht tm pbe syscall nx rdtscp lm constant_tsc arch_perfmon pebs bts rep_good nopl xtopology nonstop_tsc aperfmperf eagerfpu pni pclmulqdq dtes64 monitor ds_cpl vmx est tm2 ssse3 cx16 xtpr pdcm pcid sse4_1 sse4_2 x2apic popcnt tsc_deadline_timer xsave avx lahf_lm arat epb pln pts dtherm tpr_shadow vnmi flexpriority ept vpid xsaveopt
bugs		:
bogomips	: 4190.70
clflush size	: 64
cache_alignment	: 64
address sizes	: 36 bits physical, 48 bits virtual
power management:

processor	: 2
vendor_id	: GenuineIntel
cpu family	: 6
model		: 42
model name	: Intel(R) Core(TM) i3-2310M CPU @ 2.10GHz
stepping	: 7
microcode	: 0x29
cpu MHz		: 799.968
cache size	: 3072 KB
physical id	: 0
siblings	: 4
core id		: 0
cpu cores	: 2
apicid		: 1
initial apicid	: 1
fpu		: yes
fpu_exception	: yes
cpuid level	: 13
wp		: yes
flags		: fpu vme de pse tsc msr pae mce cx8 apic sep mtrr pge mca cmov pat pse36 clflush dts acpi mmx fxsr sse sse2 ss ht tm pbe syscall nx rdtscp lm constant_tsc arch_perfmon pebs bts rep_good nopl xtopology nonstop_tsc aperfmperf eagerfpu pni pclmulqdq dtes64 monitor ds_cpl vmx est tm2 ssse3 cx16 xtpr pdcm pcid sse4_1 sse4_2 x2apic popcnt tsc_deadline_timer xsave avx lahf_lm arat epb pln pts dtherm tpr_shadow vnmi flexpriority ept vpid xsaveopt
bugs		:
bogomips	: 4190.70
clflush size	: 64
cache_alignment	: 64
address sizes	: 36 bits physical, 48 bits virtual
power management:

processor	: 3
vendor_id	: GenuineIntel
cpu family	: 6
model		: 42
model name	: Intel(R) Core(TM) i3-2310M CPU @ 2.10GHz
stepping	: 7
microcode	: 0x29
cpu MHz		: 799.968
cache size	: 3072 KB
physical id	: 0
siblings	: 4
core id		: 1
cpu cores	: 2
apicid		: 3
initial apicid	: 3
fpu		: yes
fpu_exception	: yes
cpuid level	: 13
wp		: yes
flags		: fpu vme de pse tsc msr pae mce cx8 apic sep mtrr pge mca cmov pat pse36 clflush dts acpi mmx fxsr sse sse2 ss ht tm pbe syscall nx rdtscp lm constant_tsc arch_perfmon pebs bts rep_good nopl xtopology nonstop_tsc aperfmperf eagerfpu pni pclmulqdq dtes64 monitor ds_cpl vmx est tm2 ssse3 cx16 xtpr pdcm pcid sse4_1 sse4_2 x2apic popcnt tsc_deadline_timer xsave avx lahf_lm arat epb pln pts dtherm tpr_shadow vnmi flexpriority ept vpid xsaveopt
bugs		:
bogomips	: 4190.70
clflush size	: 64
cache_alignment	: 64
address sizes	: 36 bits physical, 48 bits virtual
power management:



Memory: 4k page, physical 3952276k(30612k free), swap 0k(0k free)

vm_info: OpenJDK 64-Bit Server VM (24.95-b01) for linux-amd64 JRE (1.7.0_95-b00), built on Mar 24 2016 06:07:15 by "buildd" with gcc 5.2.1 20151010

time: Fri Apr  8 21:27:55 2016
elapsed time: 39 seconds

