#
# There is insufficient memory for the Java Runtime Environment to continue.
# Native memory allocation (malloc) failed to allocate 146800640 bytes for committing reserved memory.
# Possible reasons:
#   The system is out of physical RAM or swap space
#   In 32 bit mode, the process size limit was hit
# Possible solutions:
#   Reduce memory load on the system
#   Increase physical memory or swap space
#   Check if swap backing store is full
#   Use 64 bit Java on a 64 bit OS
#   Decrease Java heap size (-Xmx/-Xms)
#   Decrease number of Java threads
#   Decrease Java thread stack sizes (-Xss)
#   Set larger code cache with -XX:ReservedCodeCacheSize=
# This output file may be truncated or incomplete.
#
#  Out of Memory Error (os_linux.cpp:2827), pid=7828, tid=140428870182656
#
# JRE version: OpenJDK Runtime Environment (7.0_95) (build 1.7.0_95-b00)
# Java VM: OpenJDK 64-Bit Server VM (24.95-b01 mixed mode linux-amd64 compressed oops)
# Derivative: IcedTea 2.6.4
# Distribution: Ubuntu 15.10, package 7u95-2.6.4-0ubuntu0.15.10.2
# Failed to write core dump. Core dumps have been disabled. To enable core dumping, try "ulimit -c unlimited" before starting Java again
#

---------------  T H R E A D  ---------------

Current thread (0x00007fb820076000):  VMThread [stack: 0x00007fb824dc6000,0x00007fb824ec7000] [id=7837]

Stack: [0x00007fb824dc6000,0x00007fb824ec7000],  sp=0x00007fb824ec54f0,  free space=1021k
Native frames: (J=compiled Java code, j=interpreted, Vv=VM code, C=native code)
V  [libjvm.so+0x9948f3]
V  [libjvm.so+0x48a9df]
V  [libjvm.so+0x80143b]
V  [libjvm.so+0x7fb82e]
V  [libjvm.so+0x871c4b]
V  [libjvm.so+0x873593]
V  [libjvm.so+0x86f818]
V  [libjvm.so+0x86fafc]
V  [libjvm.so+0x824df3]
V  [libjvm.so+0x996392]
V  [libjvm.so+0x99b0d7]
V  [libjvm.so+0x998968]
V  [libjvm.so+0x999cdf]
V  [libjvm.so+0x99a1d1]
V  [libjvm.so+0x7fe362]

VM_Operation (0x00007fb818b01070): ParallelGCFailedAllocation, mode: safepoint, requested by thread 0x00007fb8201ad800


---------------  P R O C E S S  ---------------

Java Threads: ( => current thread )
  0x00007fb8201ad800 JavaThread "pool-1-thread-4" [_thread_blocked, id=7850, stack(0x00007fb818a02000,0x00007fb818b03000)]
  0x00007fb8201ac800 JavaThread "pool-1-thread-3" [_thread_blocked, id=7849, stack(0x00007fb818b03000,0x00007fb818c04000)]
  0x00007fb8201a7800 JavaThread "pool-1-thread-2" [_thread_blocked, id=7848, stack(0x00007fb818c04000,0x00007fb818d05000)]
  0x00007fb8201a3000 JavaThread "pool-2-thread-1" [_thread_blocked, id=7847, stack(0x00007fb818d05000,0x00007fb818e06000)]
  0x00007fb8201a1800 JavaThread "pool-1-thread-1" [_thread_blocked, id=7846, stack(0x00007fb818e06000,0x00007fb818f07000)]
  0x00007fb8200b1800 JavaThread "Service Thread" daemon [_thread_blocked, id=7843, stack(0x00007fb8240de000,0x00007fb8241df000)]
  0x00007fb8200af000 JavaThread "C2 CompilerThread1" daemon [_thread_blocked, id=7842, stack(0x00007fb8241df000,0x00007fb8242e0000)]
  0x00007fb8200ac000 JavaThread "C2 CompilerThread0" daemon [_thread_blocked, id=7841, stack(0x00007fb8242e0000,0x00007fb8243e1000)]
  0x00007fb8200a9800 JavaThread "Signal Dispatcher" daemon [_thread_blocked, id=7840, stack(0x00007fb8243e1000,0x00007fb8244e2000)]
  0x00007fb82007c800 JavaThread "Finalizer" daemon [_thread_blocked, id=7839, stack(0x00007fb824bc4000,0x00007fb824cc5000)]
  0x00007fb82007a800 JavaThread "Reference Handler" daemon [_thread_blocked, id=7838, stack(0x00007fb824cc5000,0x00007fb824dc6000)]
  0x00007fb82000a800 JavaThread "main" [_thread_blocked, id=7832, stack(0x00007fb82a02f000,0x00007fb82a130000)]

Other Threads:
=>0x00007fb820076000 VMThread [stack: 0x00007fb824dc6000,0x00007fb824ec7000] [id=7837]
  0x00007fb8200bc000 WatcherThread [stack: 0x00007fb81a9cf000,0x00007fb81aad0000] [id=7844]

VM state:at safepoint (normal execution)

VM Mutex/Monitor currently owned by a thread:  ([mutex/lock_event])
[0x00007fb8200069f0] Threads_lock - owner thread: 0x00007fb820076000
[0x00007fb820006ef0] Heap_lock - owner thread: 0x00007fb8201ad800

Heap
 PSYoungGen      total 140800K, used 16887K [0x00000000eaa80000, 0x00000000f4780000, 0x0000000100000000)
  eden space 123904K, 0% used [0x00000000eaa80000,0x00000000eaa80000,0x00000000f2380000)
  from space 16896K, 99% used [0x00000000f2380000,0x00000000f33fdfa0,0x00000000f3400000)
  to   space 13824K, 0% used [0x00000000f3400000,0x00000000f3400000,0x00000000f4180000)
 ParOldGen       total 40960K, used 38515K [0x00000000c0000000, 0x00000000c2800000, 0x00000000eaa80000)
  object space 40960K, 94% used [0x00000000c0000000,0x00000000c259cf18,0x00000000c2800000)
 PSPermGen       total 21504K, used 6300K [0x00000000b5a00000, 0x00000000b6f00000, 0x00000000c0000000)
  object space 21504K, 29% used [0x00000000b5a00000,0x00000000b6027328,0x00000000b6f00000)

Card table byte_map: [0x00007fb82696e000,0x00007fb826bc2000] byte_map_base: 0x00007fb8263c1000

Polling page: 0x00007fb82a152000

Code Cache  [0x00007fb81d000000, 0x00007fb81d270000, 0x00007fb820000000)
 total_blobs=627 nmethods=397 adapters=183 free_code_cache=47541Kb largest_free_block=48650304

Compilation events (10 events):
Event: 71.336 Thread 0x00007fb8200af000 nmethod 403 0x00007fb81d198590 code [0x00007fb81d1986e0, 0x00007fb81d1987d8]
Event: 71.336 Thread 0x00007fb8200af000  404             com.android.dx.ssa.SsaMethod::returnSpareRegisters (6 bytes)
Event: 71.336 Thread 0x00007fb8200af000 nmethod 404 0x00007fb81d121fd0 code [0x00007fb81d122100, 0x00007fb81d122158]
Event: 71.336 Thread 0x00007fb8200af000  405             com.android.dx.cf.direct.DirectClassFile::getBytes (5 bytes)
Event: 71.337 Thread 0x00007fb8200af000 nmethod 405 0x00007fb81d17d210 code [0x00007fb81d17d340, 0x00007fb81d17d398]
Event: 71.337 Thread 0x00007fb8200af000  406             com.android.dx.rop.cst.Constant::<init> (5 bytes)
Event: 71.337 Thread 0x00007fb8200af000 nmethod 406 0x00007fb81d198390 code [0x00007fb81d1984c0, 0x00007fb81d198518]
Event: 71.337 Thread 0x00007fb8200af000  407             com.android.dx.ssa.SsaRenamer$BlockRenamer$RenamingMapper::map (28 bytes)
Event: 71.483 Thread 0x00007fb8200af000 nmethod 407 0x00007fb81d197f90 code [0x00007fb81d1980e0, 0x00007fb81d1981e8]
Event: 71.484 Thread 0x00007fb8200af000  408             com.android.dx.ssa.ConstCollector::updateConstUses (248 bytes)

GC Heap History (10 events):
Event: 8.204 GC heap after
Heap after GC invocations=2 (full 0):
 PSYoungGen      total 34304K, used 2550K [0x00000000eaa80000, 0x00000000ece80000, 0x0000000100000000)
  eden space 31744K, 0% used [0x00000000eaa80000,0x00000000eaa80000,0x00000000ec980000)
  from space 2560K, 99% used [0x00000000ecc00000,0x00000000ece7dab8,0x00000000ece80000)
  to   space 2560K, 0% used [0x00000000ec980000,0x00000000ec980000,0x00000000ecc00000)
 ParOldGen       total 40960K, used 2177K [0x00000000c0000000, 0x00000000c2800000, 0x00000000eaa80000)
  object space 40960K, 5% used [0x00000000c0000000,0x00000000c02204f8,0x00000000c2800000)
 PSPermGen       total 21504K, used 5980K [0x00000000b5a00000, 0x00000000b6f00000, 0x00000000c0000000)
  object space 21504K, 27% used [0x00000000b5a00000,0x00000000b5fd7308,0x00000000b6f00000)
}
Event: 14.922 GC heap before
{Heap before GC invocations=3 (full 0):
 PSYoungGen      total 34304K, used 34294K [0x00000000eaa80000, 0x00000000ece80000, 0x0000000100000000)
  eden space 31744K, 100% used [0x00000000eaa80000,0x00000000ec980000,0x00000000ec980000)
  from space 2560K, 99% used [0x00000000ecc00000,0x00000000ece7dab8,0x00000000ece80000)
  to   space 2560K, 0% used [0x00000000ec980000,0x00000000ec980000,0x00000000ecc00000)
 ParOldGen       total 40960K, used 2177K [0x00000000c0000000, 0x00000000c2800000, 0x00000000eaa80000)
  object space 40960K, 5% used [0x00000000c0000000,0x00000000c02204f8,0x00000000c2800000)
 PSPermGen       total 21504K, used 6125K [0x00000000b5a00000, 0x00000000b6f00000, 0x00000000c0000000)
  object space 21504K, 28% used [0x00000000b5a00000,0x00000000b5ffb760,0x00000000b6f00000)
Event: 15.087 GC heap after
Heap after GC invocations=3 (full 0):
 PSYoungGen      total 34304K, used 2539K [0x00000000eaa80000, 0x00000000eed80000, 0x0000000100000000)
  eden space 31744K, 0% used [0x00000000eaa80000,0x00000000eaa80000,0x00000000ec980000)
  from space 2560K, 99% used [0x00000000ec980000,0x00000000ecbfadb0,0x00000000ecc00000)
  to   space 2560K, 0% used [0x00000000eeb00000,0x00000000eeb00000,0x00000000eed80000)
 ParOldGen       total 40960K, used 7068K [0x00000000c0000000, 0x00000000c2800000, 0x00000000eaa80000)
  object space 40960K, 17% used [0x00000000c0000000,0x00000000c06e7008,0x00000000c2800000)
 PSPermGen       total 21504K, used 6125K [0x00000000b5a00000, 0x00000000b6f00000, 0x00000000c0000000)
  object space 21504K, 28% used [0x00000000b5a00000,0x00000000b5ffb760,0x00000000b6f00000)
}
Event: 22.084 GC heap before
{Heap before GC invocations=4 (full 0):
 PSYoungGen      total 34304K, used 34283K [0x00000000eaa80000, 0x00000000eed80000, 0x0000000100000000)
  eden space 31744K, 100% used [0x00000000eaa80000,0x00000000ec980000,0x00000000ec980000)
  from space 2560K, 99% used [0x00000000ec980000,0x00000000ecbfadb0,0x00000000ecc00000)
  to   space 2560K, 0% used [0x00000000eeb00000,0x00000000eeb00000,0x00000000eed80000)
 ParOldGen       total 40960K, used 7068K [0x00000000c0000000, 0x00000000c2800000, 0x00000000eaa80000)
  object space 40960K, 17% used [0x00000000c0000000,0x00000000c06e7008,0x00000000c2800000)
 PSPermGen       total 21504K, used 6160K [0x00000000b5a00000, 0x00000000b6f00000, 0x00000000c0000000)
  object space 21504K, 28% used [0x00000000b5a00000,0x00000000b6004340,0x00000000b6f00000)
Event: 22.325 GC heap after
Heap after GC invocations=4 (full 0):
 PSYoungGen      total 66048K, used 2554K [0x00000000eaa80000, 0x00000000eed80000, 0x0000000100000000)
  eden space 63488K, 0% used [0x00000000eaa80000,0x00000000eaa80000,0x00000000ee880000)
  from space 2560K, 99% used [0x00000000eeb00000,0x00000000eed7ea68,0x00000000eed80000)
  to   space 2560K, 0% used [0x00000000ee880000,0x00000000ee880000,0x00000000eeb00000)
 ParOldGen       total 40960K, used 12451K [0x00000000c0000000, 0x00000000c2800000, 0x00000000eaa80000)
  object space 40960K, 30% used [0x00000000c0000000,0x00000000c0c28f60,0x00000000c2800000)
 PSPermGen       total 21504K, used 6160K [0x00000000b5a00000, 0x00000000b6f00000, 0x00000000c0000000)
  object space 21504K, 28% used [0x00000000b5a00000,0x00000000b6004340,0x00000000b6f00000)
}
Event: 32.306 GC heap before
{Heap before GC invocations=5 (full 0):
 PSYoungGen      total 66048K, used 66042K [0x00000000eaa80000, 0x00000000eed80000, 0x0000000100000000)
  eden space 63488K, 100% used [0x00000000eaa80000,0x00000000ee880000,0x00000000ee880000)
  from space 2560K, 99% used [0x00000000eeb00000,0x00000000eed7ea68,0x00000000eed80000)
  to   space 2560K, 0% used [0x00000000ee880000,0x00000000ee880000,0x00000000eeb00000)
 ParOldGen       total 40960K, used 12451K [0x00000000c0000000, 0x00000000c2800000, 0x00000000eaa80000)
  object space 40960K, 30% used [0x00000000c0000000,0x00000000c0c28f60,0x00000000c2800000)
 PSPermGen       total 21504K, used 6206K [0x00000000b5a00000, 0x00000000b6f00000, 0x00000000c0000000)
  object space 21504K, 28% used [0x00000000b5a00000,0x00000000b600fb88,0x00000000b6f00000)
Event: 32.537 GC heap after
Heap after GC invocations=5 (full 0):
 PSYoungGen      total 66048K, used 2546K [0x00000000eaa80000, 0x00000000f4180000, 0x0000000100000000)
  eden space 63488K, 0% used [0x00000000eaa80000,0x00000000eaa80000,0x00000000ee880000)
  from space 2560K, 99% used [0x00000000ee880000,0x00000000eeafcb90,0x00000000eeb00000)
  to   space 13824K, 0% used [0x00000000f3400000,0x00000000f3400000,0x00000000f4180000)
 ParOldGen       total 40960K, used 22450K [0x00000000c0000000, 0x00000000c2800000, 0x00000000eaa80000)
  object space 40960K, 54% used [0x00000000c0000000,0x00000000c15ec838,0x00000000c2800000)
 PSPermGen       total 21504K, used 6206K [0x00000000b5a00000, 0x00000000b6f00000, 0x00000000c0000000)
  object space 21504K, 28% used [0x00000000b5a00000,0x00000000b600fb88,0x00000000b6f00000)
}
Event: 45.791 GC heap before
{Heap before GC invocations=6 (full 0):
 PSYoungGen      total 66048K, used 66034K [0x00000000eaa80000, 0x00000000f4180000, 0x0000000100000000)
  eden space 63488K, 100% used [0x00000000eaa80000,0x00000000ee880000,0x00000000ee880000)
  from space 2560K, 99% used [0x00000000ee880000,0x00000000eeafcb90,0x00000000eeb00000)
  to   space 13824K, 0% used [0x00000000f3400000,0x00000000f3400000,0x00000000f4180000)
 ParOldGen       total 40960K, used 22450K [0x00000000c0000000, 0x00000000c2800000, 0x00000000eaa80000)
  object space 40960K, 54% used [0x00000000c0000000,0x00000000c15ec838,0x00000000c2800000)
 PSPermGen       total 21504K, used 6244K [0x00000000b5a00000, 0x00000000b6f00000, 0x00000000c0000000)
  object space 21504K, 29% used [0x00000000b5a00000,0x00000000b60190e0,0x00000000b6f00000)
Event: 46.175 GC heap after
Heap after GC invocations=6 (full 0):
 PSYoungGen      total 137728K, used 13762K [0x00000000eaa80000, 0x00000000f4780000, 0x0000000100000000)
  eden space 123904K, 0% used [0x00000000eaa80000,0x00000000eaa80000,0x00000000f2380000)
  from space 13824K, 99% used [0x00000000f3400000,0x00000000f4170ba0,0x00000000f4180000)
  to   space 16896K, 0% used [0x00000000f2380000,0x00000000f2380000,0x00000000f3400000)
 ParOldGen       total 40960K, used 22450K [0x00000000c0000000, 0x00000000c2800000, 0x00000000eaa80000)
  object space 40960K, 54% used [0x00000000c0000000,0x00000000c15ec838,0x00000000c2800000)
 PSPermGen       total 21504K, used 6244K [0x00000000b5a00000, 0x00000000b6f00000, 0x00000000c0000000)
  object space 21504K, 29% used [0x00000000b5a00000,0x00000000b60190e0,0x00000000b6f00000)
}
Event: 72.106 GC heap before
{Heap before GC invocations=7 (full 0):
 PSYoungGen      total 137728K, used 137666K [0x00000000eaa80000, 0x00000000f4780000, 0x0000000100000000)
  eden space 123904K, 100% used [0x00000000eaa80000,0x00000000f2380000,0x00000000f2380000)
  from space 13824K, 99% used [0x00000000f3400000,0x00000000f4170ba0,0x00000000f4180000)
  to   space 16896K, 0% used [0x00000000f2380000,0x00000000f2380000,0x00000000f3400000)
 ParOldGen       total 40960K, used 22450K [0x00000000c0000000, 0x00000000c2800000, 0x00000000eaa80000)
  object space 40960K, 54% used [0x00000000c0000000,0x00000000c15ec838,0x00000000c2800000)
 PSPermGen       total 21504K, used 6300K [0x00000000b5a00000, 0x00000000b6f00000, 0x00000000c0000000)
  object space 21504K, 29% used [0x00000000b5a00000,0x00000000b6027328,0x00000000b6f00000)

Deoptimization events (10 events):
Event: 25.774 Thread 0x00007fb82000a800 Uncommon trap: reason=unstable_if action=reinterpret pc=0x00007fb81d0c1b74 method=com.android.dx.util.IntList.binarysearch(I)I @ 105
Event: 25.775 Thread 0x00007fb82000a800 Uncommon trap: reason=unstable_if action=reinterpret pc=0x00007fb81d0ee760 method=com.android.dx.ssa.SsaBasicBlock.newFromRop(Lcom/android/dx/rop/code/RopMethod;ILcom/android/dx/ssa/SsaMethod;)Lcom/android/dx/ssa/SsaBasicBlock; @ 164
Event: 34.662 Thread 0x00007fb8201a7800 Uncommon trap: reason=null_check action=make_not_entrant pc=0x00007fb81d11af14 method=com.android.dx.cf.code.Ropper$CatchInfo.getSetup(Lcom/android/dx/rop/type/Type;)Lcom/android/dx/cf/code/Ropper$ExceptionHandlerSetup; @ 10
Event: 35.336 Thread 0x00007fb8201ad800 Uncommon trap: reason=unstable_if action=reinterpret pc=0x00007fb81d094874 method=com.android.dx.util.IntList.binarysearch(I)I @ 105
Event: 40.366 Thread 0x00007fb8201a7800 Uncommon trap: reason=unstable_if action=reinterpret pc=0x00007fb81d081684 method=com.android.dx.rop.cst.Constant.compareTo(Lcom/android/dx/rop/cst/Constant;)I @ 12
Event: 65.623 Thread 0x00007fb8201a1800 Uncommon trap: reason=bimorphic action=maybe_recompile pc=0x00007fb81d149ad4 method=com.android.dx.ssa.SCCP.simulatePhi(Lcom/android/dx/ssa/PhiInsn;)V @ 124
Event: 65.631 Thread 0x00007fb8201a1800 Uncommon trap: reason=bimorphic action=maybe_recompile pc=0x00007fb81d149ad4 method=com.android.dx.ssa.SCCP.simulatePhi(Lcom/android/dx/ssa/PhiInsn;)V @ 124
Event: 65.915 Thread 0x00007fb8201a1800 Uncommon trap: reason=bimorphic action=maybe_recompile pc=0x00007fb81d149ad4 method=com.android.dx.ssa.SCCP.simulatePhi(Lcom/android/dx/ssa/PhiInsn;)V @ 124
Event: 66.000 Thread 0x00007fb8201ad800 Uncommon trap: reason=bimorphic action=maybe_recompile pc=0x00007fb81d149ad4 method=com.android.dx.ssa.SCCP.simulatePhi(Lcom/android/dx/ssa/PhiInsn;)V @ 124
Event: 66.000 Thread 0x00007fb8201a1800 Uncommon trap: reason=bimorphic action=maybe_recompile pc=0x00007fb81d149ad4 method=com.android.dx.ssa.SCCP.simulatePhi(Lcom/android/dx/ssa/PhiInsn;)V @ 124

Internal exceptions (10 events):
Event: 6.490 Thread 0x00007fb8201a1800 Threw 0x00000000eb2ed488 at /build/openjdk-7-UoaBYD/openjdk-7-7u95-2.6.4/build/openjdk/hotspot/src/share/vm/prims/jvm.cpp:1322
Event: 9.121 Thread 0x00007fb8201ac800 Threw 0x00000000eb008258 at /build/openjdk-7-UoaBYD/openjdk-7-7u95-2.6.4/build/openjdk/hotspot/src/share/vm/prims/jvm.cpp:1322
Event: 12.280 Thread 0x00007fb8201ac800 Threw 0x00000000ebe91858 at /build/openjdk-7-UoaBYD/openjdk-7-7u95-2.6.4/build/openjdk/hotspot/src/share/vm/prims/jvm.cpp:1322
Event: 15.129 Thread 0x00007fb82000a800 Implicit null exception at 0x00007fb81d0b2fbb to 0x00007fb81d0b36bd
Event: 15.369 Thread 0x00007fb82000a800 Threw 0x00000000eab92e08 at /build/openjdk-7-UoaBYD/openjdk-7-7u95-2.6.4/build/openjdk/hotspot/src/share/vm/prims/jvm.cpp:1322
Event: 15.409 Thread 0x00007fb8201a1800 Implicit null exception at 0x00007fb81d093092 to 0x00007fb81d093183
Event: 25.393 Thread 0x00007fb8201ad800 Threw 0x00000000eba99480 at /build/openjdk-7-UoaBYD/openjdk-7-7u95-2.6.4/build/openjdk/hotspot/src/share/vm/prims/jvm.cpp:1322
Event: 28.719 Thread 0x00007fb8201a1800 Threw 0x00000000ed0dc130 at /build/openjdk-7-UoaBYD/openjdk-7-7u95-2.6.4/build/openjdk/hotspot/src/share/vm/prims/jvm.cpp:1322
Event: 34.662 Thread 0x00007fb8201a7800 Implicit null exception at 0x00007fb81d117235 to 0x00007fb81d11aed5
Event: 41.142 Thread 0x00007fb82000a800 Threw 0x00000000ed4f3700 at /build/openjdk-7-UoaBYD/openjdk-7-7u95-2.6.4/build/openjdk/hotspot/src/share/vm/prims/jvm.cpp:1322

Events (10 events):
Event: 65.915 Thread 0x00007fb8201a1800 DEOPT PACKING pc=0x00007fb81d149ad4 sp=0x00007fb818f05270
Event: 65.915 Thread 0x00007fb8201a1800 DEOPT UNPACKING pc=0x00007fb81d039445 sp=0x00007fb818f05160 mode 2
Event: 65.995 Thread 0x00007fb8200af000 flushing nmethod 0x00007fb81d0814d0
Event: 66.000 Thread 0x00007fb8201ad800 Uncommon trap: trap_request=0xffffffc6 fr.pc=0x00007fb81d149ad4
Event: 66.000 Thread 0x00007fb8201a1800 Uncommon trap: trap_request=0xffffffc6 fr.pc=0x00007fb81d149ad4
Event: 66.000 Thread 0x00007fb8201ad800 DEOPT PACKING pc=0x00007fb81d149ad4 sp=0x00007fb818b01270
Event: 66.000 Thread 0x00007fb8201a1800 DEOPT PACKING pc=0x00007fb81d149ad4 sp=0x00007fb818f05270
Event: 66.000 Thread 0x00007fb8201ad800 DEOPT UNPACKING pc=0x00007fb81d039445 sp=0x00007fb818b01160 mode 2
Event: 66.000 Thread 0x00007fb8201a1800 DEOPT UNPACKING pc=0x00007fb81d039445 sp=0x00007fb818f05160 mode 2
Event: 72.063 Executing VM operation: ParallelGCFailedAllocation


Dynamic libraries:
00400000-00401000 r-xp 00000000 08:05 1067899                            /usr/lib/jvm/java-7-openjdk-amd64/jre/bin/java
00600000-00601000 r--p 00000000 08:05 1067899                            /usr/lib/jvm/java-7-openjdk-amd64/jre/bin/java
00601000-00602000 rw-p 00001000 08:05 1067899                            /usr/lib/jvm/java-7-openjdk-amd64/jre/bin/java
021a6000-021c7000 rw-p 00000000 00:00 0                                  [heap]
b5a00000-b6f00000 rw-p 00000000 00:00 0 
b6f00000-c0000000 rw-p 00000000 00:00 0 
c0000000-c2800000 rw-p 00000000 00:00 0 
c2800000-eaa80000 rw-p 00000000 00:00 0 
eaa80000-f4780000 rw-p 00000000 00:00 0 
fd380000-100000000 rw-p 00000000 00:00 0 
7fb7d4000000-7fb7d4030000 rw-p 00000000 00:00 0 
7fb7d4030000-7fb7d8000000 ---p 00000000 00:00 0 
7fb7d8000000-7fb7d8021000 rw-p 00000000 00:00 0 
7fb7d8021000-7fb7dc000000 ---p 00000000 00:00 0 
7fb7dc000000-7fb7dc021000 rw-p 00000000 00:00 0 
7fb7dc021000-7fb7e0000000 ---p 00000000 00:00 0 
7fb7e0000000-7fb7e0026000 rw-p 00000000 00:00 0 
7fb7e0026000-7fb7e4000000 ---p 00000000 00:00 0 
7fb7e4000000-7fb7e4021000 rw-p 00000000 00:00 0 
7fb7e4021000-7fb7e8000000 ---p 00000000 00:00 0 
7fb7e8000000-7fb7e803a000 rw-p 00000000 00:00 0 
7fb7e803a000-7fb7ec000000 ---p 00000000 00:00 0 
7fb7ec000000-7fb7ed940000 rw-p 00000000 00:00 0 
7fb7ed940000-7fb7f0000000 ---p 00000000 00:00 0 
7fb7f0000000-7fb7f0021000 rw-p 00000000 00:00 0 
7fb7f0021000-7fb7f4000000 ---p 00000000 00:00 0 
7fb7f4000000-7fb7f4021000 rw-p 00000000 00:00 0 
7fb7f4021000-7fb7f8000000 ---p 00000000 00:00 0 
7fb7f8000000-7fb7f95f8000 rw-p 00000000 00:00 0 
7fb7f95f8000-7fb7fc000000 ---p 00000000 00:00 0 
7fb7fc000000-7fb7fc021000 rw-p 00000000 00:00 0 
7fb7fc021000-7fb800000000 ---p 00000000 00:00 0 
7fb800000000-7fb800021000 rw-p 00000000 00:00 0 
7fb800021000-7fb804000000 ---p 00000000 00:00 0 
7fb804000000-7fb804021000 rw-p 00000000 00:00 0 
7fb804021000-7fb808000000 ---p 00000000 00:00 0 
7fb808000000-7fb808021000 rw-p 00000000 00:00 0 
7fb808021000-7fb80c000000 ---p 00000000 00:00 0 
7fb80c000000-7fb80c021000 rw-p 00000000 00:00 0 
7fb80c021000-7fb810000000 ---p 00000000 00:00 0 
7fb810000000-7fb810021000 rw-p 00000000 00:00 0 
7fb810021000-7fb814000000 ---p 00000000 00:00 0 
7fb814000000-7fb814021000 rw-p 00000000 00:00 0 
7fb814021000-7fb818000000 ---p 00000000 00:00 0 
7fb818a02000-7fb818a05000 ---p 00000000 00:00 0 
7fb818a05000-7fb818b03000 rw-p 00000000 00:00 0                          [stack:7850]
7fb818b03000-7fb818b06000 ---p 00000000 00:00 0 
7fb818b06000-7fb818c04000 rw-p 00000000 00:00 0                          [stack:7849]
7fb818c04000-7fb818c07000 ---p 00000000 00:00 0 
7fb818c07000-7fb818d05000 rw-p 00000000 00:00 0                          [stack:7848]
7fb818d05000-7fb818d08000 ---p 00000000 00:00 0 
7fb818d08000-7fb818e06000 rw-p 00000000 00:00 0                          [stack:7847]
7fb818e06000-7fb818e09000 ---p 00000000 00:00 0 
7fb818e09000-7fb819208000 rw-p 00000000 00:00 0                          [stack:7846]
7fb819208000-7fb819274000 r-xp 00000000 08:05 528199                     /lib/x86_64-linux-gnu/libpcre.so.3.13.1
7fb819274000-7fb819474000 ---p 0006c000 08:05 528199                     /lib/x86_64-linux-gnu/libpcre.so.3.13.1
7fb819474000-7fb819475000 r--p 0006c000 08:05 528199                     /lib/x86_64-linux-gnu/libpcre.so.3.13.1
7fb819475000-7fb819476000 rw-p 0006d000 08:05 528199                     /lib/x86_64-linux-gnu/libpcre.so.3.13.1
7fb819476000-7fb81947d000 r-xp 00000000 08:05 1058416                    /usr/lib/x86_64-linux-gnu/libffi.so.6.0.4
7fb81947d000-7fb81967c000 ---p 00007000 08:05 1058416                    /usr/lib/x86_64-linux-gnu/libffi.so.6.0.4
7fb81967c000-7fb81967d000 r--p 00006000 08:05 1058416                    /usr/lib/x86_64-linux-gnu/libffi.so.6.0.4
7fb81967d000-7fb81967e000 rw-p 00007000 08:05 1058416                    /usr/lib/x86_64-linux-gnu/libffi.so.6.0.4
7fb81967e000-7fb819695000 r-xp 00000000 08:05 562958                     /lib/x86_64-linux-gnu/libresolv-2.21.so
7fb819695000-7fb819895000 ---p 00017000 08:05 562958                     /lib/x86_64-linux-gnu/libresolv-2.21.so
7fb819895000-7fb819896000 r--p 00017000 08:05 562958                     /lib/x86_64-linux-gnu/libresolv-2.21.so
7fb819896000-7fb819897000 rw-p 00018000 08:05 562958                     /lib/x86_64-linux-gnu/libresolv-2.21.so
7fb819897000-7fb819899000 rw-p 00000000 00:00 0 
7fb819899000-7fb8198ba000 r-xp 00000000 08:05 528501                     /lib/x86_64-linux-gnu/libselinux.so.1
7fb8198ba000-7fb819ab9000 ---p 00021000 08:05 528501                     /lib/x86_64-linux-gnu/libselinux.so.1
7fb819ab9000-7fb819aba000 r--p 00020000 08:05 528501                     /lib/x86_64-linux-gnu/libselinux.so.1
7fb819aba000-7fb819abb000 rw-p 00021000 08:05 528501                     /lib/x86_64-linux-gnu/libselinux.so.1
7fb819abb000-7fb819abd000 rw-p 00000000 00:00 0 
7fb819abd000-7fb819ac0000 r-xp 00000000 08:05 1049506                    /usr/lib/x86_64-linux-gnu/libgmodule-2.0.so.0.4600.2
7fb819ac0000-7fb819cbf000 ---p 00003000 08:05 1049506                    /usr/lib/x86_64-linux-gnu/libgmodule-2.0.so.0.4600.2
7fb819cbf000-7fb819cc0000 r--p 00002000 08:05 1049506                    /usr/lib/x86_64-linux-gnu/libgmodule-2.0.so.0.4600.2
7fb819cc0000-7fb819cc1000 rw-p 00003000 08:05 1049506                    /usr/lib/x86_64-linux-gnu/libgmodule-2.0.so.0.4600.2
7fb819cc1000-7fb819dce000 r-xp 00000000 08:05 544499                     /lib/x86_64-linux-gnu/libglib-2.0.so.0.4600.2
7fb819dce000-7fb819fcd000 ---p 0010d000 08:05 544499                     /lib/x86_64-linux-gnu/libglib-2.0.so.0.4600.2
7fb819fcd000-7fb819fce000 r--p 0010c000 08:05 544499                     /lib/x86_64-linux-gnu/libglib-2.0.so.0.4600.2
7fb819fce000-7fb819fcf000 rw-p 0010d000 08:05 544499                     /lib/x86_64-linux-gnu/libglib-2.0.so.0.4600.2
7fb819fcf000-7fb819fd0000 rw-p 00000000 00:00 0 
7fb819fd0000-7fb81a022000 r-xp 00000000 08:05 1049508                    /usr/lib/x86_64-linux-gnu/libgobject-2.0.so.0.4600.2
7fb81a022000-7fb81a221000 ---p 00052000 08:05 1049508                    /usr/lib/x86_64-linux-gnu/libgobject-2.0.so.0.4600.2
7fb81a221000-7fb81a222000 r--p 00051000 08:05 1049508                    /usr/lib/x86_64-linux-gnu/libgobject-2.0.so.0.4600.2
7fb81a222000-7fb81a223000 rw-p 00052000 08:05 1049508                    /usr/lib/x86_64-linux-gnu/libgobject-2.0.so.0.4600.2
7fb81a223000-7fb81a39d000 r-xp 00000000 08:05 1049504                    /usr/lib/x86_64-linux-gnu/libgio-2.0.so.0.4600.2
7fb81a39d000-7fb81a59c000 ---p 0017a000 08:05 1049504                    /usr/lib/x86_64-linux-gnu/libgio-2.0.so.0.4600.2
7fb81a59c000-7fb81a5a0000 r--p 00179000 08:05 1049504                    /usr/lib/x86_64-linux-gnu/libgio-2.0.so.0.4600.2
7fb81a5a0000-7fb81a5a2000 rw-p 0017d000 08:05 1049504                    /usr/lib/x86_64-linux-gnu/libgio-2.0.so.0.4600.2
7fb81a5a2000-7fb81a5a4000 rw-p 00000000 00:00 0 
7fb81a5a4000-7fb81a5bb000 r-xp 00000000 08:05 1067921                    /usr/lib/jvm/java-7-openjdk-amd64/jre/lib/amd64/libnet.so
7fb81a5bb000-7fb81a7bb000 ---p 00017000 08:05 1067921                    /usr/lib/jvm/java-7-openjdk-amd64/jre/lib/amd64/libnet.so
7fb81a7bb000-7fb81a7bc000 r--p 00017000 08:05 1067921                    /usr/lib/jvm/java-7-openjdk-amd64/jre/lib/amd64/libnet.so
7fb81a7bc000-7fb81a7bd000 rw-p 00018000 08:05 1067921                    /usr/lib/jvm/java-7-openjdk-amd64/jre/lib/amd64/libnet.so
7fb81a7bd000-7fb81a7ce000 r-xp 00000000 08:05 1067942                    /usr/lib/jvm/java-7-openjdk-amd64/jre/lib/amd64/libnio.so
7fb81a7ce000-7fb81a9cd000 ---p 00011000 08:05 1067942                    /usr/lib/jvm/java-7-openjdk-amd64/jre/lib/amd64/libnio.so
7fb81a9cd000-7fb81a9ce000 r--p 00010000 08:05 1067942                    /usr/lib/jvm/java-7-openjdk-amd64/jre/lib/amd64/libnio.so
7fb81a9ce000-7fb81a9cf000 rw-p 00011000 08:05 1067942                    /usr/lib/jvm/java-7-openjdk-amd64/jre/lib/amd64/libnio.so
7fb81a9cf000-7fb81a9d0000 ---p 00000000 00:00 0 
7fb81a9d0000-7fb81d000000 rw-p 00000000 00:00 0                          [stack:7844]
7fb81d000000-7fb81d270000 rwxp 00000000 00:00 0 
7fb81d270000-7fb8201c1000 rw-p 00000000 00:00 0 
7fb8201c1000-7fb824000000 ---p 00000000 00:00 0 
7fb8240be000-7fb8240cf000 r--s 000c3000 08:05 704362                     /home/iliak/.gradle/caches/modules-2/files-2.1/com.fasterxml.jackson.core/jackson-databind/2.2.2/3c8f6018eaa72d43b261181e801e6f8676c16ef6/jackson-databind-2.2.2.jar
7fb8240cf000-7fb8240de000 r--s 000df000 08:05 1876128                    /home/iliak/Android/Sdk/build-tools/23.0.2/lib/dx.jar
7fb8240de000-7fb8240e1000 ---p 00000000 00:00 0 
7fb8240e1000-7fb8241df000 rw-p 00000000 00:00 0                          [stack:7843]
7fb8241df000-7fb8241e2000 ---p 00000000 00:00 0 
7fb8241e2000-7fb8242e0000 rw-p 00000000 00:00 0                          [stack:7842]
7fb8242e0000-7fb8242e3000 ---p 00000000 00:00 0 
7fb8242e3000-7fb8243e1000 rw-p 00000000 00:00 0                          [stack:7841]
7fb8243e1000-7fb8243e4000 ---p 00000000 00:00 0 
7fb8243e4000-7fb8244e2000 rw-p 00000000 00:00 0                          [stack:7840]
7fb8244e2000-7fb824bc4000 r--p 00000000 08:05 1055607                    /usr/lib/locale/locale-archive
7fb824bc4000-7fb824bc7000 ---p 00000000 00:00 0 
7fb824bc7000-7fb824cc5000 rw-p 00000000 00:00 0                          [stack:7839]
7fb824cc5000-7fb824cc8000 ---p 00000000 00:00 0 
7fb824cc8000-7fb824dc6000 rw-p 00000000 00:00 0                          [stack:7838]
7fb824dc6000-7fb824dc7000 ---p 00000000 00:00 0 
7fb824dc7000-7fb825ec4000 rw-p 00000000 00:00 0                          [stack:7837]
7fb825ec4000-7fb826075000 r--s 01d30000 08:05 1067955                    /usr/lib/jvm/java-7-openjdk-amd64/jre/lib/rt.jar
7fb826075000-7fb8263c1000 rw-p 00000000 00:00 0 
7fb8263c1000-7fb8263c2000 ---p 00000000 00:00 0 
7fb8263c2000-7fb8264c2000 rw-p 00000000 00:00 0                          [stack:7836]
7fb8264c2000-7fb8264c3000 ---p 00000000 00:00 0 
7fb8264c3000-7fb8265c3000 rw-p 00000000 00:00 0                          [stack:7835]
7fb8265c3000-7fb8265c4000 ---p 00000000 00:00 0 
7fb8265c4000-7fb8266c4000 rw-p 00000000 00:00 0                          [stack:7834]
7fb8266c4000-7fb8266c5000 ---p 00000000 00:00 0 
7fb8266c5000-7fb8267d0000 rw-p 00000000 00:00 0                          [stack:7833]
7fb8267d0000-7fb826818000 rw-p 00000000 00:00 0 
7fb826818000-7fb82682c000 rw-p 00000000 00:00 0 
7fb82682c000-7fb82696e000 rw-p 00000000 00:00 0 
7fb82696e000-7fb826979000 rw-p 00000000 00:00 0 
7fb826979000-7fb8269c1000 rw-p 00000000 00:00 0 
7fb8269c1000-7fb8269d5000 rw-p 00000000 00:00 0 
7fb8269d5000-7fb826b16000 rw-p 00000000 00:00 0 
7fb826b16000-7fb826b65000 rw-p 00000000 00:00 0 
7fb826b65000-7fb826bc1000 rw-p 00000000 00:00 0 
7fb826bc1000-7fb826bc2000 rw-p 00000000 00:00 0 
7fb826bc2000-7fb826bca000 r-xp 00000000 08:05 1067926                    /usr/lib/jvm/java-7-openjdk-amd64/jre/lib/amd64/libzip.so
7fb826bca000-7fb826dc9000 ---p 00008000 08:05 1067926                    /usr/lib/jvm/java-7-openjdk-amd64/jre/lib/amd64/libzip.so
7fb826dc9000-7fb826dca000 r--p 00007000 08:05 1067926                    /usr/lib/jvm/java-7-openjdk-amd64/jre/lib/amd64/libzip.so
7fb826dca000-7fb826dcb000 rw-p 00008000 08:05 1067926                    /usr/lib/jvm/java-7-openjdk-amd64/jre/lib/amd64/libzip.so
7fb826dcb000-7fb826dd7000 r-xp 00000000 08:05 562742                     /lib/x86_64-linux-gnu/libnss_files-2.21.so
7fb826dd7000-7fb826fd6000 ---p 0000c000 08:05 562742                     /lib/x86_64-linux-gnu/libnss_files-2.21.so
7fb826fd6000-7fb826fd7000 r--p 0000b000 08:05 562742                     /lib/x86_64-linux-gnu/libnss_files-2.21.so
7fb826fd7000-7fb826fd8000 rw-p 0000c000 08:05 562742                     /lib/x86_64-linux-gnu/libnss_files-2.21.so
7fb826fd8000-7fb826fe3000 r-xp 00000000 08:05 562950                     /lib/x86_64-linux-gnu/libnss_nis-2.21.so
7fb826fe3000-7fb8271e2000 ---p 0000b000 08:05 562950                     /lib/x86_64-linux-gnu/libnss_nis-2.21.so
7fb8271e2000-7fb8271e3000 r--p 0000a000 08:05 562950                     /lib/x86_64-linux-gnu/libnss_nis-2.21.so
7fb8271e3000-7fb8271e4000 rw-p 0000b000 08:05 562950                     /lib/x86_64-linux-gnu/libnss_nis-2.21.so
7fb8271e4000-7fb8271fb000 r-xp 00000000 08:05 562750                     /lib/x86_64-linux-gnu/libnsl-2.21.so
7fb8271fb000-7fb8273fa000 ---p 00017000 08:05 562750                     /lib/x86_64-linux-gnu/libnsl-2.21.so
7fb8273fa000-7fb8273fb000 r--p 00016000 08:05 562750                     /lib/x86_64-linux-gnu/libnsl-2.21.so
7fb8273fb000-7fb8273fc000 rw-p 00017000 08:05 562750                     /lib/x86_64-linux-gnu/libnsl-2.21.so
7fb8273fc000-7fb8273fe000 rw-p 00000000 00:00 0 
7fb8273fe000-7fb827406000 r-xp 00000000 08:05 562743                     /lib/x86_64-linux-gnu/libnss_compat-2.21.so
7fb827406000-7fb827605000 ---p 00008000 08:05 562743                     /lib/x86_64-linux-gnu/libnss_compat-2.21.so
7fb827605000-7fb827606000 r--p 00007000 08:05 562743                     /lib/x86_64-linux-gnu/libnss_compat-2.21.so
7fb827606000-7fb827607000 rw-p 00008000 08:05 562743                     /lib/x86_64-linux-gnu/libnss_compat-2.21.so
7fb827607000-7fb827633000 r-xp 00000000 08:05 1067912                    /usr/lib/jvm/java-7-openjdk-amd64/jre/lib/amd64/libjava.so
7fb827633000-7fb827832000 ---p 0002c000 08:05 1067912                    /usr/lib/jvm/java-7-openjdk-amd64/jre/lib/amd64/libjava.so
7fb827832000-7fb827833000 r--p 0002b000 08:05 1067912                    /usr/lib/jvm/java-7-openjdk-amd64/jre/lib/amd64/libjava.so
7fb827833000-7fb827835000 rw-p 0002c000 08:05 1067912                    /usr/lib/jvm/java-7-openjdk-amd64/jre/lib/amd64/libjava.so
7fb827835000-7fb827844000 r-xp 00000000 08:05 1067913                    /usr/lib/jvm/java-7-openjdk-amd64/jre/lib/amd64/libverify.so
7fb827844000-7fb827a43000 ---p 0000f000 08:05 1067913                    /usr/lib/jvm/java-7-openjdk-amd64/jre/lib/amd64/libverify.so
7fb827a43000-7fb827a45000 r--p 0000e000 08:05 1067913                    /usr/lib/jvm/java-7-openjdk-amd64/jre/lib/amd64/libverify.so
7fb827a45000-7fb827a46000 rw-p 00010000 08:05 1067913                    /usr/lib/jvm/java-7-openjdk-amd64/jre/lib/amd64/libverify.so
7fb827a46000-7fb827a4d000 r-xp 00000000 08:05 562739                     /lib/x86_64-linux-gnu/librt-2.21.so
7fb827a4d000-7fb827c4c000 ---p 00007000 08:05 562739                     /lib/x86_64-linux-gnu/librt-2.21.so
7fb827c4c000-7fb827c4d000 r--p 00006000 08:05 562739                     /lib/x86_64-linux-gnu/librt-2.21.so
7fb827c4d000-7fb827c4e000 rw-p 00007000 08:05 562739                     /lib/x86_64-linux-gnu/librt-2.21.so
7fb827c4e000-7fb827c64000 r-xp 00000000 08:05 528386                     /lib/x86_64-linux-gnu/libgcc_s.so.1
7fb827c64000-7fb827e63000 ---p 00016000 08:05 528386                     /lib/x86_64-linux-gnu/libgcc_s.so.1
7fb827e63000-7fb827e64000 r--p 00015000 08:05 528386                     /lib/x86_64-linux-gnu/libgcc_s.so.1
7fb827e64000-7fb827e65000 rw-p 00016000 08:05 528386                     /lib/x86_64-linux-gnu/libgcc_s.so.1
7fb827e65000-7fb827f6c000 r-xp 00000000 08:05 562952                     /lib/x86_64-linux-gnu/libm-2.21.so
7fb827f6c000-7fb82816b000 ---p 00107000 08:05 562952                     /lib/x86_64-linux-gnu/libm-2.21.so
7fb82816b000-7fb82816c000 r--p 00106000 08:05 562952                     /lib/x86_64-linux-gnu/libm-2.21.so
7fb82816c000-7fb82816d000 rw-p 00107000 08:05 562952                     /lib/x86_64-linux-gnu/libm-2.21.so
7fb82816d000-7fb8282e0000 r-xp 00000000 08:05 1059073                    /usr/lib/x86_64-linux-gnu/libstdc++.so.6.0.21
7fb8282e0000-7fb8284df000 ---p 00173000 08:05 1059073                    /usr/lib/x86_64-linux-gnu/libstdc++.so.6.0.21
7fb8284df000-7fb8284e9000 r--p 00172000 08:05 1059073                    /usr/lib/x86_64-linux-gnu/libstdc++.so.6.0.21
7fb8284e9000-7fb8284eb000 rw-p 0017c000 08:05 1059073                    /usr/lib/x86_64-linux-gnu/libstdc++.so.6.0.21
7fb8284eb000-7fb8284ef000 rw-p 00000000 00:00 0 
7fb8284ef000-7fb829040000 r-xp 00000000 08:05 1067924                    /usr/lib/jvm/java-7-openjdk-amd64/jre/lib/amd64/server/libjvm.so
7fb829040000-7fb82923f000 ---p 00b51000 08:05 1067924                    /usr/lib/jvm/java-7-openjdk-amd64/jre/lib/amd64/server/libjvm.so
7fb82923f000-7fb8292d0000 r--p 00b50000 08:05 1067924                    /usr/lib/jvm/java-7-openjdk-amd64/jre/lib/amd64/server/libjvm.so
7fb8292d0000-7fb8292f3000 rw-p 00be1000 08:05 1067924                    /usr/lib/jvm/java-7-openjdk-amd64/jre/lib/amd64/server/libjvm.so
7fb8292f3000-7fb82931e000 rw-p 00000000 00:00 0 
7fb82931e000-7fb829337000 r-xp 00000000 08:05 528532                     /lib/x86_64-linux-gnu/libz.so.1.2.8
7fb829337000-7fb829536000 ---p 00019000 08:05 528532                     /lib/x86_64-linux-gnu/libz.so.1.2.8
7fb829536000-7fb829537000 r--p 00018000 08:05 528532                     /lib/x86_64-linux-gnu/libz.so.1.2.8
7fb829537000-7fb829538000 rw-p 00019000 08:05 528532                     /lib/x86_64-linux-gnu/libz.so.1.2.8
7fb829538000-7fb829550000 r-xp 00000000 08:05 562741                     /lib/x86_64-linux-gnu/libpthread-2.21.so
7fb829550000-7fb829750000 ---p 00018000 08:05 562741                     /lib/x86_64-linux-gnu/libpthread-2.21.so
7fb829750000-7fb829751000 r--p 00018000 08:05 562741                     /lib/x86_64-linux-gnu/libpthread-2.21.so
7fb829751000-7fb829752000 rw-p 00019000 08:05 562741                     /lib/x86_64-linux-gnu/libpthread-2.21.so
7fb829752000-7fb829756000 rw-p 00000000 00:00 0 
7fb829756000-7fb829759000 r-xp 00000000 08:05 562949                     /lib/x86_64-linux-gnu/libdl-2.21.so
7fb829759000-7fb829958000 ---p 00003000 08:05 562949                     /lib/x86_64-linux-gnu/libdl-2.21.so
7fb829958000-7fb829959000 r--p 00002000 08:05 562949                     /lib/x86_64-linux-gnu/libdl-2.21.so
7fb829959000-7fb82995a000 rw-p 00003000 08:05 562949                     /lib/x86_64-linux-gnu/libdl-2.21.so
7fb82995a000-7fb829b1a000 r-xp 00000000 08:05 562954                     /lib/x86_64-linux-gnu/libc-2.21.so
7fb829b1a000-7fb829d1a000 ---p 001c0000 08:05 562954                     /lib/x86_64-linux-gnu/libc-2.21.so
7fb829d1a000-7fb829d1e000 r--p 001c0000 08:05 562954                     /lib/x86_64-linux-gnu/libc-2.21.so
7fb829d1e000-7fb829d20000 rw-p 001c4000 08:05 562954                     /lib/x86_64-linux-gnu/libc-2.21.so
7fb829d20000-7fb829d24000 rw-p 00000000 00:00 0 
7fb829d24000-7fb829d31000 r-xp 00000000 08:05 1067939                    /usr/lib/jvm/java-7-openjdk-amd64/jre/lib/amd64/jli/libjli.so
7fb829d31000-7fb829f30000 ---p 0000d000 08:05 1067939                    /usr/lib/jvm/java-7-openjdk-amd64/jre/lib/amd64/jli/libjli.so
7fb829f30000-7fb829f31000 r--p 0000c000 08:05 1067939                    /usr/lib/jvm/java-7-openjdk-amd64/jre/lib/amd64/jli/libjli.so
7fb829f31000-7fb829f32000 rw-p 0000d000 08:05 1067939                    /usr/lib/jvm/java-7-openjdk-amd64/jre/lib/amd64/jli/libjli.so
7fb829f32000-7fb829f56000 r-xp 00000000 08:05 562943                     /lib/x86_64-linux-gnu/ld-2.21.so
7fb829f56000-7fb829f79000 rw-p 00000000 00:00 0 
7fb829f79000-7fb82a02f000 rw-p 00000000 00:00 0 
7fb82a02f000-7fb82a032000 ---p 00000000 00:00 0 
7fb82a032000-7fb82a135000 rw-p 00000000 00:00 0                          [stack:7832]
7fb82a135000-7fb82a138000 r--s 0000f000 08:05 1067968                    /usr/lib/jvm/java-7-openjdk-amd64/jre/lib/ext/icedtea-sound.jar
7fb82a138000-7fb82a13a000 r--s 00007000 08:05 1458155                    /usr/share/java/java-atk-wrapper.jar
7fb82a13a000-7fb82a13e000 r--s 00034000 08:05 1067967                    /usr/lib/jvm/java-7-openjdk-amd64/jre/lib/ext/sunjce_provider.jar
7fb82a13e000-7fb82a140000 r--s 00012000 08:05 1067966                    /usr/lib/jvm/java-7-openjdk-amd64/jre/lib/ext/zipfs.jar
7fb82a140000-7fb82a144000 r--s 0003c000 08:05 1067971                    /usr/lib/jvm/java-7-openjdk-amd64/jre/lib/ext/sunpkcs11.jar
7fb82a144000-7fb82a145000 r--s 00002000 08:05 1067965                    /usr/lib/jvm/java-7-openjdk-amd64/jre/lib/ext/dnsns.jar
7fb82a145000-7fb82a149000 r--s 00085000 08:05 1067970                    /usr/lib/jvm/java-7-openjdk-amd64/jre/lib/ext/localedata.jar
7fb82a149000-7fb82a151000 rw-s 00000000 08:05 705005                     /tmp/hsperfdata_iliak/7828
7fb82a151000-7fb82a152000 rw-p 00000000 00:00 0 
7fb82a152000-7fb82a153000 ---p 00000000 00:00 0 
7fb82a153000-7fb82a155000 rw-p 00000000 00:00 0 
7fb82a155000-7fb82a156000 r--p 00023000 08:05 562943                     /lib/x86_64-linux-gnu/ld-2.21.so
7fb82a156000-7fb82a157000 rw-p 00024000 08:05 562943                     /lib/x86_64-linux-gnu/ld-2.21.so
7fb82a157000-7fb82a158000 rw-p 00000000 00:00 0 
7ffcc9b72000-7ffcc9b93000 rw-p 00000000 00:00 0                          [stack]
7ffcc9bd8000-7ffcc9bda000 r--p 00000000 00:00 0                          [vvar]
7ffcc9bda000-7ffcc9bdc000 r-xp 00000000 00:00 0                          [vdso]
ffffffffff600000-ffffffffff601000 r-xp 00000000 00:00 0                  [vsyscall]

VM Arguments:
jvm_args: -Djava.awt.headless=true -Xmx1024M -Dfile.encoding=UTF-8 -Duser.country=US -Duser.language=en -Duser.variant 
java_command: com.android.dx.command.Main --dex --force-jumbo --num-threads=4 --output /home/iliak/AndroidStudioProjects/world_statistic/app/build/intermediates/pre-dexed/debug/jackson-databind-2.2.2_294c4e8eedd0910235099d24e1b67afa169064dd.jar /home/iliak/.gradle/caches/modules-2/files-2.1/com.fasterxml.jackson.core/jackson-databind/2.2.2/3c8f6018eaa72d43b261181e801e6f8676c16ef6/jackson-databind-2.2.2.jar
Launcher Type: SUN_STANDARD

Environment Variables:
PATH=/usr/local/sbin:/usr/local/bin:/usr/sbin:/usr/bin:/sbin:/bin:/usr/games:/usr/local/games
SHELL=/bin/bash
DISPLAY=:0

Signal Handlers:
SIGSEGV: [libjvm.so+0x995450], sa_mask[0]=0x7ffbfeff, sa_flags=0x10000004
SIGBUS: [libjvm.so+0x995450], sa_mask[0]=0x7ffbfeff, sa_flags=0x10000004
SIGFPE: [libjvm.so+0x7fc6a0], sa_mask[0]=0x7ffbfeff, sa_flags=0x10000004
SIGPIPE: [libjvm.so+0x7fc6a0], sa_mask[0]=0x7ffbfeff, sa_flags=0x10000004
SIGXFSZ: [libjvm.so+0x7fc6a0], sa_mask[0]=0x7ffbfeff, sa_flags=0x10000004
SIGILL: [libjvm.so+0x7fc6a0], sa_mask[0]=0x7ffbfeff, sa_flags=0x10000004
SIGUSR1: SIG_DFL, sa_mask[0]=0x00000000, sa_flags=0x00000000
SIGUSR2: [libjvm.so+0x7fc520], sa_mask[0]=0x00000004, sa_flags=0x10000004
SIGHUP: [libjvm.so+0x7fc6b0], sa_mask[0]=0x7ffbfeff, sa_flags=0x10000004
SIGINT: [libjvm.so+0x7fc6b0], sa_mask[0]=0x7ffbfeff, sa_flags=0x10000004
SIGTERM: [libjvm.so+0x7fc6b0], sa_mask[0]=0x7ffbfeff, sa_flags=0x10000004
SIGQUIT: [libjvm.so+0x7fc6b0], sa_mask[0]=0x7ffbfeff, sa_flags=0x10000004
SIGTRAP: SIG_DFL, sa_mask[0]=0x00000000, sa_flags=0x00000000


---------------  S Y S T E M  ---------------

OS:Ubuntu 15.10 (wily)
uname:Linux 4.2.0-34-generic #39-Ubuntu SMP Thu Mar 10 22:13:01 UTC 2016 x86_64
libc:glibc 2.21 NPTL 2.21 
rlimit: STACK 8192k, CORE 0k, NPROC 15303, NOFILE 65536, AS infinity
load average:16.87 13.00 8.30

/proc/meminfo:
MemTotal:        3952276 kB
MemFree:           36396 kB
MemAvailable:     136448 kB
Buffers:            4524 kB
Cached:           355280 kB
SwapCached:            0 kB
Active:          3456564 kB
Inactive:         285596 kB
Active(anon):    3389316 kB
Inactive(anon):   255408 kB
Active(file):      67248 kB
Inactive(file):    30188 kB
Unevictable:          32 kB
Mlocked:              32 kB
SwapTotal:             0 kB
SwapFree:              0 kB
Dirty:               204 kB
Writeback:             0 kB
AnonPages:       3382748 kB
Mapped:           179436 kB
Shmem:            262100 kB
Slab:              69572 kB
SReclaimable:      32004 kB
SUnreclaim:        37568 kB
KernelStack:       10784 kB
PageTables:        52180 kB
NFS_Unstable:          0 kB
Bounce:                0 kB
WritebackTmp:          0 kB
CommitLimit:     1976136 kB
Committed_AS:    8471592 kB
VmallocTotal:   34359738367 kB
VmallocUsed:      347620 kB
VmallocChunk:   34358947836 kB
HardwareCorrupted:     0 kB
AnonHugePages:   1804288 kB
CmaTotal:              0 kB
CmaFree:               0 kB
HugePages_Total:       0
HugePages_Free:        0
HugePages_Rsvd:        0
HugePages_Surp:        0
Hugepagesize:       2048 kB
DirectMap4k:      170140 kB
DirectMap2M:     3930112 kB


CPU:total 4 (2 cores per cpu, 2 threads per core) family 6 model 42 stepping 7, cmov, cx8, fxsr, mmx, sse, sse2, sse3, ssse3, sse4.1, sse4.2, popcnt, avx, ht, tsc, tscinvbit

/proc/cpuinfo:
processor	: 0
vendor_id	: GenuineIntel
cpu family	: 6
model		: 42
model name	: Intel(R) Core(TM) i3-2310M CPU @ 2.10GHz
stepping	: 7
microcode	: 0x29
cpu MHz		: 799.968
cache size	: 3072 KB
physical id	: 0
siblings	: 4
core id		: 0
cpu cores	: 2
apicid		: 0
initial apicid	: 0
fpu		: yes
fpu_exception	: yes
cpuid level	: 13
wp		: yes
flags		: fpu vme de pse tsc msr pae mce cx8 apic sep mtrr pge mca cmov pat pse36 clflush dts acpi mmx fxsr sse sse2 ss ht tm pbe syscall nx rdtscp lm constant_tsc arch_perfmon pebs bts rep_good nopl xtopology nonstop_tsc aperfmperf eagerfpu pni pclmulqdq dtes64 monitor ds_cpl vmx est tm2 ssse3 cx16 xtpr pdcm pcid sse4_1 sse4_2 x2apic popcnt tsc_deadline_timer xsave avx lahf_lm arat epb pln pts dtherm tpr_shadow vnmi flexpriority ept vpid xsaveopt
bugs		:
bogomips	: 4190.70
clflush size	: 64
cache_alignment	: 64
address sizes	: 36 bits physical, 48 bits virtual
power management:

processor	: 1
vendor_id	: GenuineIntel
cpu family	: 6
model		: 42
model name	: Intel(R) Core(TM) i3-2310M CPU @ 2.10GHz
stepping	: 7
microcode	: 0x29
cpu MHz		: 799.968
cache size	: 3072 KB
physical id	: 0
siblings	: 4
core id		: 1
cpu cores	: 2
apicid		: 2
initial apicid	: 2
fpu		: yes
fpu_exception	: yes
cpuid level	: 13
wp		: yes
flags		: fpu vme de pse tsc msr pae mce cx8 apic sep mtrr pge mca cmov pat pse36 clflush dts acpi mmx fxsr sse sse2 ss ht tm pbe syscall nx rdtscp lm constant_tsc arch_perfmon pebs bts rep_good nopl xtopology nonstop_tsc aperfmperf eagerfpu pni pclmulqdq dtes64 monitor ds_cpl vmx est tm2 ssse3 cx16 xtpr pdcm pcid sse4_1 sse4_2 x2apic popcnt tsc_deadline_timer xsave avx lahf_lm arat epb pln pts dtherm tpr_shadow vnmi flexpriority ept vpid xsaveopt
bugs		:
bogomips	: 4190.70
clflush size	: 64
cache_alignment	: 64
address sizes	: 36 bits physical, 48 bits virtual
power management:

processor	: 2
vendor_id	: GenuineIntel
cpu family	: 6
model		: 42
model name	: Intel(R) Core(TM) i3-2310M CPU @ 2.10GHz
stepping	: 7
microcode	: 0x29
cpu MHz		: 799.968
cache size	: 3072 KB
physical id	: 0
siblings	: 4
core id		: 0
cpu cores	: 2
apicid		: 1
initial apicid	: 1
fpu		: yes
fpu_exception	: yes
cpuid level	: 13
wp		: yes
flags		: fpu vme de pse tsc msr pae mce cx8 apic sep mtrr pge mca cmov pat pse36 clflush dts acpi mmx fxsr sse sse2 ss ht tm pbe syscall nx rdtscp lm constant_tsc arch_perfmon pebs bts rep_good nopl xtopology nonstop_tsc aperfmperf eagerfpu pni pclmulqdq dtes64 monitor ds_cpl vmx est tm2 ssse3 cx16 xtpr pdcm pcid sse4_1 sse4_2 x2apic popcnt tsc_deadline_timer xsave avx lahf_lm arat epb pln pts dtherm tpr_shadow vnmi flexpriority ept vpid xsaveopt
bugs		:
bogomips	: 4190.70
clflush size	: 64
cache_alignment	: 64
address sizes	: 36 bits physical, 48 bits virtual
power management:

processor	: 3
vendor_id	: GenuineIntel
cpu family	: 6
model		: 42
model name	: Intel(R) Core(TM) i3-2310M CPU @ 2.10GHz
stepping	: 7
microcode	: 0x29
cpu MHz		: 799.968
cache size	: 3072 KB
physical id	: 0
siblings	: 4
core id		: 1
cpu cores	: 2
apicid		: 3
initial apicid	: 3
fpu		: yes
fpu_exception	: yes
cpuid level	: 13
wp		: yes
flags		: fpu vme de pse tsc msr pae mce cx8 apic sep mtrr pge mca cmov pat pse36 clflush dts acpi mmx fxsr sse sse2 ss ht tm pbe syscall nx rdtscp lm constant_tsc arch_perfmon pebs bts rep_good nopl xtopology nonstop_tsc aperfmperf eagerfpu pni pclmulqdq dtes64 monitor ds_cpl vmx est tm2 ssse3 cx16 xtpr pdcm pcid sse4_1 sse4_2 x2apic popcnt tsc_deadline_timer xsave avx lahf_lm arat epb pln pts dtherm tpr_shadow vnmi flexpriority ept vpid xsaveopt
bugs		:
bogomips	: 4190.70
clflush size	: 64
cache_alignment	: 64
address sizes	: 36 bits physical, 48 bits virtual
power management:



Memory: 4k page, physical 3952276k(36396k free), swap 0k(0k free)

vm_info: OpenJDK 64-Bit Server VM (24.95-b01) for linux-amd64 JRE (1.7.0_95-b00), built on Mar 24 2016 06:07:15 by "buildd" with gcc 5.2.1 20151010

time: Fri Apr  8 21:24:19 2016
elapsed time: 73 seconds

